2021-01-26_17:10:34 519000 Price: 72,76
2021-01-26_17:20:33 519000 Price: 72,46
2021-01-26_17:30:33 519000 Price: 72,25
2021-01-26_17:40:33 519000 Price: 72,14
2021-01-26_17:50:34 519000 Price: 71,98
2021-01-26_18:00:34 519000 Price: 71,82
2021-01-26_18:10:34 519000 Price: 71,83
2021-01-26_18:20:33 519000 Price: 71,83
2021-01-26_18:30:33 519000 Price: 71,88
2021-01-26_18:40:34 519000 Price: 71,92
2021-01-26_18:50:34 519000 Price: 71,87
2021-01-26_19:00:34 519000 Price: 71,90
2021-01-26_19:10:33 519000 Price: 71,90
2021-01-26_19:20:34 519000 Price: 72,17
2021-01-26_19:30:34 519000 Price: 71,92
2021-01-26_19:40:34 519000 Price: 71,80
2021-01-26_19:50:35 519000 Price: 71,80
2021-01-26_20:00:34 519000 Price: 71,80
2021-01-26_20:10:34 519000 Price: 71,80
2021-01-26_20:20:33 519000 Price: 71,94
2021-01-26_20:30:34 519000 Price: 71,95
2021-01-26_20:40:33 519000 Price: 71,93
2021-01-26_20:50:34 519000 Price: 71,99
2021-01-26_21:00:34 519000 Price: 71,99
2021-01-26_21:10:34 519000 Price: 71,99
2021-01-26_21:20:34 519000 Price: 71,95
2021-01-26_21:30:34 519000 Price: 71,94
2021-01-26_21:40:34 519000 Price: 71,94
2021-01-26_21:50:34 519000 Price: 71,94
2021-01-26_22:00:34 519000 Price: 71,94
2021-01-26_22:10:34 519000 Price: 71,94
2021-01-26_22:20:34 519000 Price: 71,94
2021-01-26_22:30:35 519000 Price: 71,94
2021-01-26_22:40:35 519000 Price: 71,94
2021-01-26_22:50:34 519000 Price: 71,94
2021-01-26_23:00:35 519000 Price: 71,94
2021-01-26_23:10:34 519000 Price: 71,94
2021-01-26_23:20:34 519000 Price: 71,94
2021-01-26_23:30:34 519000 Price: 71,94
2021-01-26_23:40:34 519000 Price: 71,94
2021-01-26_23:50:34 519000 Price: 71,94
2021-01-27_00:00:34 519000 Price: 71,94
2021-01-27_00:10:34 519000 Price: 71,94
2021-01-27_00:30:35 519000 Price: 71,94
2021-01-27_00:40:34 519000 Price: 71,94
2021-01-27_00:50:34 519000 Price: 71,94
2021-01-27_01:00:35 519000 Price: 71,94
2021-01-27_01:10:34 519000 Price: 71,94
2021-01-27_01:20:34 519000 Price: 71,94
2021-01-27_01:30:34 519000 Price: 71,94
2021-01-27_01:40:34 519000 Price: 71,94
2021-01-27_01:50:34 519000 Price: 71,94
2021-01-27_02:00:34 519000 Price: 71,94
2021-01-27_02:10:34 519000 Price: 71,94
2021-01-27_02:20:34 519000 Price: 71,94
2021-01-27_02:30:34 519000 Price: 71,94
2021-01-27_02:40:34 519000 Price: 71,94
2021-01-27_02:50:34 519000 Price: 71,94
2021-01-27_03:00:34 519000 Price: 71,94
2021-01-27_03:10:34 519000 Price: 71,94
2021-01-27_03:20:34 519000 Price: 71,94
2021-01-27_03:30:35 519000 Price: 71,94
2021-01-27_03:40:35 519000 Price: 71,94
2021-01-27_03:50:35 519000 Price: 71,94
2021-01-27_04:00:34 519000 Price: 71,94
2021-01-27_04:10:34 519000 Price: 71,94
2021-01-27_04:20:34 519000 Price: 71,94
2021-01-27_04:30:35 519000 Price: 71,94
2021-01-27_04:40:34 519000 Price: 71,94
2021-01-27_04:50:34 519000 Price: 71,94
2021-01-27_05:00:35 519000 Price: 71,94
2021-01-27_05:10:34 519000 Price: 71,94
2021-01-27_05:20:35 519000 Price: 71,94
2021-01-27_05:30:34 519000 Price: 71,94
2021-01-27_05:40:34 519000 Price: 71,94
2021-01-27_05:50:35 519000 Price: 71,94
2021-01-27_06:00:34 519000 Price: 71,94
2021-01-27_06:10:34 519000 Price: 71,94
2021-01-27_06:20:34 519000 Price: 71,94
2021-01-27_06:30:34 519000 Price: 71,94
2021-01-27_06:40:34 519000 Price: 71,94
2021-01-27_06:50:35 519000 Price: 71,94
2021-01-27_07:00:34 519000 Price: 71,94
2021-01-27_07:10:34 519000 Price: 71,94
2021-01-27_07:20:34 519000 Price: 71,94
2021-01-27_07:30:35 519000 Price: 71,94
2021-01-27_07:40:35 519000 Price: 71,94
2021-01-27_07:50:35 519000 Price: 71,94
2021-01-27_08:00:34 519000 Price: 71,94
2021-01-27_08:10:34 519000 Price: 71,90
2021-01-27_08:20:34 519000 Price: 71,90
2021-01-27_08:30:34 519000 Price: 71,86
2021-01-27_08:40:34 519000 Price: 71,98
2021-01-27_08:50:34 519000 Price: 71,82
2021-01-27_09:00:34 519000 Price: 71,91
2021-01-27_09:10:34 519000 Price: 71,50
2021-01-27_09:20:34 519000 Price: 71,85
2021-01-27_09:30:35 519000 Price: 71,79
2021-01-27_09:40:34 519000 Price: 71,42
2021-01-27_09:50:34 519000 Price: 71,33
2021-01-27_10:00:35 519000 Price: 71,38
2021-01-27_10:10:35 519000 Price: 71,53
2021-01-27_10:20:35 519000 Price: 71,53
2021-01-27_10:30:35 519000 Price: 71,88
2021-01-27_10:40:35 519000 Price: 71,87
2021-01-27_10:50:35 519000 Price: 71,88
2021-01-27_11:00:34 519000 Price: 71,61
2021-01-27_11:10:34 519000 Price: 71,61
2021-01-27_11:20:34 519000 Price: 71,79
2021-01-27_11:30:34 519000 Price: 71,78
2021-01-27_11:40:34 519000 Price: 71,93
2021-01-27_11:50:34 519000 Price: 71,79
2021-01-27_12:00:34 519000 Price: 71,78
2021-01-27_12:10:34 519000 Price: 71,78
2021-01-27_12:20:34 519000 Price: 71,82
2021-01-27_12:30:34 519000 Price: 71,73
2021-01-27_12:40:34 519000 Price: 71,69
2021-01-27_12:50:34 519000 Price: 71,51
2021-01-27_13:00:35 519000 Price: 71,37
2021-01-27_13:10:34 519000 Price: 71,45
2021-01-27_13:20:35 519000 Price: 71,66
2021-01-27_13:30:35 519000 Price: 71,49
2021-01-27_13:40:34 519000 Price: 71,39
2021-01-27_13:50:35 519000 Price: 71,24
2021-01-27_14:00:34 519000 Price: 71,26
2021-01-27_14:10:34 519000 Price: 71,23
2021-01-27_14:20:34 519000 Price: 71,30
2021-01-27_14:30:34 519000 Price: 71,40
2021-01-27_14:40:34 519000 Price: 71,30
2021-01-27_14:50:34 519000 Price: 71,21
2021-01-27_15:00:34 519000 Price: 71,31
2021-01-27_15:10:34 519000 Price: 70,99
2021-01-27_15:20:34 519000 Price: 70,68
2021-01-27_15:30:34 519000 Price: 71,02
2021-01-27_15:40:34 519000 Price: 71,10
2021-01-27_15:50:34 519000 Price: 70,79
2021-01-27_16:00:34 519000 Price: 70,79
2021-01-27_16:10:34 519000 Price: 70,72
2021-01-27_16:20:35 519000 Price: 70,68
2021-01-27_16:30:34 519000 Price: 70,99
2021-01-27_16:40:34 519000 Price: 70,95
2021-01-27_16:50:34 519000 Price: 70,89
2021-01-27_17:00:34 519000 Price: 70,84
2021-01-27_17:10:34 519000 Price: 71,11
2021-01-27_17:20:34 519000 Price: 71,11
2021-01-27_17:30:34 519000 Price: 71,04
2021-01-27_17:40:35 519000 Price: 71,23
2021-01-27_17:50:35 519000 Price: 71,35
2021-01-27_18:00:34 519000 Price: 71,10
2021-01-27_18:10:34 519000 Price: 71,09
2021-01-27_18:20:35 519000 Price: 72,01
2021-01-27_18:30:34 519000 Price: 72,15
2021-01-27_18:40:34 519000 Price: 71,74
2021-01-27_18:50:34 519000 Price: 71,72
2021-01-27_19:00:34 519000 Price: 71,72
2021-01-27_19:10:35 519000 Price: 71,42
2021-01-27_19:20:35 519000 Price: 71,74
2021-01-27_19:30:34 519000 Price: 71,42
2021-01-27_19:40:34 519000 Price: 71,42
2021-01-27_19:50:34 519000 Price: 71,41
2021-01-27_20:00:34 519000 Price: 71,42
2021-01-27_20:10:34 519000 Price: 71,42
2021-01-27_20:20:35 519000 Price: 71,52
2021-01-27_20:30:34 519000 Price: 71,43
2021-01-27_20:40:34 519000 Price: 71,03
2021-01-27_20:50:34 519000 Price: 71,03
2021-01-27_21:00:34 519000 Price: 71,03
2021-01-27_21:20:34 519000 Price: 70,93
2021-01-27_21:30:34 519000 Price: 70,72
2021-01-27_21:40:34 519000 Price: 70,72
2021-01-27_21:50:34 519000 Price: 70,72
2021-01-27_22:00:35 519000 Price: 71,00
2021-01-27_22:10:35 519000 Price: 71,00
2021-01-27_22:20:34 519000 Price: 71,00
2021-01-27_22:30:34 519000 Price: 71,00
2021-01-27_22:40:34 519000 Price: 71,00
2021-01-27_22:50:35 519000 Price: 71,00
2021-01-27_23:00:35 519000 Price: 71,00
2021-01-27_23:10:36 519000 Price: 71,00
2021-01-27_23:20:35 519000 Price: 71,00
2021-01-27_23:30:35 519000 Price: 71,00
2021-01-27_23:40:34 519000 Price: 71,00
2021-01-27_23:50:34 519000 Price: 71,00
2021-01-28_00:00:35 519000 Price: 71,00
2021-01-28_00:10:35 519000 Price: 71,00
2021-01-28_00:20:34 519000 Price: 71,00
2021-01-28_00:30:34 519000 Price: 71,00
2021-01-28_00:40:34 519000 Price: 71,00
2021-01-28_00:50:34 519000 Price: 71,00
2021-01-28_01:00:34 519000 Price: 71,00
2021-01-28_01:10:34 519000 Price: 71,00
2021-01-28_01:20:35 519000 Price: 71,00
2021-01-28_01:30:35 519000 Price: 71,00
2021-01-28_01:40:35 519000 Price: 71,00
2021-01-28_01:50:34 519000 Price: 71,00
2021-01-28_02:00:34 519000 Price: 71,00
2021-01-28_02:10:34 519000 Price: 71,00
2021-01-28_02:20:34 519000 Price: 71,00
2021-01-28_02:30:34 519000 Price: 71,00
2021-01-28_02:40:35 519000 Price: 71,00
2021-01-28_02:50:35 519000 Price: 71,00
2021-01-28_03:00:35 519000 Price: 71,00
2021-01-28_03:10:34 519000 Price: 71,00
2021-01-28_03:20:35 519000 Price: 71,00
2021-01-28_03:30:35 519000 Price: 71,00
2021-01-28_03:40:35 519000 Price: 71,00
2021-01-28_03:50:34 519000 Price: 71,00
2021-01-28_04:00:35 519000 Price: 71,00
2021-01-28_04:10:34 519000 Price: 71,00
2021-01-28_04:20:35 519000 Price: 71,00
2021-01-28_04:30:35 519000 Price: 71,00
2021-01-28_04:40:34 519000 Price: 71,00
2021-01-28_04:50:34 519000 Price: 71,00
2021-01-28_05:00:34 519000 Price: 71,00
2021-01-28_05:10:35 519000 Price: 71,00
2021-01-28_05:20:35 519000 Price: 71,00
2021-01-28_05:30:34 519000 Price: 71,00
2021-01-28_05:40:35 519000 Price: 71,00
2021-01-28_05:50:35 519000 Price: 71,00
2021-01-28_06:00:34 519000 Price: 71,00
2021-01-28_06:10:34 519000 Price: 71,00
2021-01-28_06:20:35 519000 Price: 71,00
2021-01-28_06:30:35 519000 Price: 71,00
2021-01-28_06:40:34 519000 Price: 71,00
2021-01-28_06:50:35 519000 Price: 71,00
2021-01-28_07:00:34 519000 Price: 71,00
2021-01-28_07:10:35 519000 Price: 71,00
2021-01-28_07:20:34 519000 Price: 71,00
2021-01-28_07:30:35 519000 Price: 71,00
2021-01-28_07:40:34 519000 Price: 71,00
2021-01-28_07:50:34 519000 Price: 71,00
2021-01-28_08:00:35 519000 Price: 71,00
2021-01-28_08:10:34 519000 Price: 70,53
2021-01-28_08:20:34 519000 Price: 70,53
2021-01-28_08:30:34 519000 Price: 70,02
2021-01-28_08:40:35 519000 Price: 70,04
2021-01-28_08:50:34 519000 Price: 70,04
2021-01-28_09:00:34 519000 Price: 70,64
2021-01-28_09:10:35 519000 Price: 69,84
2021-01-28_09:20:34 519000 Price: 70,03
2021-01-28_09:30:34 519000 Price: 70,03
2021-01-28_09:40:35 519000 Price: 69,56
2021-01-28_09:50:35 519000 Price: 69,21
2021-01-28_10:00:35 519000 Price: 69,04
2021-01-28_10:10:35 519000 Price: 69,04
2021-01-28_10:18:28 519000 Price: 68,61
2021-01-28_10:19:33 519000 Price: 68,61
2021-01-28_10:29:32 519000 Price: 68,45
2021-01-28_10:39:32 519000 Price: 68,81
2021-01-28_10:49:32 519000 Price: 68,87
2021-01-28_10:59:32 519000 Price: 69,00
2021-01-28_11:09:33 519000 Price: 69,16
2021-01-28_11:19:32 519000 Price: 69,10
2021-01-28_11:29:32 519000 Price: 69,40
2021-01-28_11:39:32 519000 Price: 69,60
2021-01-28_11:49:33 519000 Price: 69,56
2021-01-28_11:59:33 519000 Price: 69,59
2021-01-28_12:09:33 519000 Price: 69,41
2021-01-28_12:19:33 519000 Price: 69,54
2021-01-28_12:29:33 519000 Price: 69,83
2021-01-28_12:39:32 519000 Price: 69,91
2021-01-28_12:49:33 519000 Price: 69,75
2021-01-28_12:59:33 519000 Price: 69,80
2021-01-28_13:09:33 519000 Price: 69,74
2021-01-28_13:19:33 519000 Price: 69,70
2021-01-28_13:29:33 519000 Price: 69,66
2021-01-28_13:39:33 519000 Price: 69,55
2021-01-28_13:49:33 519000 Price: 69,63
2021-01-28_13:59:33 519000 Price: 69,63
2021-01-28_14:19:33 519000 Price: 69,61
2021-01-28_14:29:33 519000 Price: 69,59
2021-01-28_14:39:33 519000 Price: 69,96
2021-01-28_14:49:33 519000 Price: 70,00
2021-01-28_14:59:33 519000 Price: 70,19
2021-01-28_15:09:33 519000 Price: 70,37
2021-01-28_15:19:33 519000 Price: 70,33
2021-01-28_15:29:33 519000 Price: 70,40
2021-01-28_15:39:33 519000 Price: 70,43
2021-01-28_15:49:33 519000 Price: 70,71
2021-01-28_15:59:33 519000 Price: 70,82
2021-01-28_16:09:33 519000 Price: 70,80
2021-01-28_16:19:33 519000 Price: 70,51
2021-01-28_16:29:33 519000 Price: 70,76
2021-01-28_16:39:33 519000 Price: 70,85
2021-01-28_16:49:33 519000 Price: 70,89
2021-01-28_16:59:33 519000 Price: 70,84
2021-01-28_17:09:34 519000 Price: 70,84
2021-01-28_17:19:34 519000 Price: 70,84
2021-01-28_17:49:33 519000 Price: 70,84
2021-01-28_17:59:34 519000 Price: 70,76
2021-01-28_18:09:49 519000 Price: 70,82
2021-01-28_18:16:05 519000 Price: 70,82
2021-01-28_18:26:04 519000 Price: 70,91
2021-01-28_18:36:05 519000 Price: 71,00
2021-01-28_18:46:04 519000 Price: 70,82
2021-01-28_18:56:04 519000 Price: 70,84
2021-01-28_19:06:07 519000 Price: 70,83
2021-01-28_19:16:06 519000 Price: 70,82
2021-01-28_19:26:05 519000 Price: 70,78
2021-01-28_19:36:05 519000 Price: 70,84
2021-01-28_19:46:04 519000 Price: 70,95
2021-01-28_19:56:04 519000 Price: 70,91
2021-01-28_20:06:04 519000 Price: 70,90
2021-01-28_20:16:04 519000 Price: 70,85
2021-01-28_20:26:05 519000 Price: 71,00
2021-01-28_20:36:04 519000 Price: 71,17
2021-01-28_20:46:04 519000 Price: 71,05
2021-01-28_20:56:04 519000 Price: 71,08
2021-01-28_21:06:04 519000 Price: 71,03
2021-01-28_21:16:05 519000 Price: 71,00
2021-01-28_21:26:05 519000 Price: 71,03
2021-01-28_21:36:04 519000 Price: 71,02
2021-01-28_21:46:04 519000 Price: 70,97
2021-01-28_21:56:04 519000 Price: 71,05
2021-01-28_22:06:05 519000 Price: 71,03
2021-01-28_22:16:05 519000 Price: 71,03
2021-01-28_22:26:05 519000 Price: 71,03
2021-01-28_22:36:04 519000 Price: 71,03
2021-01-28_22:46:06 519000 Price: 71,03
2021-01-28_22:56:05 519000 Price: 71,03
2021-01-28_23:06:05 519000 Price: 71,03
2021-01-28_23:16:05 519000 Price: 71,03
2021-01-28_23:26:05 519000 Price: 71,03
2021-01-28_23:36:06 519000 Price: 71,03
2021-01-28_23:46:06 519000 Price: 71,03
2021-01-28_23:56:06 519000 Price: 71,03
2021-01-29_00:06:05 519000 Price: 71,03
2021-01-29_00:16:06 519000 Price: 71,03
2021-01-29_00:26:06 519000 Price: 71,03
2021-01-29_00:36:05 519000 Price: 71,03
2021-01-29_00:46:06 519000 Price: 71,03
2021-01-29_00:56:05 519000 Price: 71,03
2021-01-29_01:06:05 519000 Price: 71,03
2021-01-29_01:16:06 519000 Price: 71,03
2021-01-29_01:36:06 519000 Price: 71,03
2021-01-29_01:46:06 519000 Price: 71,03
2021-01-29_01:56:05 519000 Price: 71,03
2021-01-29_02:06:06 519000 Price: 71,03
2021-01-29_02:16:06 519000 Price: 71,03
2021-01-29_02:26:06 519000 Price: 71,03
2021-01-29_02:36:05 519000 Price: 71,03
2021-01-29_02:46:06 519000 Price: 71,03
2021-01-29_02:56:05 519000 Price: 71,03
2021-01-29_03:16:05 519000 Price: 71,03
2021-01-29_03:26:06 519000 Price: 71,03
2021-01-29_03:36:06 519000 Price: 71,03
2021-01-29_03:46:06 519000 Price: 71,03
2021-01-29_03:56:06 519000 Price: 71,03
2021-01-29_04:06:06 519000 Price: 71,03
2021-01-29_04:16:06 519000 Price: 71,03
2021-01-29_04:26:06 519000 Price: 71,03
2021-01-29_04:36:06 519000 Price: 71,03
2021-01-29_04:46:06 519000 Price: 71,03
2021-01-29_04:56:05 519000 Price: 71,03
2021-01-29_05:06:06 519000 Price: 71,03
2021-01-29_05:16:05 519000 Price: 71,03
2021-01-29_05:26:06 519000 Price: 71,03
2021-01-29_05:36:05 519000 Price: 71,03
2021-01-29_05:46:07 519000 Price: 71,03
2021-01-29_05:56:05 519000 Price: 71,03
2021-01-29_06:06:07 519000 Price: 71,03
2021-01-29_06:16:06 519000 Price: 71,03
2021-01-29_06:26:05 519000 Price: 71,03
2021-01-29_06:36:06 519000 Price: 71,03
2021-01-29_06:46:05 519000 Price: 71,03
2021-01-29_06:56:06 519000 Price: 71,03
2021-01-29_07:06:05 519000 Price: 71,03
2021-01-29_07:16:07 519000 Price: 71,03
2021-01-29_07:26:06 519000 Price: 71,03
2021-01-29_07:36:06 519000 Price: 71,03
2021-01-29_07:46:07 519000 Price: 71,03
2021-01-29_07:56:06 519000 Price: 71,03
2021-01-29_08:06:06 519000 Price: 70,19
2021-01-29_08:16:06 519000 Price: 70,23
2021-01-29_08:26:06 519000 Price: 70,24
2021-01-29_08:36:06 519000 Price: 70,17
2021-01-29_08:46:06 519000 Price: 70,15
2021-01-29_08:56:06 519000 Price: 70,05
2021-01-29_09:06:06 519000 Price: 70,00
2021-01-29_09:16:06 519000 Price: 70,00
2021-01-29_09:26:06 519000 Price: 69,89
2021-01-29_09:36:07 519000 Price: 69,89
2021-01-29_09:46:07 519000 Price: 70,34
2021-01-29_09:56:06 519000 Price: 70,53
2021-01-29_10:06:06 519000 Price: 70,57
2021-01-29_10:16:06 519000 Price: 70,37
2021-01-29_10:26:07 519000 Price: 70,45
2021-01-29_10:36:06 519000 Price: 70,64
2021-01-29_10:46:06 519000 Price: 70,64
2021-01-29_10:56:06 519000 Price: 70,51
2021-01-29_11:06:07 519000 Price: 70,43
2021-01-29_11:16:07 519000 Price: 70,42
2021-01-29_11:26:06 519000 Price: 70,20
2021-01-29_11:36:06 519000 Price: 69,96
2021-01-29_11:46:06 519000 Price: 69,86
2021-01-29_11:56:07 519000 Price: 70,05
2021-01-29_12:06:08 519000 Price: 69,98
2021-01-29_12:16:07 519000 Price: 69,85
2021-01-29_12:26:07 519000 Price: 70,02
2021-01-29_12:36:06 519000 Price: 70,11
2021-01-29_12:46:06 519000 Price: 70,19
2021-01-29_12:56:06 519000 Price: 70,23
2021-01-29_13:06:07 519000 Price: 69,95
2021-01-29_13:16:06 519000 Price: 70,06
2021-01-29_13:26:07 519000 Price: 70,01
2021-01-29_13:36:06 519000 Price: 70,01
2021-01-29_13:46:07 519000 Price: 69,82
2021-01-29_13:56:06 519000 Price: 69,81
2021-01-29_14:06:06 519000 Price: 69,62
2021-01-29_14:16:06 519000 Price: 69,54
2021-01-29_14:26:07 519000 Price: 69,67
2021-01-29_14:36:07 519000 Price: 69,73
2021-01-29_14:46:06 519000 Price: 70,14
2021-01-29_14:56:06 519000 Price: 70,04
2021-01-29_15:06:06 519000 Price: 69,98
2021-01-29_15:16:06 519000 Price: 70,03
2021-01-29_15:26:06 519000 Price: 70,03
2021-01-29_15:36:07 519000 Price: 70,22
2021-01-29_15:46:06 519000 Price: 70,22
2021-01-29_15:56:07 519000 Price: 69,94
2021-01-29_16:06:06 519000 Price: 69,94
2021-01-29_16:16:06 519000 Price: 70,16
2021-01-29_16:26:06 519000 Price: 70,82
2021-01-29_16:36:06 519000 Price: 70,64
2021-01-29_16:46:07 519000 Price: 70,65
2021-01-29_16:56:06 519000 Price: 70,69
2021-01-29_17:06:06 519000 Price: 70,74
2021-01-29_17:16:06 519000 Price: 70,55
2021-01-29_17:26:06 519000 Price: 70,61
2021-01-29_17:36:06 519000 Price: 70,59
2021-01-29_17:46:06 519000 Price: 69,96
2021-01-29_17:56:06 519000 Price: 70,04
2021-01-29_18:06:07 519000 Price: 70,04
2021-01-29_18:16:06 519000 Price: 70,05
2021-01-29_18:26:07 519000 Price: 70,04
2021-01-29_18:36:07 519000 Price: 70,04
2021-01-29_18:46:06 519000 Price: 69,70
2021-01-29_18:56:07 519000 Price: 69,80
2021-01-29_19:06:07 519000 Price: 69,74
2021-01-29_19:16:07 519000 Price: 69,72
2021-01-29_19:26:07 519000 Price: 69,72
2021-01-29_19:36:07 519000 Price: 69,99
2021-01-29_19:46:10 519000 Price: 69,86
2021-01-29_19:56:07 519000 Price: 69,76
2021-01-29_20:06:08 519000 Price: 69,75
2021-01-29_20:16:07 519000 Price: 69,90
2021-01-29_20:26:07 519000 Price: 69,87
2021-01-29_20:36:07 519000 Price: 69,79
2021-01-29_20:46:07 519000 Price: 69,78
2021-01-29_20:56:08 519000 Price: 69,82
2021-01-29_21:06:07 519000 Price: 69,82
2021-01-29_21:16:07 519000 Price: 69,97
2021-01-29_21:26:08 519000 Price: 70,03
2021-01-29_21:36:10 519000 Price: 69,94
2021-01-29_21:46:10 519000 Price: 69,90
2021-01-29_21:56:10 519000 Price: 69,92
2021-01-29_22:06:10 519000 Price: 70,05
2021-01-29_22:16:10 519000 Price: 70,05
2021-01-29_22:26:10 519000 Price: 70,05
2021-01-29_22:36:10 519000 Price: 70,05
2021-01-29_22:46:10 519000 Price: 70,05
2021-01-29_22:56:10 519000 Price: 70,05
2021-01-29_23:06:10 519000 Price: 70,05
2021-01-29_23:16:10 519000 Price: 70,05
2021-01-29_23:26:10 519000 Price: 70,05
2021-01-29_23:36:10 519000 Price: 70,05
2021-01-29_23:46:10 519000 Price: 70,05
2021-01-29_23:56:10 519000 Price: 70,05
2021-01-30_00:06:10 519000 Price: 70,05
2021-01-30_00:16:10 519000 Price: 70,05
2021-01-30_00:26:10 519000 Price: 70,05
2021-01-30_00:36:10 519000 Price: 70,05
2021-01-30_00:46:10 519000 Price: 70,05
2021-01-30_00:56:11 519000 Price: 70,05
2021-01-30_01:06:10 519000 Price: 70,05
2021-01-30_01:16:10 519000 Price: 70,05
2021-01-30_01:26:10 519000 Price: 70,05
2021-01-30_01:36:09 519000 Price: 70,05
2021-01-30_01:46:11 519000 Price: 70,05
2021-01-30_01:56:10 519000 Price: 70,05
2021-01-30_02:06:10 519000 Price: 70,05
2021-01-30_02:16:10 519000 Price: 70,05
2021-01-30_02:26:10 519000 Price: 70,05
2021-01-30_02:36:10 519000 Price: 70,05
2021-01-30_02:46:11 519000 Price: 70,05
2021-01-30_02:56:10 519000 Price: 70,05
2021-01-30_03:06:10 519000 Price: 70,05
2021-01-30_03:16:11 519000 Price: 70,05
2021-01-30_03:36:10 519000 Price: 70,05
2021-01-30_03:46:10 519000 Price: 70,05
2021-01-30_03:56:11 519000 Price: 70,05
2021-01-30_04:06:10 519000 Price: 70,05
2021-01-30_04:16:10 519000 Price: 70,05
2021-01-30_04:26:10 519000 Price: 70,05
2021-01-30_04:36:11 519000 Price: 70,05
2021-01-30_04:46:10 519000 Price: 70,05
2021-01-30_04:56:10 519000 Price: 70,05
2021-01-30_05:06:10 519000 Price: 70,05
2021-01-30_05:16:10 519000 Price: 70,05
2021-01-30_05:26:11 519000 Price: 70,05
2021-01-30_05:36:12 519000 Price: 70,05
2021-01-30_05:46:10 519000 Price: 70,05
2021-01-30_05:56:12 519000 Price: 70,05
2021-01-30_06:06:10 519000 Price: 70,05
2021-01-30_06:16:11 519000 Price: 70,05
2021-01-30_06:26:12 519000 Price: 70,05
2021-01-30_06:36:11 519000 Price: 70,05
2021-01-30_06:46:10 519000 Price: 70,05
2021-01-30_06:56:11 519000 Price: 70,05
2021-01-30_07:06:12 519000 Price: 70,05
2021-01-30_07:16:10 519000 Price: 70,05
2021-01-30_07:26:10 519000 Price: 70,05
2021-01-30_07:36:10 519000 Price: 70,05
2021-01-30_07:46:11 519000 Price: 70,05
2021-01-30_07:56:11 519000 Price: 70,05
2021-01-30_08:06:10 519000 Price: 70,05
2021-01-30_08:16:11 519000 Price: 70,05
2021-01-30_08:26:11 519000 Price: 70,05
2021-01-30_08:36:10 519000 Price: 70,05
2021-01-30_08:46:11 519000 Price: 70,05
2021-01-30_08:56:11 519000 Price: 70,05
2021-01-30_09:06:11 519000 Price: 70,05
2021-01-30_09:16:11 519000 Price: 70,05
2021-01-30_09:26:10 519000 Price: 70,05
2021-01-30_09:36:11 519000 Price: 70,05
2021-01-30_09:46:12 519000 Price: 70,05
2021-01-30_09:56:10 519000 Price: 70,05
2021-01-30_10:06:10 519000 Price: 70,05
2021-01-30_10:16:11 519000 Price: 70,05
2021-01-30_10:26:11 519000 Price: 70,05
2021-01-30_10:36:10 519000 Price: 70,05
2021-01-30_10:46:10 519000 Price: 70,05
2021-01-30_10:56:12 519000 Price: 70,05
2021-01-30_11:06:11 519000 Price: 70,05
2021-01-30_11:16:11 519000 Price: 70,05
2021-01-30_11:26:11 519000 Price: 70,05
2021-01-30_11:36:12 519000 Price: 70,05
2021-01-30_11:46:12 519000 Price: 70,05
2021-01-30_11:56:11 519000 Price: 70,05
2021-01-30_12:06:11 519000 Price: 70,05
2021-01-30_12:16:11 519000 Price: 70,05
2021-01-30_12:26:12 519000 Price: 70,05
2021-01-30_12:36:11 519000 Price: 70,05
2021-01-30_12:46:11 519000 Price: 70,05
2021-01-30_12:56:11 519000 Price: 70,05
2021-01-30_13:06:11 519000 Price: 70,05
2021-01-30_13:16:11 519000 Price: 70,05
2021-01-30_13:26:11 519000 Price: 70,05
2021-01-30_13:36:11 519000 Price: 70,05
2021-01-30_13:46:12 519000 Price: 70,05
2021-01-30_13:56:11 519000 Price: 70,05
2021-01-30_14:06:11 519000 Price: 70,05
2021-01-30_14:16:12 519000 Price: 70,05
2021-01-30_14:26:11 519000 Price: 70,05
2021-01-30_14:36:11 519000 Price: 70,05
2021-01-30_14:46:11 519000 Price: 70,05
2021-01-30_14:56:12 519000 Price: 70,05
2021-01-30_15:06:11 519000 Price: 70,05
2021-01-30_15:16:12 519000 Price: 70,05
2021-01-30_15:26:12 519000 Price: 70,05
2021-01-30_15:36:11 519000 Price: 70,05
2021-01-30_15:46:11 519000 Price: 70,05
2021-01-30_15:56:11 519000 Price: 70,05
2021-01-30_16:06:11 519000 Price: 70,05
2021-01-30_16:16:12 519000 Price: 70,05
2021-01-30_16:26:11 519000 Price: 70,05
2021-01-30_16:36:11 519000 Price: 70,05
2021-01-30_16:46:12 519000 Price: 70,05
2021-01-30_16:56:11 519000 Price: 70,05
2021-01-30_17:06:12 519000 Price: 70,05
2021-01-30_17:16:12 519000 Price: 70,05
2021-01-30_17:26:12 519000 Price: 70,05
2021-01-30_17:36:12 519000 Price: 70,05
2021-01-30_17:46:11 519000 Price: 70,05
2021-01-30_17:56:13 519000 Price: 70,05
2021-01-30_18:06:12 519000 Price: 70,05
2021-01-30_18:16:12 519000 Price: 70,05
2021-01-30_18:26:11 519000 Price: 70,05
2021-01-30_18:36:11 519000 Price: 70,05
2021-01-30_18:46:11 519000 Price: 70,05
2021-01-30_18:56:12 519000 Price: 70,05
2021-01-30_19:06:11 519000 Price: 70,05
2021-01-30_19:16:13 519000 Price: 70,05
2021-01-30_19:26:11 519000 Price: 70,05
2021-01-30_19:36:13 519000 Price: 70,05
2021-01-30_19:46:13 519000 Price: 70,05
2021-01-30_19:56:11 519000 Price: 70,05
2021-01-30_20:06:12 519000 Price: 70,05
2021-01-30_20:16:11 519000 Price: 70,05
2021-01-30_20:26:11 519000 Price: 70,05
2021-01-30_20:36:11 519000 Price: 70,05
2021-01-30_20:46:11 519000 Price: 70,05
2021-01-30_20:56:11 519000 Price: 70,05
2021-01-30_21:06:12 519000 Price: 70,05
2021-01-30_21:16:12 519000 Price: 70,05
2021-01-30_21:26:11 519000 Price: 70,05
2021-01-30_21:36:11 519000 Price: 70,05
2021-01-30_21:56:12 519000 Price: 70,05
2021-01-30_22:06:12 519000 Price: 70,05
2021-01-30_22:16:12 519000 Price: 70,05
2021-01-30_22:26:12 519000 Price: 70,05
2021-01-30_22:36:13 519000 Price: 70,05
2021-01-30_22:46:12 519000 Price: 70,05
2021-01-30_22:56:11 519000 Price: 70,05
2021-01-30_23:06:13 519000 Price: 70,05
2021-01-30_23:16:12 519000 Price: 70,05
2021-01-30_23:26:13 519000 Price: 70,05
2021-01-30_23:36:13 519000 Price: 70,05
2021-01-30_23:46:13 519000 Price: 70,05
2021-01-30_23:56:12 519000 Price: 70,05
2021-01-31_00:06:11 519000 Price: 70,05
2021-01-31_00:16:13 519000 Price: 70,05
2021-01-31_00:26:12 519000 Price: 70,05
2021-01-31_00:36:11 519000 Price: 70,05
2021-01-31_00:46:12 519000 Price: 70,05
2021-01-31_00:56:12 519000 Price: 70,05
2021-01-31_01:06:12 519000 Price: 70,05
2021-01-31_01:16:12 519000 Price: 70,05
2021-01-31_01:26:13 519000 Price: 70,05
2021-01-31_01:36:12 519000 Price: 70,05
2021-01-31_01:46:12 519000 Price: 70,05
2021-01-31_01:56:12 519000 Price: 70,05
2021-01-31_02:06:13 519000 Price: 70,05
2021-01-31_02:16:12 519000 Price: 70,05
2021-01-31_02:26:12 519000 Price: 70,05
2021-01-31_02:36:12 519000 Price: 70,05
2021-01-31_02:46:13 519000 Price: 70,05
2021-01-31_02:56:12 519000 Price: 70,05
2021-01-31_03:06:12 519000 Price: 70,05
2021-01-31_03:16:12 519000 Price: 70,05
2021-01-31_03:26:12 519000 Price: 70,05
2021-01-31_03:36:12 519000 Price: 70,05
2021-01-31_03:46:13 519000 Price: 70,05
2021-01-31_03:56:13 519000 Price: 70,05
2021-01-31_04:06:12 519000 Price: 70,05
2021-01-31_04:16:12 519000 Price: 70,05
2021-01-31_04:26:12 519000 Price: 70,05
2021-01-31_04:36:12 519000 Price: 70,05
2021-01-31_04:46:12 519000 Price: 70,05
2021-01-31_04:56:13 519000 Price: 70,05
2021-01-31_05:06:13 519000 Price: 70,05
2021-01-31_05:16:13 519000 Price: 70,05
2021-01-31_05:26:13 519000 Price: 70,05
2021-01-31_05:36:12 519000 Price: 70,05
2021-01-31_05:46:14 519000 Price: 70,05
2021-01-31_05:56:13 519000 Price: 70,05
2021-01-31_06:06:13 519000 Price: 70,05
2021-01-31_06:16:13 519000 Price: 70,05
2021-01-31_06:26:13 519000 Price: 70,05
2021-01-31_06:36:12 519000 Price: 70,05
2021-01-31_06:46:12 519000 Price: 70,05
2021-01-31_06:56:13 519000 Price: 70,05
2021-01-31_07:06:13 519000 Price: 70,05
2021-01-31_07:16:12 519000 Price: 70,05
2021-01-31_07:26:12 519000 Price: 70,05
2021-01-31_07:36:12 519000 Price: 70,05
2021-01-31_07:46:13 519000 Price: 70,05
2021-01-31_07:56:12 519000 Price: 70,05
2021-01-31_08:06:12 519000 Price: 70,05
2021-01-31_08:16:12 519000 Price: 70,05
2021-01-31_08:26:12 519000 Price: 70,05
2021-01-31_08:36:13 519000 Price: 70,05
2021-01-31_08:46:12 519000 Price: 70,05
2021-01-31_08:56:14 519000 Price: 70,05
2021-01-31_09:06:12 519000 Price: 70,05
2021-01-31_09:16:13 519000 Price: 70,05
2021-01-31_09:26:12 519000 Price: 70,05
2021-01-31_09:36:12 519000 Price: 70,05
2021-01-31_09:46:13 519000 Price: 70,05
2021-01-31_09:56:13 519000 Price: 70,05
2021-01-31_10:06:12 519000 Price: 70,05
2021-01-31_10:16:12 519000 Price: 70,05
2021-01-31_10:26:13 519000 Price: 70,05
2021-01-31_10:36:12 519000 Price: 70,05
2021-01-31_10:46:13 519000 Price: 70,05
2021-01-31_10:56:14 519000 Price: 70,05
2021-01-31_11:06:12 519000 Price: 70,05
2021-01-31_11:16:13 519000 Price: 70,05
2021-01-31_11:26:12 519000 Price: 70,05
2021-01-31_11:36:13 519000 Price: 70,05
2021-01-31_11:46:13 519000 Price: 70,05
2021-01-31_11:56:12 519000 Price: 70,05
2021-01-31_12:06:13 519000 Price: 70,05
2021-01-31_12:16:14 519000 Price: 70,05
2021-01-31_12:26:13 519000 Price: 70,05
2021-01-31_12:36:14 519000 Price: 70,05
2021-01-31_12:46:12 519000 Price: 70,05
2021-01-31_12:56:12 519000 Price: 70,05
2021-01-31_13:06:13 519000 Price: 70,05
2021-01-31_13:26:13 519000 Price: 70,05
2021-01-31_13:36:13 519000 Price: 70,05
2021-01-31_13:46:13 519000 Price: 70,05
2021-01-31_13:56:13 519000 Price: 70,05
2021-01-31_14:06:13 519000 Price: 70,05
2021-01-31_14:16:12 519000 Price: 70,05
2021-01-31_14:26:14 519000 Price: 70,05
2021-01-31_14:36:12 519000 Price: 70,05
2021-01-31_14:46:13 519000 Price: 70,05
2021-01-31_14:56:13 519000 Price: 70,05
2021-01-31_15:06:13 519000 Price: 70,05
2021-01-31_15:16:13 519000 Price: 70,05
2021-01-31_15:26:14 519000 Price: 70,05
2021-01-31_15:36:13 519000 Price: 70,05
2021-01-31_15:46:12 519000 Price: 70,05
2021-01-31_15:56:13 519000 Price: 70,05
2021-01-31_16:06:13 519000 Price: 70,05
2021-01-31_16:16:12 519000 Price: 70,05
2021-01-31_16:26:13 519000 Price: 70,05
2021-01-31_16:36:12 519000 Price: 70,05
2021-01-31_16:46:12 519000 Price: 70,05
2021-01-31_16:56:13 519000 Price: 70,05
2021-01-31_17:06:13 519000 Price: 70,05
2021-01-31_17:16:12 519000 Price: 70,05
2021-01-31_17:26:13 519000 Price: 70,05
2021-01-31_17:36:13 519000 Price: 70,05
2021-01-31_17:46:12 519000 Price: 70,05
2021-01-31_17:56:13 519000 Price: 70,05
2021-01-31_18:06:12 519000 Price: 70,05
2021-01-31_18:16:13 519000 Price: 70,05
2021-01-31_18:26:13 519000 Price: 70,05
2021-01-31_18:36:12 519000 Price: 70,05
2021-01-31_18:46:12 519000 Price: 70,05
2021-01-31_18:56:14 519000 Price: 70,05
2021-01-31_19:06:12 519000 Price: 70,05
2021-01-31_19:16:12 519000 Price: 70,05
2021-01-31_19:26:12 519000 Price: 70,05
2021-01-31_19:36:14 519000 Price: 70,05
2021-01-31_19:46:13 519000 Price: 70,05
2021-01-31_19:56:13 519000 Price: 70,05
2021-01-31_20:06:12 519000 Price: 70,05
2021-01-31_20:16:12 519000 Price: 70,05
2021-01-31_20:26:12 519000 Price: 70,05
2021-01-31_20:36:12 519000 Price: 70,05
2021-01-31_20:46:14 519000 Price: 70,05
2021-01-31_20:56:13 519000 Price: 70,05
2021-01-31_21:06:12 519000 Price: 70,05
2021-01-31_21:16:12 519000 Price: 70,05
2021-01-31_21:26:14 519000 Price: 70,05
2021-01-31_21:36:13 519000 Price: 70,05
2021-01-31_21:46:13 519000 Price: 70,05
2021-01-31_21:56:13 519000 Price: 70,05
2021-01-31_22:06:13 519000 Price: 70,05
2021-01-31_22:16:14 519000 Price: 70,05
2021-01-31_22:26:14 519000 Price: 70,05
2021-01-31_22:36:14 519000 Price: 70,05
2021-01-31_22:46:13 519000 Price: 70,05
2021-01-31_22:56:12 519000 Price: 70,05
2021-01-31_23:06:13 519000 Price: 70,05
2021-01-31_23:16:14 519000 Price: 70,05
2021-01-31_23:26:13 519000 Price: 70,05
2021-01-31_23:36:13 519000 Price: 70,05
2021-01-31_23:46:13 519000 Price: 70,05
2021-01-31_23:56:13 519000 Price: 70,05
2021-02-01_00:06:13 519000 Price: 70,05
2021-02-01_00:16:13 519000 Price: 70,05
2021-02-01_00:26:14 519000 Price: 70,05
2021-02-01_00:36:14 519000 Price: 70,05
2021-02-01_00:46:13 519000 Price: 70,05
2021-02-01_00:56:13 519000 Price: 70,05
2021-02-01_01:06:13 519000 Price: 70,05
2021-02-01_01:16:13 519000 Price: 70,05
2021-02-01_01:26:13 519000 Price: 70,05
2021-02-01_01:36:15 519000 Price: 70,05
2021-02-01_01:46:13 519000 Price: 70,05
2021-02-01_01:56:14 519000 Price: 70,05
2021-02-01_02:06:14 519000 Price: 70,05
2021-02-01_02:16:13 519000 Price: 70,05
2021-02-01_02:26:14 519000 Price: 70,05
2021-02-01_02:36:14 519000 Price: 70,05
2021-02-01_02:46:13 519000 Price: 70,05
2021-02-01_02:56:14 519000 Price: 70,05
2021-02-01_03:06:13 519000 Price: 70,05
2021-02-01_03:16:13 519000 Price: 70,05
2021-02-01_03:26:14 519000 Price: 70,05
2021-02-01_03:36:14 519000 Price: 70,05
2021-02-01_03:46:15 519000 Price: 70,05
2021-02-01_03:56:14 519000 Price: 70,05
2021-02-01_04:06:13 519000 Price: 70,05
2021-02-01_04:16:13 519000 Price: 70,05
2021-02-01_04:36:13 519000 Price: 70,05
2021-02-01_04:46:14 519000 Price: 70,05
2021-02-01_04:56:15 519000 Price: 70,05
2021-02-01_05:06:14 519000 Price: 70,05
2021-02-01_05:16:14 519000 Price: 70,05
2021-02-01_05:26:14 519000 Price: 70,05
2021-02-01_05:36:15 519000 Price: 70,05
2021-02-01_05:46:13 519000 Price: 70,05
2021-02-01_05:56:14 519000 Price: 70,05
2021-02-01_06:06:14 519000 Price: 70,05
2021-02-01_06:16:13 519000 Price: 70,05
2021-02-01_06:26:13 519000 Price: 70,05
2021-02-01_06:36:13 519000 Price: 70,05
2021-02-01_06:46:14 519000 Price: 70,05
2021-02-01_06:56:14 519000 Price: 70,05
2021-02-01_07:06:13 519000 Price: 70,05
2021-02-01_07:16:13 519000 Price: 70,05
2021-02-01_07:26:14 519000 Price: 70,05
2021-02-01_07:36:13 519000 Price: 70,05
2021-02-01_07:46:13 519000 Price: 70,05
2021-02-01_07:56:13 519000 Price: 70,05
2021-02-01_08:06:13 519000 Price: 70,40
2021-02-01_08:16:13 519000 Price: 70,40
2021-02-01_08:26:13 519000 Price: 70,40
2021-02-01_08:36:15 519000 Price: 70,58
2021-02-01_08:46:13 519000 Price: 70,58
2021-02-01_08:56:13 519000 Price: 70,58
2021-02-01_09:06:13 519000 Price: 70,29
2021-02-01_09:26:13 519000 Price: 70,53
2021-02-01_09:36:13 519000 Price: 70,40
2021-02-01_09:46:13 519000 Price: 70,19
2021-02-01_09:56:15 519000 Price: 70,55
2021-02-01_10:16:13 519000 Price: 70,43
2021-02-01_10:26:13 519000 Price: 70,47
2021-02-01_10:36:14 519000 Price: 70,46
2021-02-01_10:46:14 519000 Price: 70,42
2021-02-01_10:56:13 519000 Price: 70,29
2021-02-01_11:06:13 519000 Price: 70,22
2021-02-01_11:16:14 519000 Price: 70,33
2021-02-01_11:26:14 519000 Price: 70,28
2021-02-01_11:36:13 519000 Price: 70,20
2021-02-01_11:46:13 519000 Price: 70,20
2021-02-01_11:56:13 519000 Price: 70,17
2021-02-01_12:06:14 519000 Price: 70,12
2021-02-01_12:16:14 519000 Price: 70,09
2021-02-01_12:26:14 519000 Price: 70,09
2021-02-01_12:36:13 519000 Price: 70,36
2021-02-01_12:46:15 519000 Price: 70,36
2021-02-01_12:56:13 519000 Price: 70,21
2021-02-01_13:06:13 519000 Price: 70,21
2021-02-01_13:16:14 519000 Price: 70,25
2021-02-01_13:26:13 519000 Price: 70,47
2021-02-01_13:46:13 519000 Price: 70,55
2021-02-01_13:56:13 519000 Price: 70,44
2021-02-01_14:06:13 519000 Price: 70,45
2021-02-01_14:16:13 519000 Price: 70,27
2021-02-01_14:26:14 519000 Price: 70,25
2021-02-01_14:36:13 519000 Price: 70,20
2021-02-01_14:56:13 519000 Price: 70,20
2021-02-01_15:06:13 519000 Price: 70,13
2021-02-01_15:16:14 519000 Price: 70,05
2021-02-01_15:26:13 519000 Price: 69,99
2021-02-01_15:36:13 519000 Price: 69,97
2021-02-01_15:46:14 519000 Price: 69,98
2021-02-01_15:56:13 519000 Price: 69,78
2021-02-01_16:06:14 519000 Price: 69,89
2021-02-01_16:16:13 519000 Price: 69,65
