2021-01-26_17:50:46 520000 Price: 92,42
2021-01-26_18:00:45 520000 Price: 92,32
2021-01-26_18:10:45 520000 Price: 92,34
2021-01-26_18:20:45 520000 Price: 92,34
2021-01-26_18:30:45 520000 Price: 92,38
2021-01-26_18:40:45 520000 Price: 92,42
2021-01-26_18:50:46 520000 Price: 92,38
2021-01-26_19:00:45 520000 Price: 92,38
2021-01-26_19:10:46 520000 Price: 92,40
2021-01-26_19:20:45 520000 Price: 92,34
2021-01-26_19:30:46 520000 Price: 92,26
2021-01-26_19:40:46 520000 Price: 92,26
2021-01-26_19:50:46 520000 Price: 92,26
2021-01-26_20:00:45 520000 Price: 92,26
2021-01-26_20:10:46 520000 Price: 92,26
2021-01-26_20:20:45 520000 Price: 92,26
2021-01-26_20:30:45 520000 Price: 92,26
2021-01-26_20:40:45 520000 Price: 92,24
2021-01-26_20:50:45 520000 Price: 92,24
2021-01-26_21:00:45 520000 Price: 92,22
2021-01-26_21:10:45 520000 Price: 92,26
2021-01-26_21:20:46 520000 Price: 92,28
2021-01-26_21:30:46 520000 Price: 92,28
2021-01-26_21:40:45 520000 Price: 92,26
2021-01-26_21:50:45 520000 Price: 92,26
2021-01-26_22:00:46 520000 Price: 92,24
2021-01-26_22:10:45 520000 Price: 92,24
2021-01-26_22:20:45 520000 Price: 92,24
2021-01-26_22:30:46 520000 Price: 92,24
2021-01-26_22:40:45 520000 Price: 92,24
2021-01-26_22:50:46 520000 Price: 92,24
2021-01-26_23:00:45 520000 Price: 92,24
2021-01-26_23:10:46 520000 Price: 92,24
2021-01-26_23:20:45 520000 Price: 92,24
2021-01-26_23:30:47 520000 Price: 92,24
2021-01-26_23:40:45 520000 Price: 92,24
2021-01-26_23:50:46 520000 Price: 92,24
2021-01-27_00:00:45 520000 Price: 92,24
2021-01-27_00:10:47 520000 Price: 92,24
2021-01-27_00:20:46 520000 Price: 92,24
2021-01-27_00:30:45 520000 Price: 92,24
2021-01-27_00:40:47 520000 Price: 92,24
2021-01-27_00:50:47 520000 Price: 92,24
2021-01-27_01:00:47 520000 Price: 92,24
2021-01-27_01:10:47 520000 Price: 92,24
2021-01-27_01:20:47 520000 Price: 92,24
2021-01-27_01:30:47 520000 Price: 92,24
2021-01-27_01:40:47 520000 Price: 92,24
2021-01-27_01:50:47 520000 Price: 92,24
2021-01-27_02:00:46 520000 Price: 92,24
2021-01-27_02:10:46 520000 Price: 92,24
2021-01-27_02:20:46 520000 Price: 92,24
2021-01-27_02:30:46 520000 Price: 92,24
2021-01-27_02:40:47 520000 Price: 92,24
2021-01-27_02:50:46 520000 Price: 92,24
2021-01-27_03:00:46 520000 Price: 92,24
2021-01-27_03:10:46 520000 Price: 92,24
2021-01-27_03:20:46 520000 Price: 92,24
2021-01-27_03:30:47 520000 Price: 92,24
2021-01-27_03:40:47 520000 Price: 92,24
2021-01-27_03:50:47 520000 Price: 92,24
2021-01-27_04:00:46 520000 Price: 92,24
2021-01-27_04:10:46 520000 Price: 92,24
2021-01-27_04:20:47 520000 Price: 92,24
2021-01-27_04:30:46 520000 Price: 92,24
2021-01-27_04:40:47 520000 Price: 92,24
2021-01-27_04:50:46 520000 Price: 92,24
2021-01-27_05:00:47 520000 Price: 92,24
2021-01-27_05:10:45 520000 Price: 92,24
2021-01-27_05:20:46 520000 Price: 92,24
2021-01-27_05:30:47 520000 Price: 92,24
2021-01-27_05:40:47 520000 Price: 92,24
2021-01-27_05:50:47 520000 Price: 92,24
2021-01-27_06:00:46 520000 Price: 92,24
2021-01-27_06:10:46 520000 Price: 92,24
2021-01-27_06:20:46 520000 Price: 92,24
2021-01-27_06:30:47 520000 Price: 92,24
2021-01-27_06:40:46 520000 Price: 92,24
2021-01-27_06:50:47 520000 Price: 92,24
2021-01-27_07:00:47 520000 Price: 92,24
2021-01-27_07:10:46 520000 Price: 92,24
2021-01-27_07:20:46 520000 Price: 92,24
2021-01-27_07:30:47 520000 Price: 92,24
2021-01-27_07:40:46 520000 Price: 92,24
2021-01-27_07:50:46 520000 Price: 92,24
2021-01-27_08:00:46 520000 Price: 92,16
2021-01-27_08:10:46 520000 Price: 92,16
2021-01-27_08:20:46 520000 Price: 92,16
2021-01-27_08:30:47 520000 Price: 92,36
2021-01-27_08:40:46 520000 Price: 92,34
2021-01-27_08:50:46 520000 Price: 92,34
2021-01-27_09:00:46 520000 Price: 92,34
2021-01-27_09:10:46 520000 Price: 92,34
2021-01-27_09:20:46 520000 Price: 92,34
2021-01-27_09:30:47 520000 Price: 92,34
2021-01-27_09:40:46 520000 Price: 92,66
2021-01-27_09:50:46 520000 Price: 92,66
2021-01-27_10:00:46 520000 Price: 92,42
2021-01-27_10:10:46 520000 Price: 92,42
2021-01-27_10:20:47 520000 Price: 92,62
2021-01-27_10:30:47 520000 Price: 92,70
2021-01-27_10:40:47 520000 Price: 92,82
2021-01-27_10:50:46 520000 Price: 92,74
2021-01-27_11:00:47 520000 Price: 92,84
2021-01-27_11:10:47 520000 Price: 92,84
2021-01-27_11:20:46 520000 Price: 92,74
2021-01-27_11:30:46 520000 Price: 92,82
2021-01-27_11:40:46 520000 Price: 92,84
2021-01-27_11:50:46 520000 Price: 93,18
2021-01-27_12:00:46 520000 Price: 93,22
2021-01-27_12:10:47 520000 Price: 93,30
2021-01-27_12:20:47 520000 Price: 93,40
2021-01-27_12:30:46 520000 Price: 93,18
2021-01-27_12:40:46 520000 Price: 92,92
2021-01-27_12:50:46 520000 Price: 92,80
2021-01-27_13:00:47 520000 Price: 92,66
2021-01-27_13:10:46 520000 Price: 92,64
2021-01-27_13:20:46 520000 Price: 92,50
2021-01-27_13:30:46 520000 Price: 92,52
2021-01-27_13:40:47 520000 Price: 92,52
2021-01-27_13:50:46 520000 Price: 92,38
2021-01-27_14:00:46 520000 Price: 92,18
2021-01-27_14:10:47 520000 Price: 91,98
2021-01-27_14:20:46 520000 Price: 92,20
2021-01-27_14:30:46 520000 Price: 92,16
2021-01-27_14:40:46 520000 Price: 92,08
2021-01-27_14:50:46 520000 Price: 91,98
2021-01-27_15:00:46 520000 Price: 91,86
2021-01-27_15:10:46 520000 Price: 91,64
2021-01-27_15:20:46 520000 Price: 91,54
2021-01-27_15:30:48 520000 Price: 91,44
2021-01-27_15:40:46 520000 Price: 91,50
2021-01-27_15:50:46 520000 Price: 91,56
2021-01-27_16:00:46 520000 Price: 91,52
2021-01-27_16:10:46 520000 Price: 91,62
2021-01-27_16:20:47 520000 Price: 91,72
2021-01-27_16:30:46 520000 Price: 91,64
2021-01-27_16:40:47 520000 Price: 91,60
2021-01-27_16:50:46 520000 Price: 91,80
2021-01-27_17:00:47 520000 Price: 91,92
2021-01-27_17:10:46 520000 Price: 92,04
2021-01-27_17:20:46 520000 Price: 91,94
2021-01-27_17:30:46 520000 Price: 92,00
2021-01-27_17:40:48 520000 Price: 91,90
2021-01-27_17:50:47 520000 Price: 91,90
2021-01-27_18:00:46 520000 Price: 91,78
2021-01-27_18:10:46 520000 Price: 91,68
2021-01-27_18:20:48 520000 Price: 91,88
2021-01-27_18:30:46 520000 Price: 91,86
2021-01-27_18:40:46 520000 Price: 91,84
2021-01-27_18:50:46 520000 Price: 91,88
2021-01-27_19:00:46 520000 Price: 91,88
2021-01-27_19:10:46 520000 Price: 91,88
2021-01-27_19:20:47 520000 Price: 91,86
2021-01-27_19:30:46 520000 Price: 91,84
2021-01-27_19:40:46 520000 Price: 91,84
2021-01-27_19:50:46 520000 Price: 91,80
2021-01-27_20:00:46 520000 Price: 91,84
2021-01-27_20:10:46 520000 Price: 91,80
2021-01-27_20:20:46 520000 Price: 91,74
2021-01-27_20:30:46 520000 Price: 91,72
2021-01-27_20:40:46 520000 Price: 91,54
2021-01-27_20:50:46 520000 Price: 91,52
2021-01-27_21:00:46 520000 Price: 91,50
2021-01-27_21:10:46 520000 Price: 91,50
2021-01-27_21:20:46 520000 Price: 91,58
2021-01-27_21:30:47 520000 Price: 91,42
2021-01-27_21:40:46 520000 Price: 91,42
2021-01-27_21:50:46 520000 Price: 91,36
2021-01-27_22:00:47 520000 Price: 91,42
2021-01-27_22:10:47 520000 Price: 91,42
2021-01-27_22:20:46 520000 Price: 91,42
2021-01-27_22:30:47 520000 Price: 91,42
2021-01-27_22:40:47 520000 Price: 91,42
2021-01-27_22:50:46 520000 Price: 91,42
2021-01-27_23:00:46 520000 Price: 91,42
2021-01-27_23:10:48 520000 Price: 91,42
2021-01-27_23:20:47 520000 Price: 91,42
2021-01-27_23:30:46 520000 Price: 91,42
2021-01-27_23:40:47 520000 Price: 91,42
2021-01-27_23:50:47 520000 Price: 91,42
2021-01-28_00:00:47 520000 Price: 91,42
2021-01-28_00:10:47 520000 Price: 91,42
2021-01-28_00:20:48 520000 Price: 91,42
2021-01-28_00:30:46 520000 Price: 91,42
2021-01-28_00:40:46 520000 Price: 91,42
2021-01-28_00:50:47 520000 Price: 91,42
2021-01-28_01:00:46 520000 Price: 91,42
2021-01-28_01:10:47 520000 Price: 91,42
2021-01-28_01:20:47 520000 Price: 91,42
2021-01-28_01:30:47 520000 Price: 91,42
2021-01-28_01:40:48 520000 Price: 91,42
2021-01-28_01:50:47 520000 Price: 91,42
2021-01-28_02:00:47 520000 Price: 91,42
2021-01-28_02:10:48 520000 Price: 91,42
2021-01-28_02:20:48 520000 Price: 91,42
2021-01-28_02:30:47 520000 Price: 91,42
2021-01-28_02:40:47 520000 Price: 91,42
2021-01-28_02:50:48 520000 Price: 91,42
2021-01-28_03:00:48 520000 Price: 91,42
2021-01-28_03:10:47 520000 Price: 91,42
2021-01-28_03:20:48 520000 Price: 91,42
2021-01-28_03:30:48 520000 Price: 91,42
2021-01-28_03:40:47 520000 Price: 91,42
2021-01-28_03:50:47 520000 Price: 91,42
2021-01-28_04:00:47 520000 Price: 91,42
2021-01-28_04:10:47 520000 Price: 91,42
2021-01-28_04:20:48 520000 Price: 91,42
2021-01-28_04:30:47 520000 Price: 91,42
2021-01-28_04:40:48 520000 Price: 91,42
2021-01-28_04:50:47 520000 Price: 91,42
2021-01-28_05:00:48 520000 Price: 91,42
2021-01-28_05:10:47 520000 Price: 91,42
2021-01-28_05:20:48 520000 Price: 91,42
2021-01-28_05:30:47 520000 Price: 91,42
2021-01-28_05:40:47 520000 Price: 91,42
2021-01-28_05:50:48 520000 Price: 91,42
2021-01-28_06:00:47 520000 Price: 91,42
2021-01-28_06:10:48 520000 Price: 91,42
2021-01-28_06:20:48 520000 Price: 91,42
2021-01-28_06:30:48 520000 Price: 91,42
2021-01-28_06:40:47 520000 Price: 91,42
2021-01-28_06:50:48 520000 Price: 91,42
2021-01-28_07:00:47 520000 Price: 91,42
2021-01-28_07:10:47 520000 Price: 91,42
2021-01-28_07:20:48 520000 Price: 91,42
2021-01-28_07:30:48 520000 Price: 91,42
2021-01-28_07:40:47 520000 Price: 91,42
2021-01-28_07:50:47 520000 Price: 91,42
2021-01-28_08:00:47 520000 Price: 91,34
2021-01-28_08:10:47 520000 Price: 91,56
2021-01-28_08:20:47 520000 Price: 91,22
2021-01-28_08:30:47 520000 Price: 91,24
2021-01-28_08:40:47 520000 Price: 91,24
2021-01-28_08:50:47 520000 Price: 91,24
2021-01-28_09:00:47 520000 Price: 91,24
2021-01-28_09:10:48 520000 Price: 91,24
2021-01-28_09:20:47 520000 Price: 92,06
2021-01-28_09:30:47 520000 Price: 92,54
2021-01-28_09:40:48 520000 Price: 92,54
2021-01-28_09:50:47 520000 Price: 92,46
2021-01-28_10:00:47 520000 Price: 92,12
2021-01-28_10:10:47 520000 Price: 92,28
2021-01-28_10:18:28 520000 Price: 91,98
2021-01-28_10:19:33 520000 Price: 91,98
2021-01-28_10:29:33 520000 Price: 92,04
2021-01-28_10:39:32 520000 Price: 91,96
2021-01-28_10:49:32 520000 Price: 91,94
2021-01-28_10:59:32 520000 Price: 92,14
2021-01-28_11:09:33 520000 Price: 91,84
2021-01-28_11:19:33 520000 Price: 91,96
2021-01-28_11:29:32 520000 Price: 91,94
2021-01-28_11:39:32 520000 Price: 92,02
2021-01-28_11:49:33 520000 Price: 92,16
2021-01-28_11:59:32 520000 Price: 92,18
2021-01-28_12:09:33 520000 Price: 92,06
2021-01-28_12:19:33 520000 Price: 92,18
2021-01-28_12:29:33 520000 Price: 92,22
2021-01-28_12:39:32 520000 Price: 92,10
2021-01-28_12:49:33 520000 Price: 92,10
2021-01-28_12:59:33 520000 Price: 92,08
2021-01-28_13:09:33 520000 Price: 92,08
2021-01-28_13:19:33 520000 Price: 92,14
2021-01-28_13:29:33 520000 Price: 92,22
2021-01-28_13:39:33 520000 Price: 92,30
2021-01-28_13:49:33 520000 Price: 92,28
2021-01-28_13:59:33 520000 Price: 92,00
2021-01-28_14:19:33 520000 Price: 91,74
2021-01-28_14:29:33 520000 Price: 91,76
2021-01-28_14:39:33 520000 Price: 91,88
2021-01-28_14:49:33 520000 Price: 91,84
2021-01-28_14:59:33 520000 Price: 91,94
2021-01-28_15:09:33 520000 Price: 91,90
2021-01-28_15:19:33 520000 Price: 92,02
2021-01-28_15:29:33 520000 Price: 91,92
2021-01-28_15:39:33 520000 Price: 91,80
2021-01-28_15:49:33 520000 Price: 91,80
2021-01-28_15:59:33 520000 Price: 91,70
2021-01-28_16:09:33 520000 Price: 91,88
2021-01-28_16:19:33 520000 Price: 91,88
2021-01-28_16:29:33 520000 Price: 91,86
2021-01-28_16:39:33 520000 Price: 91,72
2021-01-28_16:49:33 520000 Price: 91,78
2021-01-28_16:59:33 520000 Price: 91,76
2021-01-28_17:09:33 520000 Price: 91,76
2021-01-28_17:19:33 520000 Price: 91,76
2021-01-28_17:29:33 520000 Price: 91,76
2021-01-28_17:49:33 520000 Price: 91,78
2021-01-28_17:59:33 520000 Price: 91,80
2021-01-28_18:09:49 520000 Price: 91,86
2021-01-28_18:16:05 520000 Price: 91,84
2021-01-28_18:26:04 520000 Price: 91,88
2021-01-28_18:36:05 520000 Price: 91,86
2021-01-28_18:46:04 520000 Price: 91,86
2021-01-28_18:56:05 520000 Price: 91,90
2021-01-28_19:06:07 520000 Price: 91,86
2021-01-28_19:16:06 520000 Price: 91,84
2021-01-28_19:26:05 520000 Price: 91,86
2021-01-28_19:36:05 520000 Price: 91,88
2021-01-28_19:46:04 520000 Price: 91,94
2021-01-28_19:56:05 520000 Price: 91,92
2021-01-28_20:06:04 520000 Price: 91,92
2021-01-28_20:16:04 520000 Price: 91,88
2021-01-28_20:26:05 520000 Price: 91,80
2021-01-28_20:36:04 520000 Price: 91,80
2021-01-28_20:46:04 520000 Price: 91,82
2021-01-28_20:56:04 520000 Price: 91,82
2021-01-28_21:06:05 520000 Price: 91,82
2021-01-28_21:16:04 520000 Price: 91,78
2021-01-28_21:26:05 520000 Price: 91,76
2021-01-28_21:36:04 520000 Price: 91,70
2021-01-28_21:46:04 520000 Price: 91,70
2021-01-28_21:56:04 520000 Price: 91,70
2021-01-28_22:06:04 520000 Price: 91,70
2021-01-28_22:16:04 520000 Price: 91,70
2021-01-28_22:26:05 520000 Price: 91,70
2021-01-28_22:36:05 520000 Price: 91,70
2021-01-28_22:46:06 520000 Price: 91,70
2021-01-28_22:56:05 520000 Price: 91,70
2021-01-28_23:06:05 520000 Price: 91,70
2021-01-28_23:16:05 520000 Price: 91,70
2021-01-28_23:26:05 520000 Price: 91,70
2021-01-28_23:36:06 520000 Price: 91,70
2021-01-28_23:46:05 520000 Price: 91,70
2021-01-28_23:56:06 520000 Price: 91,70
2021-01-29_00:06:06 520000 Price: 91,70
2021-01-29_00:16:05 520000 Price: 91,70
2021-01-29_00:26:05 520000 Price: 91,70
2021-01-29_00:36:06 520000 Price: 91,70
2021-01-29_00:46:06 520000 Price: 91,70
2021-01-29_00:56:06 520000 Price: 91,70
2021-01-29_01:06:06 520000 Price: 91,70
2021-01-29_01:16:05 520000 Price: 91,70
2021-01-29_01:26:06 520000 Price: 91,70
2021-01-29_01:36:06 520000 Price: 91,70
2021-01-29_01:46:05 520000 Price: 91,70
2021-01-29_01:56:06 520000 Price: 91,70
2021-01-29_02:06:06 520000 Price: 91,70
2021-01-29_02:16:06 520000 Price: 91,70
2021-01-29_02:26:06 520000 Price: 91,70
2021-01-29_02:36:06 520000 Price: 91,70
2021-01-29_02:46:06 520000 Price: 91,70
2021-01-29_02:56:06 520000 Price: 91,70
2021-01-29_03:06:06 520000 Price: 91,70
2021-01-29_03:16:06 520000 Price: 91,70
2021-01-29_03:26:06 520000 Price: 91,70
2021-01-29_03:36:06 520000 Price: 91,70
2021-01-29_03:46:07 520000 Price: 91,70
2021-01-29_03:56:06 520000 Price: 91,70
2021-01-29_04:06:06 520000 Price: 91,70
2021-01-29_04:16:06 520000 Price: 91,70
2021-01-29_04:26:06 520000 Price: 91,70
2021-01-29_04:36:06 520000 Price: 91,70
2021-01-29_04:46:06 520000 Price: 91,70
2021-01-29_04:56:07 520000 Price: 91,70
2021-01-29_05:06:07 520000 Price: 91,70
2021-01-29_05:16:06 520000 Price: 91,70
2021-01-29_05:26:06 520000 Price: 91,70
2021-01-29_05:36:06 520000 Price: 91,70
2021-01-29_05:46:06 520000 Price: 91,70
2021-01-29_05:56:06 520000 Price: 91,70
2021-01-29_06:06:07 520000 Price: 91,70
2021-01-29_06:16:07 520000 Price: 91,70
2021-01-29_06:26:06 520000 Price: 91,70
2021-01-29_06:36:07 520000 Price: 91,70
2021-01-29_06:46:06 520000 Price: 91,70
2021-01-29_06:56:06 520000 Price: 91,70
2021-01-29_07:06:06 520000 Price: 91,70
2021-01-29_07:16:06 520000 Price: 91,70
2021-01-29_07:26:06 520000 Price: 91,70
2021-01-29_07:36:06 520000 Price: 91,70
2021-01-29_07:46:07 520000 Price: 91,70
2021-01-29_07:56:06 520000 Price: 91,70
2021-01-29_08:06:06 520000 Price: 91,42
2021-01-29_08:16:06 520000 Price: 91,16
2021-01-29_08:26:06 520000 Price: 90,74
2021-01-29_08:36:06 520000 Price: 90,74
2021-01-29_08:46:06 520000 Price: 90,74
2021-01-29_08:56:06 520000 Price: 90,74
2021-01-29_09:06:06 520000 Price: 90,74
2021-01-29_09:16:06 520000 Price: 90,82
2021-01-29_09:36:06 520000 Price: 90,70
2021-01-29_09:46:06 520000 Price: 90,86
2021-01-29_09:56:06 520000 Price: 90,82
2021-01-29_10:06:06 520000 Price: 91,02
2021-01-29_10:16:06 520000 Price: 90,96
2021-01-29_10:26:07 520000 Price: 90,92
2021-01-29_10:36:06 520000 Price: 90,74
2021-01-29_10:46:06 520000 Price: 91,16
2021-01-29_10:56:06 520000 Price: 90,92
2021-01-29_11:06:06 520000 Price: 90,88
2021-01-29_11:16:07 520000 Price: 90,86
2021-01-29_11:26:06 520000 Price: 90,90
2021-01-29_11:36:06 520000 Price: 90,92
2021-01-29_11:46:07 520000 Price: 90,94
2021-01-29_11:56:07 520000 Price: 90,94
2021-01-29_12:06:08 520000 Price: 90,92
2021-01-29_12:16:07 520000 Price: 90,94
2021-01-29_12:26:06 520000 Price: 90,94
2021-01-29_12:36:06 520000 Price: 91,10
2021-01-29_12:46:07 520000 Price: 91,16
2021-01-29_12:56:06 520000 Price: 91,10
2021-01-29_13:06:06 520000 Price: 91,10
2021-01-29_13:16:07 520000 Price: 91,00
2021-01-29_13:26:06 520000 Price: 90,98
2021-01-29_13:36:07 520000 Price: 90,98
2021-01-29_13:46:07 520000 Price: 90,86
2021-01-29_13:56:06 520000 Price: 90,78
2021-01-29_14:06:06 520000 Price: 90,72
2021-01-29_14:16:06 520000 Price: 90,44
2021-01-29_14:26:07 520000 Price: 90,46
2021-01-29_14:46:07 520000 Price: 90,50
2021-01-29_14:56:06 520000 Price: 90,68
2021-01-29_15:06:07 520000 Price: 90,52
2021-01-29_15:16:06 520000 Price: 90,44
2021-01-29_15:26:06 520000 Price: 90,68
2021-01-29_15:36:07 520000 Price: 90,76
2021-01-29_15:46:06 520000 Price: 90,66
2021-01-29_15:56:07 520000 Price: 90,52
2021-01-29_16:06:07 520000 Price: 90,38
2021-01-29_16:16:07 520000 Price: 90,58
2021-01-29_16:26:06 520000 Price: 90,58
2021-01-29_16:36:07 520000 Price: 90,76
2021-01-29_16:46:06 520000 Price: 90,64
2021-01-29_16:56:06 520000 Price: 90,56
2021-01-29_17:06:06 520000 Price: 90,58
2021-01-29_17:16:07 520000 Price: 90,54
2021-01-29_17:26:07 520000 Price: 90,52
2021-01-29_17:36:06 520000 Price: 90,48
2021-01-29_17:46:07 520000 Price: 90,26
2021-01-29_17:56:06 520000 Price: 90,28
2021-01-29_18:06:07 520000 Price: 90,28
2021-01-29_18:16:06 520000 Price: 90,34
2021-01-29_18:26:07 520000 Price: 90,22
2021-01-29_18:36:07 520000 Price: 90,22
2021-01-29_18:46:07 520000 Price: 90,22
2021-01-29_18:56:06 520000 Price: 90,20
2021-01-29_19:06:07 520000 Price: 90,18
2021-01-29_19:16:07 520000 Price: 90,20
2021-01-29_19:26:07 520000 Price: 90,20
2021-01-29_19:36:08 520000 Price: 90,22
2021-01-29_19:46:09 520000 Price: 90,20
2021-01-29_19:56:07 520000 Price: 90,60
2021-01-29_20:06:08 520000 Price: 90,50
2021-01-29_20:16:07 520000 Price: 90,50
2021-01-29_20:26:08 520000 Price: 90,48
2021-01-29_20:36:07 520000 Price: 90,46
2021-01-29_20:46:07 520000 Price: 90,42
2021-01-29_20:56:08 520000 Price: 90,42
2021-01-29_21:06:07 520000 Price: 90,44
