2021-01-27_13:34:17 710000 Price: 57,02
2021-01-27_13:44:18 710000 Price: 56,89
2021-01-27_13:54:18 710000 Price: 57,01
2021-01-27_14:04:17 710000 Price: 56,92
2021-01-27_14:14:17 710000 Price: 56,79
2021-01-27_14:24:17 710000 Price: 57,13
2021-01-27_14:34:17 710000 Price: 57,08
2021-01-27_14:44:17 710000 Price: 56,86
2021-01-27_14:54:17 710000 Price: 56,92
2021-01-27_15:04:17 710000 Price: 56,97
2021-01-27_15:14:18 710000 Price: 56,54
2021-01-27_15:24:17 710000 Price: 56,72
2021-01-27_15:34:17 710000 Price: 56,79
2021-01-27_15:44:17 710000 Price: 56,60
2021-01-27_15:54:17 710000 Price: 56,49
2021-01-27_16:04:17 710000 Price: 56,88
2021-01-27_16:14:17 710000 Price: 56,88
2021-01-27_16:24:17 710000 Price: 57,14
2021-01-27_16:34:18 710000 Price: 57,39
2021-01-27_16:44:17 710000 Price: 57,07
2021-01-27_16:54:17 710000 Price: 57,18
2021-01-27_17:04:17 710000 Price: 57,05
2021-01-27_17:14:17 710000 Price: 57,19
2021-01-27_17:24:17 710000 Price: 57,13
2021-01-27_17:34:18 710000 Price: 57,12
2021-01-27_17:44:17 710000 Price: 57,32
2021-01-27_17:54:17 710000 Price: 57,39
2021-01-27_18:04:18 710000 Price: 57,05
2021-01-27_18:14:18 710000 Price: 56,98
2021-01-27_18:24:17 710000 Price: 57,24
2021-01-27_18:34:17 710000 Price: 57,15
2021-01-27_18:44:17 710000 Price: 57,18
2021-01-27_18:54:17 710000 Price: 57,23
2021-01-27_19:04:17 710000 Price: 57,22
2021-01-27_19:14:17 710000 Price: 57,35
2021-01-27_19:24:17 710000 Price: 57,30
2021-01-27_19:34:17 710000 Price: 57,29
2021-01-27_19:44:17 710000 Price: 57,41
2021-01-27_19:54:18 710000 Price: 57,22
2021-01-27_20:04:17 710000 Price: 57,28
2021-01-27_20:14:17 710000 Price: 57,22
2021-01-27_20:24:17 710000 Price: 57,10
2021-01-27_20:34:17 710000 Price: 57,12
2021-01-27_20:44:17 710000 Price: 57,03
2021-01-27_20:54:17 710000 Price: 57,02
2021-01-27_21:04:17 710000 Price: 57,07
2021-01-27_21:14:17 710000 Price: 56,97
2021-01-27_21:24:17 710000 Price: 57,00
2021-01-27_21:34:18 710000 Price: 56,97
2021-01-27_21:44:17 710000 Price: 56,85
2021-01-27_21:54:17 710000 Price: 56,97
2021-01-27_22:04:17 710000 Price: 56,99
2021-01-27_22:14:17 710000 Price: 56,99
2021-01-27_22:24:17 710000 Price: 56,99
2021-01-27_22:34:17 710000 Price: 56,99
2021-01-27_22:44:17 710000 Price: 56,99
2021-01-27_22:54:18 710000 Price: 56,99
2021-01-27_23:04:17 710000 Price: 56,99
2021-01-27_23:14:17 710000 Price: 56,99
2021-01-27_23:24:17 710000 Price: 56,99
2021-01-27_23:34:17 710000 Price: 56,99
2021-01-27_23:44:17 710000 Price: 56,99
2021-01-27_23:54:17 710000 Price: 56,99
2021-01-28_00:04:17 710000 Price: 56,99
2021-01-28_00:14:18 710000 Price: 56,99
2021-01-28_00:24:17 710000 Price: 56,99
2021-01-28_00:34:18 710000 Price: 56,99
2021-01-28_00:44:17 710000 Price: 56,99
2021-01-28_00:54:17 710000 Price: 56,99
2021-01-28_01:04:17 710000 Price: 56,99
2021-01-28_01:14:18 710000 Price: 56,99
2021-01-28_01:24:17 710000 Price: 56,99
2021-01-28_01:34:18 710000 Price: 56,99
2021-01-28_01:44:17 710000 Price: 56,99
2021-01-28_01:54:17 710000 Price: 56,99
2021-01-28_02:04:18 710000 Price: 56,99
2021-01-28_02:14:18 710000 Price: 56,99
2021-01-28_02:24:17 710000 Price: 56,99
2021-01-28_02:34:17 710000 Price: 56,99
2021-01-28_02:44:17 710000 Price: 56,99
2021-01-28_02:54:18 710000 Price: 56,99
2021-01-28_03:04:17 710000 Price: 56,99
2021-01-28_03:14:17 710000 Price: 56,99
2021-01-28_03:24:17 710000 Price: 56,99
2021-01-28_03:34:17 710000 Price: 56,99
2021-01-28_03:44:17 710000 Price: 56,99
2021-01-28_03:54:17 710000 Price: 56,99
2021-01-28_04:04:18 710000 Price: 56,99
2021-01-28_04:14:17 710000 Price: 56,99
2021-01-28_04:24:17 710000 Price: 56,99
2021-01-28_04:34:17 710000 Price: 56,99
2021-01-28_04:44:17 710000 Price: 56,99
2021-01-28_04:54:17 710000 Price: 56,99
2021-01-28_05:04:17 710000 Price: 56,99
2021-01-28_05:14:17 710000 Price: 56,99
2021-01-28_05:24:17 710000 Price: 56,99
2021-01-28_05:34:18 710000 Price: 56,99
2021-01-28_05:44:17 710000 Price: 56,99
2021-01-28_05:54:17 710000 Price: 56,99
2021-01-28_06:04:17 710000 Price: 56,99
2021-01-28_06:14:17 710000 Price: 56,99
2021-01-28_06:24:17 710000 Price: 56,99
2021-01-28_06:34:17 710000 Price: 56,99
2021-01-28_06:44:17 710000 Price: 56,99
2021-01-28_06:54:17 710000 Price: 56,99
2021-01-28_07:04:17 710000 Price: 56,99
2021-01-28_07:14:17 710000 Price: 56,99
2021-01-28_07:24:18 710000 Price: 56,99
2021-01-28_07:34:17 710000 Price: 56,99
2021-01-28_07:44:17 710000 Price: 56,99
2021-01-28_07:54:17 710000 Price: 56,99
2021-01-28_08:04:17 710000 Price: 56,72
2021-01-28_08:14:17 710000 Price: 56,46
2021-01-28_08:24:18 710000 Price: 56,46
2021-01-28_08:34:17 710000 Price: 56,58
2021-01-28_08:44:17 710000 Price: 56,46
2021-01-28_08:54:17 710000 Price: 56,36
2021-01-28_09:04:18 710000 Price: 56,76
2021-01-28_09:14:17 710000 Price: 56,76
2021-01-28_09:24:17 710000 Price: 56,78
2021-01-28_09:34:17 710000 Price: 56,24
2021-01-28_09:44:17 710000 Price: 55,81
2021-01-28_09:54:17 710000 Price: 55,94
2021-01-28_10:04:17 710000 Price: 55,89
2021-01-28_10:14:18 710000 Price: 55,77
2021-01-28_10:18:28 710000 Price: 55,79
2021-01-28_10:19:33 710000 Price: 55,79
2021-01-28_10:29:32 710000 Price: 55,64
2021-01-28_10:39:32 710000 Price: 55,68
2021-01-28_10:49:33 710000 Price: 55,89
2021-01-28_10:59:32 710000 Price: 56,04
2021-01-28_11:09:33 710000 Price: 56,16
2021-01-28_11:19:33 710000 Price: 56,36
2021-01-28_11:29:32 710000 Price: 56,55
2021-01-28_11:39:33 710000 Price: 56,59
2021-01-28_11:49:33 710000 Price: 56,56
2021-01-28_11:59:33 710000 Price: 56,49
2021-01-28_12:09:32 710000 Price: 56,45
2021-01-28_12:19:33 710000 Price: 56,44
2021-01-28_12:29:33 710000 Price: 56,53
2021-01-28_12:39:33 710000 Price: 56,57
2021-01-28_12:49:33 710000 Price: 56,46
2021-01-28_12:59:33 710000 Price: 56,54
2021-01-28_13:09:33 710000 Price: 56,38
2021-01-28_13:19:33 710000 Price: 56,50
2021-01-28_13:29:33 710000 Price: 56,45
2021-01-28_13:39:33 710000 Price: 56,40
2021-01-28_13:49:33 710000 Price: 56,45
2021-01-28_13:59:33 710000 Price: 56,53
2021-01-28_14:19:33 710000 Price: 56,41
2021-01-28_14:29:33 710000 Price: 56,50
2021-01-28_14:39:33 710000 Price: 56,73
2021-01-28_14:49:33 710000 Price: 56,85
2021-01-28_14:59:33 710000 Price: 57,04
2021-01-28_15:09:33 710000 Price: 56,82
2021-01-28_15:19:33 710000 Price: 56,90
2021-01-28_15:29:33 710000 Price: 57,01
2021-01-28_15:39:33 710000 Price: 57,22
2021-01-28_15:49:33 710000 Price: 57,22
2021-01-28_15:59:33 710000 Price: 57,26
2021-01-28_16:09:33 710000 Price: 56,99
2021-01-28_16:19:33 710000 Price: 57,48
2021-01-28_16:29:33 710000 Price: 57,43
2021-01-28_16:39:33 710000 Price: 57,51
2021-01-28_16:49:33 710000 Price: 57,56
2021-01-28_16:59:33 710000 Price: 57,49
2021-01-28_17:09:33 710000 Price: 57,56
2021-01-28_17:19:34 710000 Price: 57,56
2021-01-28_17:29:33 710000 Price: 57,65
2021-01-28_17:39:33 710000 Price: 57,55
2021-01-28_17:59:33 710000 Price: 57,63
2021-01-28_18:09:49 710000 Price: 57,78
2021-01-28_18:16:05 710000 Price: 57,79
2021-01-28_18:26:04 710000 Price: 57,60
2021-01-28_18:36:04 710000 Price: 57,56
2021-01-28_18:46:05 710000 Price: 57,52
2021-01-28_18:56:05 710000 Price: 57,57
2021-01-28_19:06:07 710000 Price: 57,52
2021-01-28_19:16:06 710000 Price: 57,42
2021-01-28_19:26:05 710000 Price: 57,41
2021-01-28_19:36:05 710000 Price: 57,59
2021-01-28_19:46:05 710000 Price: 57,61
2021-01-28_19:56:05 710000 Price: 57,63
2021-01-28_20:06:05 710000 Price: 57,57
2021-01-28_20:16:05 710000 Price: 57,57
2021-01-28_20:26:05 710000 Price: 58,55
2021-01-28_20:36:05 710000 Price: 58,42
2021-01-28_20:46:05 710000 Price: 58,30
2021-01-28_20:56:05 710000 Price: 58,40
2021-01-28_21:06:06 710000 Price: 58,34
2021-01-28_21:16:05 710000 Price: 58,19
2021-01-28_21:26:05 710000 Price: 58,67
2021-01-28_21:36:05 710000 Price: 58,81
2021-01-28_21:46:05 710000 Price: 58,60
2021-01-28_21:56:05 710000 Price: 58,71
2021-01-28_22:06:05 710000 Price: 58,95
2021-01-28_22:16:05 710000 Price: 58,95
2021-01-28_22:26:05 710000 Price: 58,95
2021-01-28_22:36:05 710000 Price: 58,95
2021-01-28_22:46:06 710000 Price: 58,95
2021-01-28_22:56:06 710000 Price: 58,95
2021-01-28_23:06:06 710000 Price: 58,95
2021-01-28_23:16:06 710000 Price: 58,95
2021-01-28_23:26:06 710000 Price: 58,95
2021-01-28_23:36:06 710000 Price: 58,95
2021-01-28_23:46:06 710000 Price: 58,95
2021-01-28_23:56:07 710000 Price: 58,95
2021-01-29_00:06:06 710000 Price: 58,95
2021-01-29_00:16:06 710000 Price: 58,95
2021-01-29_00:26:06 710000 Price: 58,95
2021-01-29_00:36:06 710000 Price: 58,95
2021-01-29_00:46:06 710000 Price: 58,95
2021-01-29_00:56:07 710000 Price: 58,95
2021-01-29_01:06:06 710000 Price: 58,95
2021-01-29_01:16:06 710000 Price: 58,95
2021-01-29_01:36:06 710000 Price: 58,95
2021-01-29_01:46:06 710000 Price: 58,95
2021-01-29_01:56:06 710000 Price: 58,95
2021-01-29_02:06:06 710000 Price: 58,95
2021-01-29_02:16:06 710000 Price: 58,95
2021-01-29_02:26:07 710000 Price: 58,95
2021-01-29_02:36:06 710000 Price: 58,95
2021-01-29_02:46:06 710000 Price: 58,95
2021-01-29_02:56:07 710000 Price: 58,95
2021-01-29_03:06:06 710000 Price: 58,95
2021-01-29_03:16:06 710000 Price: 58,95
2021-01-29_03:26:07 710000 Price: 58,95
2021-01-29_03:36:07 710000 Price: 58,95
2021-01-29_03:46:06 710000 Price: 58,95
2021-01-29_03:56:07 710000 Price: 58,95
2021-01-29_04:06:06 710000 Price: 58,95
2021-01-29_04:16:06 710000 Price: 58,95
2021-01-29_04:26:06 710000 Price: 58,95
2021-01-29_04:36:07 710000 Price: 58,95
2021-01-29_04:46:07 710000 Price: 58,95
2021-01-29_04:56:06 710000 Price: 58,95
2021-01-29_05:16:06 710000 Price: 58,95
2021-01-29_05:26:06 710000 Price: 58,95
2021-01-29_05:36:07 710000 Price: 58,95
2021-01-29_05:46:07 710000 Price: 58,95
2021-01-29_05:56:06 710000 Price: 58,95
2021-01-29_06:06:07 710000 Price: 58,95
2021-01-29_06:16:07 710000 Price: 58,95
2021-01-29_06:26:06 710000 Price: 58,95
2021-01-29_06:36:07 710000 Price: 58,95
2021-01-29_06:46:06 710000 Price: 58,95
2021-01-29_06:56:06 710000 Price: 58,95
2021-01-29_07:06:06 710000 Price: 58,95
2021-01-29_07:16:07 710000 Price: 58,95
2021-01-29_07:26:06 710000 Price: 58,95
2021-01-29_07:36:06 710000 Price: 58,95
2021-01-29_07:46:06 710000 Price: 58,95
2021-01-29_07:56:07 710000 Price: 58,95
2021-01-29_08:06:07 710000 Price: 58,68
2021-01-29_08:16:07 710000 Price: 58,28
2021-01-29_08:26:06 710000 Price: 58,00
2021-01-29_08:36:07 710000 Price: 57,99
2021-01-29_08:46:07 710000 Price: 57,75
2021-01-29_08:56:07 710000 Price: 57,75
2021-01-29_09:06:07 710000 Price: 57,37
2021-01-29_09:16:07 710000 Price: 57,20
2021-01-29_09:26:07 710000 Price: 57,31
2021-01-29_09:36:07 710000 Price: 57,95
2021-01-29_09:46:07 710000 Price: 58,47
2021-01-29_09:56:08 710000 Price: 58,58
2021-01-29_10:06:07 710000 Price: 58,50
2021-01-29_10:16:07 710000 Price: 58,36
2021-01-29_10:26:07 710000 Price: 58,23
2021-01-29_10:36:07 710000 Price: 58,51
2021-01-29_10:46:07 710000 Price: 58,56
2021-01-29_10:56:07 710000 Price: 58,42
2021-01-29_11:06:07 710000 Price: 58,33
2021-01-29_11:16:07 710000 Price: 58,18
2021-01-29_11:26:07 710000 Price: 58,05
2021-01-29_11:36:07 710000 Price: 57,83
2021-01-29_11:46:07 710000 Price: 57,89
2021-01-29_11:56:08 710000 Price: 58,06
2021-01-29_12:06:07 710000 Price: 58,00
2021-01-29_12:16:07 710000 Price: 57,92
2021-01-29_12:26:07 710000 Price: 57,98
2021-01-29_12:36:07 710000 Price: 58,17
2021-01-29_12:46:07 710000 Price: 58,35
2021-01-29_12:56:07 710000 Price: 58,45
2021-01-29_13:06:07 710000 Price: 58,28
2021-01-29_13:16:07 710000 Price: 58,39
2021-01-29_13:26:07 710000 Price: 58,29
2021-01-29_13:36:07 710000 Price: 58,29
2021-01-29_13:46:07 710000 Price: 58,31
2021-01-29_13:56:08 710000 Price: 58,20
2021-01-29_14:06:07 710000 Price: 57,73
2021-01-29_14:16:07 710000 Price: 57,70
2021-01-29_14:26:07 710000 Price: 57,79
2021-01-29_14:36:07 710000 Price: 57,83
2021-01-29_14:46:08 710000 Price: 58,16
2021-01-29_14:56:07 710000 Price: 58,20
2021-01-29_15:06:08 710000 Price: 58,19
2021-01-29_15:16:07 710000 Price: 58,26
2021-01-29_15:26:07 710000 Price: 58,38
2021-01-29_15:36:07 710000 Price: 58,39
2021-01-29_15:46:07 710000 Price: 58,18
2021-01-29_15:56:07 710000 Price: 58,12
2021-01-29_16:06:07 710000 Price: 58,12
2021-01-29_16:16:07 710000 Price: 58,61
2021-01-29_16:26:07 710000 Price: 58,67
2021-01-29_16:36:07 710000 Price: 58,76
2021-01-29_16:46:07 710000 Price: 58,59
2021-01-29_16:56:07 710000 Price: 58,75
2021-01-29_17:06:08 710000 Price: 58,76
2021-01-29_17:16:08 710000 Price: 58,72
2021-01-29_17:26:08 710000 Price: 58,66
2021-01-29_17:36:08 710000 Price: 58,12
2021-01-29_17:46:07 710000 Price: 57,98
2021-01-29_17:56:08 710000 Price: 58,14
2021-01-29_18:06:07 710000 Price: 58,04
2021-01-29_18:16:07 710000 Price: 58,05
2021-01-29_18:26:08 710000 Price: 57,80
2021-01-29_18:36:08 710000 Price: 57,89
2021-01-29_18:46:08 710000 Price: 57,87
2021-01-29_18:56:07 710000 Price: 57,72
2021-01-29_19:06:07 710000 Price: 57,51
2021-01-29_19:16:07 710000 Price: 57,52
2021-01-29_19:26:07 710000 Price: 57,91
2021-01-29_19:36:08 710000 Price: 57,64
2021-01-29_19:46:10 710000 Price: 57,63
2021-01-29_19:56:08 710000 Price: 57,63
2021-01-29_20:06:07 710000 Price: 57,61
2021-01-29_20:16:08 710000 Price: 57,68
2021-01-29_20:26:08 710000 Price: 57,68
2021-01-29_20:36:08 710000 Price: 57,74
2021-01-29_20:46:08 710000 Price: 57,61
2021-01-29_20:56:08 710000 Price: 57,62
2021-01-29_21:06:08 710000 Price: 57,65
