2021-01-25_20:30:26 716460 Price: 106,64
2021-01-25_20:40:26 716460 Price: 106,78
2021-01-25_20:50:26 716460 Price: 106,78
2021-01-25_21:00:26 716460 Price: 106,74
2021-01-25_21:10:27 716460 Price: 106,68
2021-01-25_21:20:26 716460 Price: 106,52
2021-01-25_21:30:26 716460 Price: 106,36
2021-01-25_21:40:26 716460 Price: 106,38
2021-01-25_21:50:27 716460 Price: 106,12
2021-01-25_22:00:27 716460 Price: 106,18
2021-01-25_22:10:27 716460 Price: 106,18
2021-01-25_22:20:26 716460 Price: 106,18
2021-01-25_22:30:27 716460 Price: 106,18
2021-01-25_22:40:26 716460 Price: 106,18
2021-01-25_22:50:26 716460 Price: 106,18
2021-01-25_23:00:26 716460 Price: 106,18
2021-01-25_23:10:26 716460 Price: 106,18
2021-01-25_23:20:26 716460 Price: 106,18
2021-01-25_23:30:26 716460 Price: 106,18
2021-01-25_23:40:26 716460 Price: 106,18
2021-01-25_23:50:27 716460 Price: 106,18
2021-01-26_00:00:26 716460 Price: 106,18
2021-01-26_00:10:27 716460 Price: 106,18
2021-01-26_00:20:27 716460 Price: 106,18
2021-01-26_00:30:26 716460 Price: 106,18
2021-01-26_00:40:26 716460 Price: 106,18
2021-01-26_00:50:26 716460 Price: 106,18
2021-01-26_01:00:26 716460 Price: 106,18
2021-01-26_01:10:26 716460 Price: 106,18
2021-01-26_01:20:27 716460 Price: 106,18
2021-01-26_01:30:27 716460 Price: 106,18
2021-01-26_01:40:26 716460 Price: 106,18
2021-01-26_01:50:26 716460 Price: 106,18
2021-01-26_02:00:27 716460 Price: 106,18
2021-01-26_02:10:26 716460 Price: 106,18
2021-01-26_02:20:26 716460 Price: 106,18
2021-01-26_02:30:26 716460 Price: 106,18
2021-01-26_02:40:27 716460 Price: 106,18
2021-01-26_02:50:27 716460 Price: 106,18
2021-01-26_03:00:26 716460 Price: 106,18
2021-01-26_03:10:26 716460 Price: 106,18
2021-01-26_03:20:27 716460 Price: 106,18
2021-01-26_03:30:26 716460 Price: 106,18
2021-01-26_03:40:26 716460 Price: 106,18
2021-01-26_03:50:26 716460 Price: 106,18
2021-01-26_04:00:26 716460 Price: 106,18
2021-01-26_04:10:26 716460 Price: 106,18
2021-01-26_04:20:26 716460 Price: 106,18
2021-01-26_04:30:26 716460 Price: 106,18
2021-01-26_04:40:26 716460 Price: 106,18
2021-01-26_04:50:26 716460 Price: 106,18
2021-01-26_05:00:26 716460 Price: 106,18
2021-01-26_05:10:26 716460 Price: 106,18
2021-01-26_05:20:26 716460 Price: 106,18
2021-01-26_05:30:27 716460 Price: 106,18
2021-01-26_05:40:26 716460 Price: 106,18
2021-01-26_05:50:26 716460 Price: 106,18
2021-01-26_06:00:26 716460 Price: 106,18
2021-01-26_06:10:26 716460 Price: 106,18
2021-01-26_06:20:26 716460 Price: 106,18
2021-01-26_06:30:26 716460 Price: 106,18
2021-01-26_06:40:26 716460 Price: 106,18
2021-01-26_06:50:26 716460 Price: 106,18
2021-01-26_07:00:26 716460 Price: 106,18
2021-01-26_07:10:26 716460 Price: 106,18
2021-01-26_07:20:26 716460 Price: 106,18
2021-01-26_07:30:26 716460 Price: 106,18
2021-01-26_07:40:26 716460 Price: 106,18
2021-01-26_07:50:26 716460 Price: 106,18
2021-01-26_08:00:26 716460 Price: 106,18
2021-01-26_08:10:26 716460 Price: 104,80
2021-01-26_08:20:26 716460 Price: 105,16
2021-01-26_08:30:26 716460 Price: 105,20
2021-01-26_08:40:26 716460 Price: 105,16
2021-01-26_08:50:26 716460 Price: 105,36
2021-01-26_09:00:26 716460 Price: 105,36
2021-01-26_09:10:26 716460 Price: 105,66
2021-01-26_09:20:26 716460 Price: 106,44
2021-01-26_09:30:27 716460 Price: 106,68
2021-01-26_09:40:27 716460 Price: 106,78
2021-01-26_09:50:26 716460 Price: 107,04
2021-01-26_10:00:26 716460 Price: 107,08
2021-01-26_10:10:26 716460 Price: 107,54
2021-01-26_10:20:27 716460 Price: 107,72
2021-01-26_10:30:26 716460 Price: 108,02
2021-01-26_10:40:26 716460 Price: 108,06
2021-01-26_10:50:26 716460 Price: 108,28
2021-01-26_11:00:26 716460 Price: 108,06
2021-01-26_11:10:26 716460 Price: 108,10
2021-01-26_11:20:26 716460 Price: 107,96
2021-01-26_11:30:27 716460 Price: 107,98
2021-01-26_11:40:26 716460 Price: 108,12
2021-01-26_11:50:27 716460 Price: 107,98
2021-01-26_12:00:26 716460 Price: 108,20
2021-01-26_12:10:27 716460 Price: 108,16
2021-01-26_12:20:26 716460 Price: 108,22
2021-01-26_12:30:26 716460 Price: 108,24
2021-01-26_12:40:26 716460 Price: 108,26
2021-01-26_12:50:26 716460 Price: 108,30
2021-01-26_13:00:26 716460 Price: 108,56
2021-01-26_13:10:26 716460 Price: 108,60
2021-01-26_13:20:26 716460 Price: 108,68
2021-01-26_13:30:26 716460 Price: 108,80
2021-01-26_13:40:26 716460 Price: 108,80
2021-01-26_13:50:26 716460 Price: 108,66
2021-01-26_14:00:27 716460 Price: 108,70
2021-01-26_14:10:26 716460 Price: 108,76
2021-01-26_14:20:26 716460 Price: 108,68
2021-01-26_14:30:27 716460 Price: 108,80
2021-01-26_14:40:26 716460 Price: 108,80
2021-01-26_14:50:26 716460 Price: 108,72
2021-01-26_15:57:22 716460 Price: 109,26
2021-01-26_16:17:22 716460 Price: 109,70
2021-01-26_16:27:22 716460 Price: 109,76
2021-01-26_16:30:38 716460 Price: 109,84
2021-01-26_16:35:49 716460 Price: 109,84
2021-01-26_16:48:36 716460 Price: 109,84
2021-01-26_16:58:36 716460 Price: 109,86
2021-01-26_17:08:36 716460 Price: 109,88
2021-01-26_17:18:36 716460 Price: 109,94
2021-01-26_17:28:36 716460 Price: 109,98
2021-01-26_17:38:36 716460 Price: 109,76
2021-01-26_17:48:36 716460 Price: 109,62
2021-01-26_17:58:36 716460 Price: 109,62
2021-01-26_18:08:36 716460 Price: 109,72
2021-01-26_18:18:36 716460 Price: 109,88
2021-01-26_18:28:36 716460 Price: 109,68
2021-01-26_18:38:36 716460 Price: 109,78
2021-01-26_18:48:36 716460 Price: 109,74
2021-01-26_18:58:36 716460 Price: 109,82
2021-01-26_19:08:37 716460 Price: 109,60
2021-01-26_19:18:36 716460 Price: 109,98
2021-01-26_19:28:36 716460 Price: 109,92
2021-01-26_19:38:36 716460 Price: 109,76
2021-01-26_19:48:36 716460 Price: 109,86
2021-01-26_19:58:36 716460 Price: 109,78
2021-01-26_20:08:37 716460 Price: 110,02
2021-01-26_20:18:37 716460 Price: 110,34
2021-01-26_20:28:37 716460 Price: 110,34
2021-01-26_20:38:37 716460 Price: 110,46
2021-01-26_20:48:36 716460 Price: 110,18
2021-01-26_20:58:36 716460 Price: 110,50
2021-01-26_21:08:37 716460 Price: 110,42
2021-01-26_21:18:39 716460 Price: 110,62
2021-01-26_21:28:37 716460 Price: 110,62
2021-01-26_21:38:37 716460 Price: 110,34
2021-01-26_21:48:37 716460 Price: 110,48
2021-01-26_21:58:37 716460 Price: 110,32
2021-01-26_22:08:37 716460 Price: 110,32
2021-01-26_22:18:37 716460 Price: 110,32
2021-01-26_22:28:37 716460 Price: 110,32
2021-01-26_22:38:37 716460 Price: 110,32
2021-01-26_22:48:37 716460 Price: 110,32
2021-01-26_22:58:37 716460 Price: 110,32
2021-01-26_23:08:37 716460 Price: 110,32
2021-01-26_23:18:37 716460 Price: 110,32
2021-01-26_23:28:37 716460 Price: 110,32
2021-01-26_23:38:37 716460 Price: 110,32
2021-01-26_23:48:37 716460 Price: 110,32
2021-01-26_23:58:38 716460 Price: 110,32
2021-01-27_00:08:37 716460 Price: 110,32
2021-01-27_00:18:37 716460 Price: 110,32
2021-01-27_00:28:37 716460 Price: 110,32
2021-01-27_00:38:37 716460 Price: 110,32
2021-01-27_00:48:37 716460 Price: 110,32
2021-01-27_00:58:38 716460 Price: 110,32
2021-01-27_01:08:38 716460 Price: 110,32
2021-01-27_01:18:37 716460 Price: 110,32
2021-01-27_01:28:38 716460 Price: 110,32
2021-01-27_01:38:37 716460 Price: 110,32
2021-01-27_01:48:37 716460 Price: 110,32
2021-01-27_01:58:37 716460 Price: 110,32
2021-01-27_02:08:37 716460 Price: 110,32
2021-01-27_02:18:37 716460 Price: 110,32
2021-01-27_02:28:37 716460 Price: 110,32
2021-01-27_02:38:37 716460 Price: 110,32
2021-01-27_02:48:37 716460 Price: 110,32
2021-01-27_02:58:37 716460 Price: 110,32
2021-01-27_03:08:37 716460 Price: 110,32
2021-01-27_03:18:37 716460 Price: 110,32
2021-01-27_03:28:37 716460 Price: 110,32
2021-01-27_03:38:38 716460 Price: 110,32
2021-01-27_03:48:37 716460 Price: 110,32
2021-01-27_03:58:37 716460 Price: 110,32
2021-01-27_04:08:38 716460 Price: 110,32
2021-01-27_04:18:37 716460 Price: 110,32
2021-01-27_04:28:37 716460 Price: 110,32
2021-01-27_04:38:38 716460 Price: 110,32
2021-01-27_04:48:37 716460 Price: 110,32
2021-01-27_04:58:37 716460 Price: 110,32
2021-01-27_05:08:37 716460 Price: 110,32
2021-01-27_05:18:37 716460 Price: 110,32
2021-01-27_05:28:38 716460 Price: 110,32
2021-01-27_05:38:37 716460 Price: 110,32
2021-01-27_05:48:37 716460 Price: 110,32
2021-01-27_05:58:37 716460 Price: 110,32
2021-01-27_06:08:38 716460 Price: 110,32
2021-01-27_06:18:37 716460 Price: 110,32
2021-01-27_06:28:38 716460 Price: 110,32
2021-01-27_06:38:37 716460 Price: 110,32
2021-01-27_06:48:37 716460 Price: 110,32
2021-01-27_06:58:37 716460 Price: 110,32
2021-01-27_07:08:37 716460 Price: 110,32
2021-01-27_07:18:37 716460 Price: 110,32
2021-01-27_07:28:37 716460 Price: 110,32
2021-01-27_07:38:37 716460 Price: 110,32
2021-01-27_07:48:38 716460 Price: 110,32
2021-01-27_07:58:37 716460 Price: 110,32
2021-01-27_08:08:37 716460 Price: 110,76
2021-01-27_08:18:37 716460 Price: 110,74
2021-01-27_08:28:37 716460 Price: 110,74
2021-01-27_08:38:37 716460 Price: 110,86
2021-01-27_08:48:37 716460 Price: 110,84
2021-01-27_08:58:38 716460 Price: 110,60
2021-01-27_09:08:37 716460 Price: 109,74
2021-01-27_09:18:38 716460 Price: 109,76
2021-01-27_09:28:37 716460 Price: 109,62
2021-01-27_09:38:38 716460 Price: 110,18
2021-01-27_09:48:38 716460 Price: 110,48
2021-01-27_09:58:38 716460 Price: 110,72
2021-01-27_10:08:38 716460 Price: 111,12
2021-01-27_10:18:38 716460 Price: 111,32
2021-01-27_10:28:38 716460 Price: 111,66
2021-01-27_10:38:37 716460 Price: 111,58
2021-01-27_10:48:38 716460 Price: 111,74
2021-01-27_10:58:37 716460 Price: 111,60
2021-01-27_11:08:38 716460 Price: 111,74
2021-01-27_11:18:38 716460 Price: 111,86
2021-01-27_11:28:38 716460 Price: 111,34
2021-01-27_11:38:38 716460 Price: 111,32
2021-01-27_11:48:38 716460 Price: 111,16
2021-01-27_11:58:38 716460 Price: 110,74
2021-01-27_12:08:38 716460 Price: 110,98
2021-01-27_12:18:38 716460 Price: 111,08
2021-01-27_12:28:39 716460 Price: 110,96
2021-01-27_12:38:39 716460 Price: 110,86
2021-01-27_12:48:38 716460 Price: 110,68
2021-01-27_12:58:39 716460 Price: 110,52
2021-01-27_13:08:38 716460 Price: 110,50
2021-01-27_13:18:39 716460 Price: 110,48
2021-01-27_13:28:38 716460 Price: 110,06
2021-01-27_13:38:39 716460 Price: 110,02
2021-01-27_13:48:38 716460 Price: 109,80
2021-01-27_13:58:39 716460 Price: 109,36
2021-01-27_14:08:39 716460 Price: 109,36
2021-01-27_14:18:38 716460 Price: 109,50
2021-01-27_14:28:38 716460 Price: 109,70
2021-01-27_14:38:39 716460 Price: 109,46
2021-01-27_14:48:38 716460 Price: 109,34
2021-01-27_14:58:38 716460 Price: 109,10
2021-01-27_15:08:39 716460 Price: 108,84
2021-01-27_15:18:38 716460 Price: 108,48
2021-01-27_15:28:39 716460 Price: 108,90
2021-01-27_15:38:39 716460 Price: 108,38
2021-01-27_15:48:38 716460 Price: 108,70
2021-01-27_15:58:38 716460 Price: 108,32
2021-01-27_16:08:38 716460 Price: 109,18
2021-01-27_16:18:38 716460 Price: 109,64
2021-01-27_16:28:39 716460 Price: 109,98
2021-01-27_16:38:38 716460 Price: 109,82
2021-01-27_16:48:38 716460 Price: 109,78
2021-01-27_16:58:39 716460 Price: 110,12
2021-01-27_17:08:38 716460 Price: 110,20
2021-01-27_17:18:38 716460 Price: 110,20
2021-01-27_17:28:39 716460 Price: 110,04
2021-01-27_17:38:39 716460 Price: 110,10
2021-01-27_17:48:39 716460 Price: 110,28
2021-01-27_17:58:38 716460 Price: 109,54
2021-01-27_18:08:39 716460 Price: 109,36
2021-01-27_18:18:39 716460 Price: 109,68
2021-01-27_18:28:39 716460 Price: 109,82
2021-01-27_18:38:38 716460 Price: 109,72
2021-01-27_18:48:39 716460 Price: 110,00
2021-01-27_18:58:38 716460 Price: 109,78
2021-01-27_19:08:38 716460 Price: 109,72
2021-01-27_19:18:39 716460 Price: 109,78
2021-01-27_19:28:39 716460 Price: 109,82
2021-01-27_19:38:38 716460 Price: 109,84
2021-01-27_19:48:39 716460 Price: 110,14
2021-01-27_19:58:39 716460 Price: 109,84
2021-01-27_20:08:39 716460 Price: 109,80
2021-01-27_20:18:39 716460 Price: 109,78
2021-01-27_20:28:39 716460 Price: 109,78
2021-01-27_20:38:38 716460 Price: 109,28
2021-01-27_20:48:39 716460 Price: 109,22
2021-01-27_20:58:38 716460 Price: 109,00
2021-01-27_21:18:42 716460 Price: 109,24
2021-01-27_21:28:42 716460 Price: 108,68
2021-01-27_21:38:42 716460 Price: 108,70
2021-01-27_21:48:42 716460 Price: 108,84
2021-01-27_21:58:42 716460 Price: 108,82
2021-01-27_22:08:42 716460 Price: 108,82
2021-01-27_22:18:42 716460 Price: 108,82
2021-01-27_22:28:42 716460 Price: 108,82
2021-01-27_22:38:42 716460 Price: 108,82
2021-01-27_22:48:42 716460 Price: 108,82
2021-01-27_22:58:42 716460 Price: 108,82
2021-01-27_23:08:42 716460 Price: 108,82
2021-01-27_23:18:42 716460 Price: 108,82
2021-01-27_23:28:42 716460 Price: 108,82
2021-01-27_23:38:42 716460 Price: 108,82
2021-01-27_23:48:42 716460 Price: 108,82
2021-01-27_23:58:42 716460 Price: 108,82
2021-01-28_00:08:42 716460 Price: 108,82
2021-01-28_00:18:42 716460 Price: 108,82
2021-01-28_00:28:42 716460 Price: 108,82
2021-01-28_00:38:42 716460 Price: 108,82
2021-01-28_00:48:42 716460 Price: 108,82
2021-01-28_00:58:42 716460 Price: 108,82
2021-01-28_01:08:42 716460 Price: 108,82
2021-01-28_01:18:42 716460 Price: 108,82
2021-01-28_01:28:42 716460 Price: 108,82
2021-01-28_01:38:42 716460 Price: 108,82
2021-01-28_01:48:42 716460 Price: 108,82
2021-01-28_01:58:42 716460 Price: 108,82
2021-01-28_02:08:42 716460 Price: 108,82
2021-01-28_02:18:42 716460 Price: 108,82
2021-01-28_02:28:43 716460 Price: 108,82
2021-01-28_02:38:42 716460 Price: 108,82
2021-01-28_02:48:43 716460 Price: 108,82
2021-01-28_02:58:42 716460 Price: 108,82
2021-01-28_03:08:42 716460 Price: 108,82
2021-01-28_03:18:43 716460 Price: 108,82
2021-01-28_03:28:42 716460 Price: 108,82
2021-01-28_03:38:43 716460 Price: 108,82
2021-01-28_03:48:42 716460 Price: 108,82
2021-01-28_03:58:42 716460 Price: 108,82
2021-01-28_04:08:42 716460 Price: 108,82
2021-01-28_04:18:42 716460 Price: 108,82
2021-01-28_04:28:42 716460 Price: 108,82
2021-01-28_04:38:42 716460 Price: 108,82
2021-01-28_04:48:42 716460 Price: 108,82
2021-01-28_04:58:42 716460 Price: 108,82
2021-01-28_05:08:42 716460 Price: 108,82
2021-01-28_05:18:43 716460 Price: 108,82
2021-01-28_05:28:43 716460 Price: 108,82
2021-01-28_05:38:42 716460 Price: 108,82
2021-01-28_05:48:43 716460 Price: 108,82
2021-01-28_05:58:42 716460 Price: 108,82
2021-01-28_06:08:42 716460 Price: 108,82
2021-01-28_06:18:42 716460 Price: 108,82
2021-01-28_06:28:43 716460 Price: 108,82
2021-01-28_06:38:42 716460 Price: 108,82
2021-01-28_06:48:43 716460 Price: 108,82
2021-01-28_06:58:43 716460 Price: 108,82
2021-01-28_07:08:43 716460 Price: 108,82
2021-01-28_07:18:43 716460 Price: 108,82
2021-01-28_07:28:43 716460 Price: 108,82
2021-01-28_07:38:42 716460 Price: 108,82
2021-01-28_07:48:42 716460 Price: 108,82
2021-01-28_07:58:43 716460 Price: 108,82
2021-01-28_08:08:43 716460 Price: 108,64
2021-01-28_08:18:42 716460 Price: 108,52
2021-01-28_08:28:42 716460 Price: 108,34
2021-01-28_08:38:42 716460 Price: 107,70
2021-01-28_08:48:42 716460 Price: 107,50
2021-01-28_08:58:42 716460 Price: 107,72
2021-01-28_09:08:42 716460 Price: 108,84
2021-01-28_09:18:42 716460 Price: 108,44
2021-01-28_09:28:42 716460 Price: 107,78
2021-01-28_09:38:42 716460 Price: 108,10
2021-01-28_09:48:43 716460 Price: 107,46
2021-01-28_09:58:42 716460 Price: 107,36
2021-01-28_10:08:42 716460 Price: 107,24
2021-01-28_10:18:28 716460 Price: 106,62
2021-01-28_10:19:33 716460 Price: 106,94
2021-01-28_10:29:32 716460 Price: 106,26
2021-01-28_10:39:32 716460 Price: 106,32
2021-01-28_10:49:33 716460 Price: 106,58
2021-01-28_10:59:32 716460 Price: 106,96
2021-01-28_11:09:32 716460 Price: 107,00
2021-01-28_11:19:32 716460 Price: 107,02
2021-01-28_11:29:32 716460 Price: 107,56
2021-01-28_11:39:32 716460 Price: 107,64
2021-01-28_11:49:32 716460 Price: 107,82
2021-01-28_11:59:32 716460 Price: 107,70
2021-01-28_12:09:32 716460 Price: 107,88
2021-01-28_12:19:32 716460 Price: 108,20
2021-01-28_12:29:32 716460 Price: 108,40
2021-01-28_12:39:32 716460 Price: 108,54
2021-01-28_12:49:32 716460 Price: 108,30
2021-01-28_12:59:32 716460 Price: 108,28
2021-01-28_13:09:32 716460 Price: 108,46
2021-01-28_13:19:32 716460 Price: 108,32
2021-01-28_13:29:32 716460 Price: 108,08
2021-01-28_13:39:32 716460 Price: 107,98
2021-01-28_13:49:32 716460 Price: 107,50
2021-01-28_13:59:32 716460 Price: 107,50
2021-01-28_14:19:32 716460 Price: 107,32
2021-01-28_14:29:31 716460 Price: 107,22
2021-01-28_14:39:31 716460 Price: 107,66
2021-01-28_14:49:32 716460 Price: 107,62
2021-01-28_14:59:31 716460 Price: 108,14
2021-01-28_15:09:32 716460 Price: 107,78
2021-01-28_15:19:32 716460 Price: 107,96
2021-01-28_15:29:32 716460 Price: 107,82
2021-01-28_15:39:32 716460 Price: 108,00
2021-01-28_15:49:31 716460 Price: 108,00
2021-01-28_15:59:31 716460 Price: 108,42
2021-01-28_16:09:32 716460 Price: 108,30
2021-01-28_16:19:32 716460 Price: 108,64
2021-01-28_16:29:32 716460 Price: 108,14
2021-01-28_16:39:32 716460 Price: 107,92
2021-01-28_16:49:32 716460 Price: 107,96
2021-01-28_16:59:32 716460 Price: 107,82
2021-01-28_17:09:32 716460 Price: 108,00
2021-01-28_17:29:31 716460 Price: 108,02
2021-01-28_17:39:32 716460 Price: 108,02
2021-01-28_17:49:32 716460 Price: 108,28
2021-01-28_17:59:32 716460 Price: 109,00
2021-01-28_18:09:49 716460 Price: 109,00
2021-01-28_18:16:05 716460 Price: 109,02
2021-01-28_18:26:04 716460 Price: 108,92
2021-01-28_18:36:04 716460 Price: 109,00
2021-01-28_18:46:04 716460 Price: 108,94
2021-01-28_18:56:04 716460 Price: 108,82
2021-01-28_19:06:07 716460 Price: 108,60
2021-01-28_19:16:06 716460 Price: 108,78
2021-01-28_19:26:04 716460 Price: 108,50
2021-01-28_19:36:05 716460 Price: 108,60
2021-01-28_19:46:04 716460 Price: 108,50
2021-01-28_19:56:04 716460 Price: 108,66
2021-01-28_20:06:04 716460 Price: 108,52
2021-01-28_20:16:04 716460 Price: 108,62
2021-01-28_20:26:04 716460 Price: 108,68
2021-01-28_20:36:04 716460 Price: 108,74
2021-01-28_20:46:04 716460 Price: 108,68
2021-01-28_20:56:04 716460 Price: 108,80
2021-01-28_21:06:04 716460 Price: 108,82
2021-01-28_21:16:04 716460 Price: 108,24
2021-01-28_21:26:04 716460 Price: 108,36
2021-01-28_21:36:04 716460 Price: 108,58
2021-01-28_21:46:04 716460 Price: 108,22
2021-01-28_21:56:04 716460 Price: 107,70
2021-01-28_22:06:04 716460 Price: 107,70
2021-01-28_22:16:04 716460 Price: 107,70
2021-01-28_22:26:04 716460 Price: 107,70
2021-01-28_22:36:04 716460 Price: 107,70
2021-01-28_22:46:05 716460 Price: 107,70
2021-01-28_22:56:05 716460 Price: 107,70
2021-01-28_23:06:05 716460 Price: 107,70
2021-01-28_23:16:05 716460 Price: 107,70
2021-01-28_23:26:05 716460 Price: 107,70
2021-01-28_23:36:05 716460 Price: 107,70
2021-01-28_23:46:05 716460 Price: 107,70
2021-01-28_23:56:05 716460 Price: 107,70
2021-01-29_00:16:05 716460 Price: 107,70
2021-01-29_00:26:04 716460 Price: 107,70
2021-01-29_00:36:05 716460 Price: 107,70
2021-01-29_00:46:05 716460 Price: 107,70
2021-01-29_01:06:05 716460 Price: 107,70
2021-01-29_01:16:05 716460 Price: 107,70
2021-01-29_01:26:05 716460 Price: 107,70
2021-01-29_01:36:05 716460 Price: 107,70
2021-01-29_01:46:05 716460 Price: 107,70
2021-01-29_01:56:05 716460 Price: 107,70
2021-01-29_02:06:05 716460 Price: 107,70
2021-01-29_02:16:05 716460 Price: 107,70
2021-01-29_02:26:05 716460 Price: 107,70
2021-01-29_02:36:05 716460 Price: 107,70
2021-01-29_02:46:05 716460 Price: 107,70
2021-01-29_02:56:06 716460 Price: 107,70
2021-01-29_03:06:06 716460 Price: 107,70
2021-01-29_03:16:06 716460 Price: 107,70
2021-01-29_03:26:05 716460 Price: 107,70
2021-01-29_03:36:06 716460 Price: 107,70
2021-01-29_03:46:07 716460 Price: 107,70
2021-01-29_03:56:06 716460 Price: 107,70
2021-01-29_04:06:05 716460 Price: 107,70
2021-01-29_04:16:05 716460 Price: 107,70
2021-01-29_04:26:05 716460 Price: 107,70
2021-01-29_04:36:05 716460 Price: 107,70
2021-01-29_04:46:05 716460 Price: 107,70
2021-01-29_04:56:06 716460 Price: 107,70
2021-01-29_05:06:06 716460 Price: 107,70
2021-01-29_05:16:05 716460 Price: 107,70
2021-01-29_05:26:05 716460 Price: 107,70
2021-01-29_05:36:07 716460 Price: 107,70
2021-01-29_05:46:05 716460 Price: 107,70
2021-01-29_05:56:05 716460 Price: 107,70
2021-01-29_06:06:07 716460 Price: 107,70
2021-01-29_06:16:06 716460 Price: 107,70
2021-01-29_06:26:06 716460 Price: 107,70
2021-01-29_06:36:06 716460 Price: 107,70
2021-01-29_06:46:06 716460 Price: 107,70
2021-01-29_06:56:07 716460 Price: 107,70
2021-01-29_07:06:05 716460 Price: 107,70
2021-01-29_07:16:07 716460 Price: 107,70
2021-01-29_07:26:06 716460 Price: 107,70
2021-01-29_07:36:06 716460 Price: 107,70
2021-01-29_07:46:06 716460 Price: 107,70
2021-01-29_07:56:05 716460 Price: 107,70
2021-01-29_08:06:05 716460 Price: 108,46
2021-01-29_08:16:06 716460 Price: 109,02
2021-01-29_08:26:05 716460 Price: 108,94
2021-01-29_08:36:05 716460 Price: 108,38
2021-01-29_08:46:06 716460 Price: 107,66
2021-01-29_08:56:06 716460 Price: 108,00
2021-01-29_09:06:06 716460 Price: 108,30
2021-01-29_09:16:05 716460 Price: 107,16
2021-01-29_09:26:06 716460 Price: 106,70
2021-01-29_09:36:06 716460 Price: 106,64
2021-01-29_09:46:06 716460 Price: 106,54
2021-01-29_09:56:05 716460 Price: 106,78
2021-01-29_10:06:06 716460 Price: 107,16
2021-01-29_10:16:05 716460 Price: 106,84
2021-01-29_10:26:06 716460 Price: 106,68
2021-01-29_10:36:05 716460 Price: 106,98
2021-01-29_10:46:06 716460 Price: 107,44
2021-01-29_10:56:06 716460 Price: 106,70
2021-01-29_11:06:06 716460 Price: 106,56
2021-01-29_11:16:06 716460 Price: 106,60
2021-01-29_11:26:06 716460 Price: 106,86
2021-01-29_11:36:06 716460 Price: 106,60
2021-01-29_11:46:06 716460 Price: 106,92
2021-01-29_11:56:05 716460 Price: 107,20
2021-01-29_12:06:06 716460 Price: 107,12
2021-01-29_12:16:06 716460 Price: 106,66
2021-01-29_12:26:07 716460 Price: 106,84
2021-01-29_12:36:07 716460 Price: 107,00
2021-01-29_12:46:06 716460 Price: 106,70
2021-01-29_12:56:05 716460 Price: 106,70
2021-01-29_13:06:06 716460 Price: 106,44
2021-01-29_13:16:05 716460 Price: 106,50
2021-01-29_13:26:05 716460 Price: 106,72
2021-01-29_13:36:06 716460 Price: 106,68
2021-01-29_13:46:07 716460 Price: 106,74
2021-01-29_13:56:06 716460 Price: 106,64
2021-01-29_14:06:05 716460 Price: 106,60
2021-01-29_14:16:06 716460 Price: 106,08
2021-01-29_14:26:06 716460 Price: 106,16
2021-01-29_14:36:05 716460 Price: 106,26
2021-01-29_14:46:06 716460 Price: 106,10
2021-01-29_14:56:06 716460 Price: 106,36
2021-01-29_15:06:05 716460 Price: 106,60
2021-01-29_15:16:06 716460 Price: 106,30
2021-01-29_15:26:07 716460 Price: 106,64
2021-01-29_15:36:07 716460 Price: 106,38
2021-01-29_15:46:06 716460 Price: 106,12
2021-01-29_15:56:06 716460 Price: 106,12
2021-01-29_16:06:06 716460 Price: 106,04
2021-01-29_16:16:06 716460 Price: 106,46
2021-01-29_16:26:06 716460 Price: 106,34
2021-01-29_16:36:06 716460 Price: 106,50
2021-01-29_16:46:06 716460 Price: 106,48
2021-01-29_16:56:07 716460 Price: 106,56
2021-01-29_17:06:07 716460 Price: 106,58
2021-01-29_17:16:06 716460 Price: 106,38
2021-01-29_17:26:06 716460 Price: 105,52
2021-01-29_17:36:06 716460 Price: 105,06
2021-01-29_17:46:06 716460 Price: 104,80
2021-01-29_17:56:06 716460 Price: 105,08
2021-01-29_18:06:06 716460 Price: 105,42
2021-01-29_18:16:06 716460 Price: 105,76
2021-01-29_18:26:06 716460 Price: 105,60
2021-01-29_18:36:07 716460 Price: 105,68
2021-01-29_18:46:07 716460 Price: 105,18
2021-01-29_18:56:06 716460 Price: 104,98
2021-01-29_19:06:06 716460 Price: 104,90
2021-01-29_19:16:06 716460 Price: 105,02
2021-01-29_19:26:06 716460 Price: 104,54
2021-01-29_19:36:06 716460 Price: 104,60
2021-01-29_19:46:09 716460 Price: 104,70
2021-01-29_19:56:06 716460 Price: 104,58
2021-01-29_20:06:07 716460 Price: 105,00
2021-01-29_20:16:07 716460 Price: 105,20
2021-01-29_20:26:06 716460 Price: 104,90
2021-01-29_20:36:06 716460 Price: 104,74
2021-01-29_20:46:07 716460 Price: 104,50
2021-01-29_20:56:07 716460 Price: 104,50
2021-01-29_21:06:06 716460 Price: 104,50
2021-01-29_21:16:06 716460 Price: 104,48
2021-01-29_21:26:07 716460 Price: 104,96
2021-01-29_21:36:10 716460 Price: 104,34
2021-01-29_21:46:10 716460 Price: 104,34
2021-01-29_21:56:10 716460 Price: 104,50
2021-01-29_22:06:10 716460 Price: 104,78
2021-01-29_22:16:10 716460 Price: 104,78
2021-01-29_22:26:10 716460 Price: 104,78
2021-01-29_22:36:10 716460 Price: 104,78
2021-01-29_22:46:10 716460 Price: 104,78
2021-01-29_22:56:10 716460 Price: 104,78
2021-01-29_23:06:09 716460 Price: 104,78
2021-01-29_23:16:10 716460 Price: 104,78
2021-01-29_23:26:10 716460 Price: 104,78
2021-01-29_23:36:10 716460 Price: 104,78
2021-01-29_23:46:09 716460 Price: 104,78
2021-01-29_23:56:09 716460 Price: 104,78
2021-01-30_00:16:09 716460 Price: 104,78
2021-01-30_00:26:09 716460 Price: 104,78
2021-01-30_00:36:09 716460 Price: 104,78
2021-01-30_00:46:09 716460 Price: 104,78
2021-01-30_00:56:09 716460 Price: 104,78
2021-01-30_01:06:10 716460 Price: 104,78
2021-01-30_01:16:09 716460 Price: 104,78
2021-01-30_01:26:10 716460 Price: 104,78
2021-01-30_01:36:09 716460 Price: 104,78
2021-01-30_01:46:09 716460 Price: 104,78
2021-01-30_01:56:09 716460 Price: 104,78
2021-01-30_02:06:09 716460 Price: 104,78
2021-01-30_02:16:09 716460 Price: 104,78
2021-01-30_02:26:09 716460 Price: 104,78
2021-01-30_02:36:09 716460 Price: 104,78
2021-01-30_02:46:09 716460 Price: 104,78
2021-01-30_02:56:09 716460 Price: 104,78
2021-01-30_03:06:09 716460 Price: 104,78
2021-01-30_03:16:09 716460 Price: 104,78
2021-01-30_03:26:09 716460 Price: 104,78
2021-01-30_03:36:09 716460 Price: 104,78
2021-01-30_03:46:09 716460 Price: 104,78
2021-01-30_03:56:09 716460 Price: 104,78
2021-01-30_04:06:09 716460 Price: 104,78
2021-01-30_04:16:09 716460 Price: 104,78
2021-01-30_04:26:09 716460 Price: 104,78
2021-01-30_04:36:09 716460 Price: 104,78
2021-01-30_04:46:09 716460 Price: 104,78
2021-01-30_04:56:09 716460 Price: 104,78
2021-01-30_05:06:09 716460 Price: 104,78
2021-01-30_05:16:09 716460 Price: 104,78
2021-01-30_05:26:09 716460 Price: 104,78
2021-01-30_05:36:09 716460 Price: 104,78
2021-01-30_05:46:09 716460 Price: 104,78
2021-01-30_05:56:09 716460 Price: 104,78
2021-01-30_06:06:09 716460 Price: 104,78
2021-01-30_06:16:09 716460 Price: 104,78
2021-01-30_06:26:09 716460 Price: 104,78
2021-01-30_06:36:09 716460 Price: 104,78
2021-01-30_06:46:09 716460 Price: 104,78
2021-01-30_06:56:09 716460 Price: 104,78
2021-01-30_07:06:09 716460 Price: 104,78
2021-01-30_07:16:09 716460 Price: 104,78
2021-01-30_07:26:09 716460 Price: 104,78
2021-01-30_07:36:09 716460 Price: 104,78
2021-01-30_07:46:09 716460 Price: 104,78
2021-01-30_07:56:09 716460 Price: 104,78
2021-01-30_08:06:09 716460 Price: 104,78
2021-01-30_08:16:09 716460 Price: 104,78
2021-01-30_08:26:09 716460 Price: 104,78
2021-01-30_08:36:09 716460 Price: 104,78
2021-01-30_08:46:09 716460 Price: 104,78
2021-01-30_08:56:09 716460 Price: 104,78
2021-01-30_09:06:09 716460 Price: 104,78
2021-01-30_09:16:09 716460 Price: 104,78
2021-01-30_09:26:09 716460 Price: 104,78
2021-01-30_09:36:09 716460 Price: 104,78
2021-01-30_09:46:10 716460 Price: 104,78
2021-01-30_09:56:09 716460 Price: 104,78
2021-01-30_10:06:09 716460 Price: 104,78
2021-01-30_10:16:09 716460 Price: 104,78
2021-01-30_10:26:09 716460 Price: 104,78
2021-01-30_10:36:09 716460 Price: 104,78
2021-01-30_10:46:09 716460 Price: 104,78
2021-01-30_10:56:10 716460 Price: 104,78
2021-01-30_11:06:09 716460 Price: 104,78
2021-01-30_11:16:10 716460 Price: 104,78
2021-01-30_11:26:10 716460 Price: 104,78
2021-01-30_11:36:11 716460 Price: 104,78
2021-01-30_11:46:10 716460 Price: 104,78
2021-01-30_11:56:10 716460 Price: 104,78
2021-01-30_12:06:09 716460 Price: 104,78
2021-01-30_12:16:10 716460 Price: 104,78
2021-01-30_12:26:10 716460 Price: 104,78
2021-01-30_12:36:10 716460 Price: 104,78
2021-01-30_12:46:10 716460 Price: 104,78
2021-01-30_12:56:09 716460 Price: 104,78
2021-01-30_13:06:10 716460 Price: 104,78
2021-01-30_13:16:10 716460 Price: 104,78
2021-01-30_13:26:10 716460 Price: 104,78
2021-01-30_13:36:09 716460 Price: 104,78
2021-01-30_13:46:10 716460 Price: 104,78
2021-01-30_13:56:10 716460 Price: 104,78
2021-01-30_14:06:11 716460 Price: 104,78
2021-01-30_14:16:10 716460 Price: 104,78
2021-01-30_14:26:10 716460 Price: 104,78
2021-01-30_14:36:10 716460 Price: 104,78
2021-01-30_14:46:10 716460 Price: 104,78
2021-01-30_14:56:10 716460 Price: 104,78
2021-01-30_15:06:10 716460 Price: 104,78
2021-01-30_15:16:10 716460 Price: 104,78
2021-01-30_15:26:10 716460 Price: 104,78
2021-01-30_15:36:10 716460 Price: 104,78
2021-01-30_15:46:10 716460 Price: 104,78
2021-01-30_15:56:10 716460 Price: 104,78
2021-01-30_16:06:10 716460 Price: 104,78
2021-01-30_16:16:10 716460 Price: 104,78
2021-01-30_16:26:10 716460 Price: 104,78
2021-01-30_16:36:10 716460 Price: 104,78
2021-01-30_16:46:11 716460 Price: 104,78
2021-01-30_16:56:10 716460 Price: 104,78
2021-01-30_17:06:10 716460 Price: 104,78
2021-01-30_17:16:10 716460 Price: 104,78
2021-01-30_17:26:11 716460 Price: 104,78
2021-01-30_17:36:10 716460 Price: 104,78
2021-01-30_17:46:10 716460 Price: 104,78
2021-01-30_17:56:11 716460 Price: 104,78
2021-01-30_18:06:11 716460 Price: 104,78
2021-01-30_18:16:11 716460 Price: 104,78
2021-01-30_18:26:12 716460 Price: 104,78
2021-01-30_18:36:10 716460 Price: 104,78
2021-01-30_18:46:10 716460 Price: 104,78
2021-01-30_18:56:10 716460 Price: 104,78
2021-01-30_19:06:10 716460 Price: 104,78
2021-01-30_19:16:10 716460 Price: 104,78
2021-01-30_19:26:10 716460 Price: 104,78
2021-01-30_19:36:10 716460 Price: 104,78
2021-01-30_19:46:10 716460 Price: 104,78
2021-01-30_19:56:11 716460 Price: 104,78
2021-01-30_20:06:10 716460 Price: 104,78
2021-01-30_20:16:10 716460 Price: 104,78
2021-01-30_20:26:10 716460 Price: 104,78
2021-01-30_20:36:11 716460 Price: 104,78
2021-01-30_20:46:10 716460 Price: 104,78
2021-01-30_20:56:10 716460 Price: 104,78
2021-01-30_21:06:10 716460 Price: 104,78
2021-01-30_21:16:10 716460 Price: 104,78
2021-01-30_21:26:11 716460 Price: 104,78
2021-01-30_21:36:10 716460 Price: 104,78
2021-01-30_21:46:11 716460 Price: 104,78
2021-01-30_21:56:11 716460 Price: 104,78
2021-01-30_22:06:11 716460 Price: 104,78
2021-01-30_22:16:11 716460 Price: 104,78
2021-01-30_22:26:11 716460 Price: 104,78
2021-01-30_22:36:11 716460 Price: 104,78
2021-01-30_22:46:10 716460 Price: 104,78
2021-01-30_22:56:10 716460 Price: 104,78
2021-01-30_23:06:11 716460 Price: 104,78
2021-01-30_23:16:10 716460 Price: 104,78
2021-01-30_23:26:10 716460 Price: 104,78
2021-01-30_23:36:10 716460 Price: 104,78
2021-01-30_23:46:11 716460 Price: 104,78
2021-01-30_23:56:10 716460 Price: 104,78
2021-01-31_00:06:10 716460 Price: 104,78
2021-01-31_00:16:11 716460 Price: 104,78
2021-01-31_00:26:10 716460 Price: 104,78
2021-01-31_00:36:10 716460 Price: 104,78
2021-01-31_00:46:10 716460 Price: 104,78
2021-01-31_00:56:10 716460 Price: 104,78
2021-01-31_01:06:11 716460 Price: 104,78
2021-01-31_01:16:11 716460 Price: 104,78
2021-01-31_01:26:10 716460 Price: 104,78
2021-01-31_01:36:11 716460 Price: 104,78
2021-01-31_01:46:11 716460 Price: 104,78
2021-01-31_01:56:11 716460 Price: 104,78
2021-01-31_02:06:11 716460 Price: 104,78
2021-01-31_02:16:11 716460 Price: 104,78
2021-01-31_02:26:12 716460 Price: 104,78
2021-01-31_02:36:12 716460 Price: 104,78
2021-01-31_02:46:11 716460 Price: 104,78
2021-01-31_02:56:11 716460 Price: 104,78
2021-01-31_03:06:12 716460 Price: 104,78
2021-01-31_03:16:13 716460 Price: 104,78
2021-01-31_03:26:11 716460 Price: 104,78
2021-01-31_03:36:12 716460 Price: 104,78
2021-01-31_03:46:12 716460 Price: 104,78
2021-01-31_03:56:11 716460 Price: 104,78
2021-01-31_04:06:12 716460 Price: 104,78
2021-01-31_04:16:11 716460 Price: 104,78
2021-01-31_04:26:11 716460 Price: 104,78
2021-01-31_04:36:11 716460 Price: 104,78
2021-01-31_04:46:12 716460 Price: 104,78
2021-01-31_04:56:11 716460 Price: 104,78
2021-01-31_05:06:11 716460 Price: 104,78
2021-01-31_05:16:12 716460 Price: 104,78
2021-01-31_05:26:12 716460 Price: 104,78
2021-01-31_05:36:12 716460 Price: 104,78
2021-01-31_05:46:12 716460 Price: 104,78
2021-01-31_05:56:12 716460 Price: 104,78
2021-01-31_06:06:12 716460 Price: 104,78
2021-01-31_06:16:11 716460 Price: 104,78
2021-01-31_06:26:11 716460 Price: 104,78
2021-01-31_06:36:12 716460 Price: 104,78
2021-01-31_06:46:11 716460 Price: 104,78
2021-01-31_06:56:11 716460 Price: 104,78
2021-01-31_07:06:12 716460 Price: 104,78
2021-01-31_07:16:11 716460 Price: 104,78
2021-01-31_07:26:12 716460 Price: 104,78
2021-01-31_07:36:11 716460 Price: 104,78
2021-01-31_07:46:12 716460 Price: 104,78
2021-01-31_07:56:12 716460 Price: 104,78
2021-01-31_08:06:12 716460 Price: 104,78
2021-01-31_08:16:11 716460 Price: 104,78
2021-01-31_08:26:11 716460 Price: 104,78
2021-01-31_08:36:12 716460 Price: 104,78
2021-01-31_08:46:12 716460 Price: 104,78
2021-01-31_08:56:12 716460 Price: 104,78
2021-01-31_09:06:11 716460 Price: 104,78
2021-01-31_09:16:11 716460 Price: 104,78
2021-01-31_09:26:11 716460 Price: 104,78
2021-01-31_09:36:11 716460 Price: 104,78
2021-01-31_09:46:12 716460 Price: 104,78
2021-01-31_09:56:12 716460 Price: 104,78
2021-01-31_10:06:11 716460 Price: 104,78
2021-01-31_10:16:12 716460 Price: 104,78
2021-01-31_10:26:12 716460 Price: 104,78
2021-01-31_10:36:11 716460 Price: 104,78
2021-01-31_10:46:13 716460 Price: 104,78
2021-01-31_10:56:12 716460 Price: 104,78
2021-01-31_11:06:12 716460 Price: 104,78
2021-01-31_11:16:12 716460 Price: 104,78
2021-01-31_11:26:12 716460 Price: 104,78
2021-01-31_11:36:11 716460 Price: 104,78
2021-01-31_11:46:12 716460 Price: 104,78
2021-01-31_11:56:12 716460 Price: 104,78
2021-01-31_12:06:12 716460 Price: 104,78
2021-01-31_12:16:12 716460 Price: 104,78
2021-01-31_12:26:11 716460 Price: 104,78
2021-01-31_12:36:11 716460 Price: 104,78
2021-01-31_12:46:11 716460 Price: 104,78
2021-01-31_12:56:11 716460 Price: 104,78
2021-01-31_13:06:11 716460 Price: 104,78
2021-01-31_13:16:12 716460 Price: 104,78
2021-01-31_13:26:12 716460 Price: 104,78
2021-01-31_13:36:11 716460 Price: 104,78
2021-01-31_13:46:11 716460 Price: 104,78
2021-01-31_13:56:11 716460 Price: 104,78
2021-01-31_14:06:11 716460 Price: 104,78
2021-01-31_14:16:11 716460 Price: 104,78
2021-01-31_14:26:11 716460 Price: 104,78
2021-01-31_14:36:11 716460 Price: 104,78
2021-01-31_14:46:11 716460 Price: 104,78
2021-01-31_14:56:12 716460 Price: 104,78
2021-01-31_15:06:12 716460 Price: 104,78
2021-01-31_15:16:11 716460 Price: 104,78
2021-01-31_15:26:13 716460 Price: 104,78
2021-01-31_15:36:12 716460 Price: 104,78
2021-01-31_15:46:12 716460 Price: 104,78
2021-01-31_15:56:12 716460 Price: 104,78
2021-01-31_16:06:12 716460 Price: 104,78
2021-01-31_16:16:11 716460 Price: 104,78
2021-01-31_16:26:11 716460 Price: 104,78
2021-01-31_16:36:12 716460 Price: 104,78
2021-01-31_16:46:12 716460 Price: 104,78
2021-01-31_16:56:12 716460 Price: 104,78
2021-01-31_17:06:11 716460 Price: 104,78
2021-01-31_17:16:11 716460 Price: 104,78
2021-01-31_17:26:11 716460 Price: 104,78
2021-01-31_17:36:13 716460 Price: 104,78
2021-01-31_17:46:12 716460 Price: 104,78
2021-01-31_17:56:12 716460 Price: 104,78
2021-01-31_18:06:11 716460 Price: 104,78
2021-01-31_18:16:11 716460 Price: 104,78
2021-01-31_18:26:11 716460 Price: 104,78
2021-01-31_18:36:11 716460 Price: 104,78
2021-01-31_18:46:12 716460 Price: 104,78
2021-01-31_18:56:11 716460 Price: 104,78
2021-01-31_19:06:11 716460 Price: 104,78
2021-01-31_19:16:11 716460 Price: 104,78
2021-01-31_19:26:11 716460 Price: 104,78
2021-01-31_19:36:11 716460 Price: 104,78
2021-01-31_19:46:13 716460 Price: 104,78
2021-01-31_19:56:11 716460 Price: 104,78
2021-01-31_20:06:11 716460 Price: 104,78
2021-01-31_20:16:11 716460 Price: 104,78
2021-01-31_20:26:12 716460 Price: 104,78
2021-01-31_20:36:12 716460 Price: 104,78
2021-01-31_20:46:12 716460 Price: 104,78
2021-01-31_20:56:12 716460 Price: 104,78
2021-01-31_21:06:12 716460 Price: 104,78
2021-01-31_21:16:12 716460 Price: 104,78
2021-01-31_21:26:12 716460 Price: 104,78
2021-01-31_21:36:12 716460 Price: 104,78
2021-01-31_21:46:11 716460 Price: 104,78
2021-01-31_21:56:12 716460 Price: 104,78
2021-01-31_22:06:12 716460 Price: 104,78
2021-01-31_22:16:12 716460 Price: 104,78
2021-01-31_22:26:12 716460 Price: 104,78
2021-01-31_22:36:12 716460 Price: 104,78
2021-01-31_22:46:12 716460 Price: 104,78
2021-01-31_22:56:11 716460 Price: 104,78
2021-01-31_23:06:12 716460 Price: 104,78
2021-01-31_23:16:12 716460 Price: 104,78
2021-01-31_23:26:11 716460 Price: 104,78
2021-01-31_23:36:12 716460 Price: 104,78
2021-01-31_23:46:12 716460 Price: 104,78
2021-01-31_23:56:12 716460 Price: 104,78
2021-02-01_00:06:12 716460 Price: 104,78
2021-02-01_00:16:13 716460 Price: 104,78
2021-02-01_00:26:12 716460 Price: 104,78
2021-02-01_00:36:13 716460 Price: 104,78
2021-02-01_00:46:12 716460 Price: 104,78
2021-02-01_00:56:12 716460 Price: 104,78
2021-02-01_01:06:12 716460 Price: 104,78
2021-02-01_01:16:12 716460 Price: 104,78
2021-02-01_01:26:12 716460 Price: 104,78
2021-02-01_01:36:12 716460 Price: 104,78
2021-02-01_01:46:12 716460 Price: 104,78
2021-02-01_01:56:12 716460 Price: 104,78
2021-02-01_02:06:13 716460 Price: 104,78
2021-02-01_02:16:12 716460 Price: 104,78
2021-02-01_02:26:13 716460 Price: 104,78
2021-02-01_02:36:12 716460 Price: 104,78
2021-02-01_02:46:12 716460 Price: 104,78
2021-02-01_02:56:12 716460 Price: 104,78
2021-02-01_03:06:12 716460 Price: 104,78
2021-02-01_03:16:12 716460 Price: 104,78
2021-02-01_03:26:13 716460 Price: 104,78
2021-02-01_03:36:13 716460 Price: 104,78
2021-02-01_03:46:14 716460 Price: 104,78
2021-02-01_03:56:12 716460 Price: 104,78
2021-02-01_04:06:12 716460 Price: 104,78
2021-02-01_04:16:13 716460 Price: 104,78
2021-02-01_04:26:12 716460 Price: 104,78
2021-02-01_04:36:12 716460 Price: 104,78
2021-02-01_04:46:12 716460 Price: 104,78
2021-02-01_04:56:13 716460 Price: 104,78
2021-02-01_05:06:12 716460 Price: 104,78
2021-02-01_05:16:12 716460 Price: 104,78
2021-02-01_05:26:12 716460 Price: 104,78
2021-02-01_05:36:13 716460 Price: 104,78
2021-02-01_05:46:12 716460 Price: 104,78
2021-02-01_05:56:13 716460 Price: 104,78
2021-02-01_06:06:12 716460 Price: 104,78
2021-02-01_06:16:13 716460 Price: 104,78
2021-02-01_06:26:13 716460 Price: 104,78
2021-02-01_06:36:12 716460 Price: 104,78
2021-02-01_06:46:12 716460 Price: 104,78
2021-02-01_06:56:12 716460 Price: 104,78
2021-02-01_07:06:13 716460 Price: 104,78
2021-02-01_07:16:12 716460 Price: 104,78
2021-02-01_07:26:12 716460 Price: 104,78
2021-02-01_07:36:12 716460 Price: 104,78
2021-02-01_07:46:12 716460 Price: 104,78
2021-02-01_07:56:12 716460 Price: 104,78
2021-02-01_08:06:12 716460 Price: 106,16
2021-02-01_08:16:12 716460 Price: 105,64
2021-02-01_08:26:13 716460 Price: 106,48
2021-02-01_08:36:13 716460 Price: 106,48
2021-02-01_08:46:13 716460 Price: 106,58
2021-02-01_08:56:13 716460 Price: 106,58
2021-02-01_09:06:13 716460 Price: 106,02
2021-02-01_09:16:13 716460 Price: 106,28
2021-02-01_09:26:12 716460 Price: 106,46
2021-02-01_09:46:13 716460 Price: 106,44
2021-02-01_09:56:12 716460 Price: 106,60
2021-02-01_10:06:12 716460 Price: 106,66
2021-02-01_10:16:12 716460 Price: 107,02
2021-02-01_10:26:12 716460 Price: 107,14
2021-02-01_10:36:13 716460 Price: 107,08
2021-02-01_10:46:12 716460 Price: 107,06
2021-02-01_10:56:13 716460 Price: 106,90
2021-02-01_11:06:12 716460 Price: 107,08
2021-02-01_11:16:12 716460 Price: 107,50
2021-02-01_11:26:12 716460 Price: 107,56
2021-02-01_11:36:12 716460 Price: 107,38
2021-02-01_11:46:12 716460 Price: 107,46
2021-02-01_11:56:13 716460 Price: 107,42
2021-02-01_12:06:13 716460 Price: 107,44
2021-02-01_12:16:13 716460 Price: 107,60
2021-02-01_12:26:13 716460 Price: 107,80
2021-02-01_12:36:12 716460 Price: 107,86
2021-02-01_12:46:12 716460 Price: 108,06
2021-02-01_12:56:12 716460 Price: 107,76
2021-02-01_13:16:13 716460 Price: 107,22
2021-02-01_13:26:12 716460 Price: 107,34
2021-02-01_13:36:13 716460 Price: 107,58
2021-02-01_13:46:13 716460 Price: 107,60
2021-02-01_13:56:12 716460 Price: 107,60
2021-02-01_14:06:13 716460 Price: 107,68
2021-02-01_14:16:12 716460 Price: 107,76
2021-02-01_14:26:12 716460 Price: 108,02
2021-02-01_14:36:12 716460 Price: 108,00
2021-02-01_14:46:12 716460 Price: 108,04
2021-02-01_14:56:12 716460 Price: 107,98
2021-02-01_15:06:12 716460 Price: 107,86
2021-02-01_15:16:12 716460 Price: 107,64
2021-02-01_15:26:12 716460 Price: 107,66
2021-02-01_15:36:12 716460 Price: 107,36
2021-02-01_15:46:13 716460 Price: 107,36
2021-02-01_15:56:12 716460 Price: 106,60
2021-02-01_16:06:12 716460 Price: 106,58
2021-02-01_16:16:12 716460 Price: 106,42
