2021-02-01_11:44:57 852009 Price: 30,01
2021-02-01_11:54:56 852009 Price: 30,10
2021-02-01_12:14:56 852009 Price: 30,07
2021-02-01_12:24:57 852009 Price: 30,04
2021-02-01_12:34:57 852009 Price: 30,00
2021-02-01_12:44:56 852009 Price: 30,01
2021-02-01_12:54:57 852009 Price: 29,99
2021-02-01_13:04:57 852009 Price: 29,99
2021-02-01_13:14:56 852009 Price: 29,95
2021-02-01_13:24:56 852009 Price: 29,84
2021-02-01_13:44:56 852009 Price: 29,86
2021-02-01_14:24:56 852009 Price: 29,86
2021-02-01_14:34:56 852009 Price: 29,81
2021-02-01_14:44:56 852009 Price: 29,88
2021-02-01_14:54:56 852009 Price: 29,86
2021-02-01_15:04:56 852009 Price: 29,94
2021-02-01_15:14:57 852009 Price: 29,85
2021-02-01_15:24:56 852009 Price: 29,84
2021-02-01_15:34:57 852009 Price: 29,80
2021-02-01_15:44:57 852009 Price: 29,80
2021-02-01_15:54:57 852009 Price: 29,77
2021-02-01_16:04:57 852009 Price: 29,77
2021-02-01_16:14:56 852009 Price: 29,63
