2021-01-30_15:44:25 854075 Price: 284.000,00
2021-01-30_15:54:26 854075 Price: 284.000,00
2021-01-30_16:04:25 854075 Price: 284.000,00
2021-01-30_16:14:25 854075 Price: 284.000,00
2021-01-30_16:24:25 854075 Price: 284.000,00
2021-01-30_16:34:25 854075 Price: 284.000,00
2021-01-30_16:44:26 854075 Price: 284.000,00
2021-01-30_16:54:26 854075 Price: 284.000,00
2021-01-30_17:04:26 854075 Price: 284.000,00
2021-01-30_17:14:26 854075 Price: 284.000,00
2021-01-30_17:24:26 854075 Price: 284.000,00
2021-01-30_17:34:26 854075 Price: 284.000,00
2021-01-30_17:44:26 854075 Price: 284.000,00
2021-01-30_17:54:25 854075 Price: 284.000,00
2021-01-30_18:04:25 854075 Price: 284.000,00
2021-01-30_18:14:26 854075 Price: 284.000,00
2021-01-30_18:24:25 854075 Price: 284.000,00
2021-01-30_18:34:25 854075 Price: 284.000,00
2021-01-30_18:44:26 854075 Price: 284.000,00
2021-01-30_18:54:26 854075 Price: 284.000,00
2021-01-30_19:04:25 854075 Price: 284.000,00
2021-01-30_19:14:26 854075 Price: 284.000,00
2021-01-30_19:24:25 854075 Price: 284.000,00
2021-01-30_19:34:26 854075 Price: 284.000,00
2021-01-30_19:44:26 854075 Price: 284.000,00
2021-01-30_19:54:26 854075 Price: 284.000,00
2021-01-30_20:04:26 854075 Price: 284.000,00
2021-01-30_20:14:26 854075 Price: 284.000,00
2021-01-30_20:24:25 854075 Price: 284.000,00
2021-01-30_20:34:26 854075 Price: 284.000,00
2021-01-30_20:44:26 854075 Price: 284.000,00
2021-01-30_20:54:25 854075 Price: 284.000,00
2021-01-30_21:04:25 854075 Price: 284.000,00
2021-01-30_21:14:26 854075 Price: 284.000,00
2021-01-30_21:24:26 854075 Price: 284.000,00
2021-01-30_21:34:26 854075 Price: 284.000,00
2021-01-30_21:44:26 854075 Price: 284.000,00
2021-01-30_21:54:26 854075 Price: 284.000,00
2021-01-30_22:04:26 854075 Price: 284.000,00
2021-01-30_22:14:26 854075 Price: 284.000,00
2021-01-30_22:24:26 854075 Price: 284.000,00
2021-01-30_22:34:26 854075 Price: 284.000,00
2021-01-30_22:44:26 854075 Price: 284.000,00
2021-01-30_22:54:26 854075 Price: 284.000,00
2021-01-30_23:04:26 854075 Price: 284.000,00
2021-01-30_23:14:26 854075 Price: 284.000,00
2021-01-30_23:24:26 854075 Price: 284.000,00
2021-01-30_23:34:26 854075 Price: 284.000,00
2021-01-30_23:44:26 854075 Price: 284.000,00
2021-01-30_23:54:26 854075 Price: 284.000,00
2021-01-31_00:04:26 854075 Price: 284.000,00
2021-01-31_00:14:26 854075 Price: 284.000,00
2021-01-31_00:24:26 854075 Price: 284.000,00
2021-01-31_00:34:26 854075 Price: 284.000,00
2021-01-31_00:44:26 854075 Price: 284.000,00
2021-01-31_00:54:26 854075 Price: 284.000,00
2021-01-31_01:04:26 854075 Price: 284.000,00
2021-01-31_01:14:26 854075 Price: 284.000,00
2021-01-31_01:24:26 854075 Price: 284.000,00
2021-01-31_01:34:26 854075 Price: 284.000,00
2021-01-31_01:44:26 854075 Price: 284.000,00
2021-01-31_01:54:26 854075 Price: 284.000,00
2021-01-31_02:04:26 854075 Price: 284.000,00
2021-01-31_02:14:26 854075 Price: 284.000,00
2021-01-31_02:24:26 854075 Price: 284.000,00
2021-01-31_02:34:26 854075 Price: 284.000,00
2021-01-31_02:44:26 854075 Price: 284.000,00
2021-01-31_02:54:26 854075 Price: 284.000,00
2021-01-31_03:04:26 854075 Price: 284.000,00
2021-01-31_03:14:26 854075 Price: 284.000,00
2021-01-31_03:24:26 854075 Price: 284.000,00
2021-01-31_03:34:26 854075 Price: 284.000,00
2021-01-31_03:44:26 854075 Price: 284.000,00
2021-01-31_03:54:26 854075 Price: 284.000,00
2021-01-31_04:04:26 854075 Price: 284.000,00
2021-01-31_04:14:26 854075 Price: 284.000,00
2021-01-31_04:24:26 854075 Price: 284.000,00
2021-01-31_04:34:26 854075 Price: 284.000,00
2021-01-31_04:44:27 854075 Price: 284.000,00
2021-01-31_04:54:26 854075 Price: 284.000,00
2021-01-31_05:04:26 854075 Price: 284.000,00
2021-01-31_05:14:26 854075 Price: 284.000,00
2021-01-31_05:24:26 854075 Price: 284.000,00
2021-01-31_05:34:26 854075 Price: 284.000,00
2021-01-31_05:44:26 854075 Price: 284.000,00
2021-01-31_05:54:26 854075 Price: 284.000,00
2021-01-31_06:04:26 854075 Price: 284.000,00
2021-01-31_06:14:26 854075 Price: 284.000,00
2021-01-31_06:24:26 854075 Price: 284.000,00
2021-01-31_06:34:26 854075 Price: 284.000,00
2021-01-31_06:44:26 854075 Price: 284.000,00
2021-01-31_06:54:26 854075 Price: 284.000,00
2021-01-31_07:04:26 854075 Price: 284.000,00
2021-01-31_07:14:26 854075 Price: 284.000,00
2021-01-31_07:24:26 854075 Price: 284.000,00
2021-01-31_07:34:26 854075 Price: 284.000,00
2021-01-31_07:44:26 854075 Price: 284.000,00
2021-01-31_08:04:26 854075 Price: 284.000,00
2021-01-31_08:14:26 854075 Price: 284.000,00
2021-01-31_08:24:26 854075 Price: 284.000,00
2021-01-31_08:34:26 854075 Price: 284.000,00
2021-01-31_08:44:26 854075 Price: 284.000,00
2021-01-31_08:54:26 854075 Price: 284.000,00
2021-01-31_09:04:26 854075 Price: 284.000,00
2021-01-31_09:14:26 854075 Price: 284.000,00
2021-01-31_09:24:26 854075 Price: 284.000,00
2021-01-31_09:34:26 854075 Price: 284.000,00
2021-01-31_09:44:26 854075 Price: 284.000,00
2021-01-31_09:54:26 854075 Price: 284.000,00
2021-01-31_10:04:26 854075 Price: 284.000,00
2021-01-31_10:14:26 854075 Price: 284.000,00
2021-01-31_10:24:26 854075 Price: 284.000,00
2021-01-31_10:34:26 854075 Price: 284.000,00
2021-01-31_10:44:26 854075 Price: 284.000,00
2021-01-31_10:54:26 854075 Price: 284.000,00
2021-01-31_11:04:26 854075 Price: 284.000,00
2021-01-31_11:14:26 854075 Price: 284.000,00
2021-01-31_11:24:26 854075 Price: 284.000,00
2021-01-31_11:34:26 854075 Price: 284.000,00
2021-01-31_11:44:26 854075 Price: 284.000,00
2021-01-31_11:54:26 854075 Price: 284.000,00
2021-01-31_12:04:26 854075 Price: 284.000,00
2021-01-31_12:14:26 854075 Price: 284.000,00
2021-01-31_12:24:26 854075 Price: 284.000,00
2021-01-31_12:34:27 854075 Price: 284.000,00
2021-01-31_12:44:26 854075 Price: 284.000,00
2021-01-31_12:54:26 854075 Price: 284.000,00
2021-01-31_13:04:26 854075 Price: 284.000,00
2021-01-31_13:14:26 854075 Price: 284.000,00
2021-01-31_13:24:26 854075 Price: 284.000,00
2021-01-31_13:34:26 854075 Price: 284.000,00
2021-01-31_13:44:26 854075 Price: 284.000,00
2021-01-31_13:54:26 854075 Price: 284.000,00
2021-01-31_14:04:26 854075 Price: 284.000,00
2021-01-31_14:14:26 854075 Price: 284.000,00
2021-01-31_14:24:26 854075 Price: 284.000,00
2021-01-31_14:34:26 854075 Price: 284.000,00
2021-01-31_14:44:26 854075 Price: 284.000,00
2021-01-31_14:54:26 854075 Price: 284.000,00
2021-01-31_15:04:26 854075 Price: 284.000,00
2021-01-31_15:14:26 854075 Price: 284.000,00
2021-01-31_15:24:26 854075 Price: 284.000,00
2021-01-31_15:34:26 854075 Price: 284.000,00
2021-01-31_15:44:26 854075 Price: 284.000,00
2021-01-31_15:54:26 854075 Price: 284.000,00
2021-01-31_16:04:26 854075 Price: 284.000,00
2021-01-31_16:14:26 854075 Price: 284.000,00
2021-01-31_16:24:27 854075 Price: 284.000,00
2021-01-31_16:34:26 854075 Price: 284.000,00
2021-01-31_16:44:26 854075 Price: 284.000,00
2021-01-31_16:54:26 854075 Price: 284.000,00
2021-01-31_17:04:26 854075 Price: 284.000,00
2021-01-31_17:14:26 854075 Price: 284.000,00
2021-01-31_17:24:26 854075 Price: 284.000,00
2021-01-31_17:34:26 854075 Price: 284.000,00
2021-01-31_17:44:26 854075 Price: 284.000,00
2021-01-31_17:54:26 854075 Price: 284.000,00
2021-01-31_18:04:26 854075 Price: 284.000,00
2021-01-31_18:14:26 854075 Price: 284.000,00
2021-01-31_18:24:26 854075 Price: 284.000,00
2021-01-31_18:34:26 854075 Price: 284.000,00
2021-01-31_18:44:26 854075 Price: 284.000,00
2021-01-31_18:54:26 854075 Price: 284.000,00
2021-01-31_19:04:26 854075 Price: 284.000,00
2021-01-31_19:14:26 854075 Price: 284.000,00
2021-01-31_19:24:26 854075 Price: 284.000,00
2021-01-31_19:34:26 854075 Price: 284.000,00
2021-01-31_19:44:26 854075 Price: 284.000,00
2021-01-31_19:54:26 854075 Price: 284.000,00
2021-01-31_20:04:26 854075 Price: 284.000,00
2021-01-31_20:14:26 854075 Price: 284.000,00
2021-01-31_20:24:26 854075 Price: 284.000,00
2021-01-31_20:34:26 854075 Price: 284.000,00
2021-01-31_20:44:26 854075 Price: 284.000,00
2021-01-31_20:54:26 854075 Price: 284.000,00
2021-01-31_21:04:26 854075 Price: 284.000,00
2021-01-31_21:14:27 854075 Price: 284.000,00
2021-01-31_21:24:26 854075 Price: 284.000,00
2021-01-31_21:34:27 854075 Price: 284.000,00
2021-01-31_21:44:26 854075 Price: 284.000,00
2021-01-31_21:54:26 854075 Price: 284.000,00
2021-01-31_22:04:27 854075 Price: 284.000,00
2021-01-31_22:14:27 854075 Price: 284.000,00
2021-01-31_22:24:26 854075 Price: 284.000,00
2021-01-31_22:34:26 854075 Price: 284.000,00
2021-01-31_22:44:26 854075 Price: 284.000,00
2021-01-31_22:54:26 854075 Price: 284.000,00
2021-01-31_23:04:27 854075 Price: 284.000,00
2021-01-31_23:14:26 854075 Price: 284.000,00
2021-01-31_23:24:26 854075 Price: 284.000,00
2021-01-31_23:34:26 854075 Price: 284.000,00
2021-01-31_23:44:26 854075 Price: 284.000,00
2021-01-31_23:54:26 854075 Price: 284.000,00
2021-02-01_00:04:27 854075 Price: 284.000,00
2021-02-01_00:14:26 854075 Price: 284.000,00
2021-02-01_00:24:26 854075 Price: 284.000,00
2021-02-01_00:34:26 854075 Price: 284.000,00
2021-02-01_00:54:28 854075 Price: 284.000,00
2021-02-01_01:04:27 854075 Price: 284.000,00
2021-02-01_01:14:27 854075 Price: 284.000,00
2021-02-01_01:24:26 854075 Price: 284.000,00
2021-02-01_01:34:26 854075 Price: 284.000,00
2021-02-01_01:44:27 854075 Price: 284.000,00
2021-02-01_01:54:26 854075 Price: 284.000,00
2021-02-01_02:04:27 854075 Price: 284.000,00
2021-02-01_02:14:27 854075 Price: 284.000,00
2021-02-01_02:24:27 854075 Price: 284.000,00
2021-02-01_02:34:27 854075 Price: 284.000,00
2021-02-01_02:44:27 854075 Price: 284.000,00
2021-02-01_02:54:27 854075 Price: 284.000,00
2021-02-01_03:04:27 854075 Price: 284.000,00
2021-02-01_03:14:27 854075 Price: 284.000,00
2021-02-01_03:24:27 854075 Price: 284.000,00
2021-02-01_03:34:27 854075 Price: 284.000,00
2021-02-01_03:44:27 854075 Price: 284.000,00
2021-02-01_03:54:26 854075 Price: 284.000,00
2021-02-01_04:04:27 854075 Price: 284.000,00
2021-02-01_04:14:27 854075 Price: 284.000,00
2021-02-01_04:24:27 854075 Price: 284.000,00
2021-02-01_04:34:27 854075 Price: 284.000,00
2021-02-01_04:44:26 854075 Price: 284.000,00
2021-02-01_04:54:27 854075 Price: 284.000,00
2021-02-01_05:04:27 854075 Price: 284.000,00
2021-02-01_05:14:27 854075 Price: 284.000,00
2021-02-01_05:24:27 854075 Price: 284.000,00
2021-02-01_05:34:27 854075 Price: 284.000,00
2021-02-01_05:44:27 854075 Price: 284.000,00
2021-02-01_05:54:27 854075 Price: 284.000,00
2021-02-01_06:04:27 854075 Price: 284.000,00
2021-02-01_06:14:27 854075 Price: 284.000,00
2021-02-01_06:24:27 854075 Price: 284.000,00
2021-02-01_06:34:27 854075 Price: 284.000,00
2021-02-01_06:44:27 854075 Price: 284.000,00
2021-02-01_06:54:27 854075 Price: 284.000,00
2021-02-01_07:04:27 854075 Price: 284.000,00
2021-02-01_07:14:27 854075 Price: 284.000,00
2021-02-01_07:24:27 854075 Price: 284.000,00
2021-02-01_07:34:27 854075 Price: 284.000,00
2021-02-01_07:44:27 854075 Price: 284.000,00
2021-02-01_07:54:27 854075 Price: 284.000,00
2021-02-01_08:04:27 854075 Price: 284.000,00
2021-02-01_08:14:27 854075 Price: 284.000,00
2021-02-01_08:24:27 854075 Price: 284.000,00
2021-02-01_08:34:26 854075 Price: 284.000,00
2021-02-01_08:44:26 854075 Price: 282.500,00
2021-02-01_08:54:27 854075 Price: 282.500,00
2021-02-01_09:04:26 854075 Price: 282.500,00
2021-02-01_09:24:26 854075 Price: 282.500,00
2021-02-01_09:34:27 854075 Price: 282.500,00
2021-02-01_10:04:26 854075 Price: 282.500,00
2021-02-01_10:14:27 854075 Price: 282.500,00
2021-02-01_10:24:27 854075 Price: 282.500,00
2021-02-01_10:34:27 854075 Price: 282.500,00
2021-02-01_10:44:26 854075 Price: 282.500,00
2021-02-01_10:54:26 854075 Price: 282.500,00
2021-02-01_11:04:27 854075 Price: 282.500,00
2021-02-01_11:14:27 854075 Price: 282.500,00
2021-02-01_11:34:27 854075 Price: 282.500,00
2021-02-01_11:44:27 854075 Price: 282.500,00
2021-02-01_12:04:27 854075 Price: 282.500,00
2021-02-01_12:14:27 854075 Price: 282.500,00
2021-02-01_12:54:27 854075 Price: 282.500,00
2021-02-01_13:24:27 854075 Price: 282.500,00
2021-02-01_13:34:27 854075 Price: 282.500,00
2021-02-01_14:24:27 854075 Price: 282.500,00
2021-02-01_14:54:26 854075 Price: 282.500,00
2021-02-01_15:14:27 854075 Price: 282.500,00
2021-02-01_15:24:27 854075 Price: 282.500,00
2021-02-01_15:34:27 854075 Price: 282.500,00
2021-02-01_15:44:26 854075 Price: 282.000,00
