2021-01-26_17:08:41 865985 Price: 117,34
2021-01-26_17:18:41 865985 Price: 117,08
2021-01-26_17:28:41 865985 Price: 117,16
2021-01-26_17:38:40 865985 Price: 117,08
2021-01-26_17:48:41 865985 Price: 116,80
2021-01-26_17:58:41 865985 Price: 116,96
2021-01-26_18:08:41 865985 Price: 117,00
2021-01-26_18:18:41 865985 Price: 117,04
2021-01-26_18:28:42 865985 Price: 116,96
2021-01-26_18:38:41 865985 Price: 117,08
2021-01-26_18:48:41 865985 Price: 116,92
2021-01-26_18:58:41 865985 Price: 117,02
2021-01-26_19:08:41 865985 Price: 117,02
2021-01-26_19:18:41 865985 Price: 117,28
2021-01-26_19:28:41 865985 Price: 117,16
2021-01-26_19:38:41 865985 Price: 117,16
2021-01-26_19:48:42 865985 Price: 117,54
2021-01-26_19:58:41 865985 Price: 117,62
2021-01-26_20:08:41 865985 Price: 117,70
2021-01-26_20:18:41 865985 Price: 117,80
2021-01-26_20:28:42 865985 Price: 117,78
2021-01-26_20:38:41 865985 Price: 117,64
2021-01-26_20:48:41 865985 Price: 117,64
2021-01-26_20:58:41 865985 Price: 117,40
2021-01-26_21:08:42 865985 Price: 117,42
2021-01-26_21:18:41 865985 Price: 117,42
2021-01-26_21:28:41 865985 Price: 117,34
2021-01-26_21:38:41 865985 Price: 117,34
2021-01-26_21:48:41 865985 Price: 117,34
2021-01-26_21:58:42 865985 Price: 117,68
2021-01-26_22:08:41 865985 Price: 117,68
2021-01-26_22:18:41 865985 Price: 117,68
2021-01-26_22:28:41 865985 Price: 117,68
2021-01-26_22:38:41 865985 Price: 117,68
2021-01-26_22:48:42 865985 Price: 117,68
2021-01-26_22:58:41 865985 Price: 117,68
2021-01-26_23:08:41 865985 Price: 117,68
2021-01-26_23:18:41 865985 Price: 117,68
2021-01-26_23:28:42 865985 Price: 117,68
2021-01-26_23:38:41 865985 Price: 117,68
2021-01-26_23:48:41 865985 Price: 117,68
2021-01-26_23:58:42 865985 Price: 117,68
2021-01-27_00:08:41 865985 Price: 117,68
2021-01-27_00:18:42 865985 Price: 117,68
2021-01-27_00:28:42 865985 Price: 117,68
2021-01-27_00:38:42 865985 Price: 117,68
2021-01-27_00:48:42 865985 Price: 117,68
2021-01-27_00:58:41 865985 Price: 117,68
2021-01-27_01:08:42 865985 Price: 117,68
2021-01-27_01:18:41 865985 Price: 117,68
2021-01-27_01:28:42 865985 Price: 117,68
2021-01-27_01:38:41 865985 Price: 117,68
2021-01-27_01:48:41 865985 Price: 117,68
2021-01-27_01:58:41 865985 Price: 117,68
2021-01-27_02:08:41 865985 Price: 117,68
2021-01-27_02:18:41 865985 Price: 117,68
2021-01-27_02:28:41 865985 Price: 117,68
2021-01-27_02:38:42 865985 Price: 117,68
2021-01-27_02:48:41 865985 Price: 117,68
2021-01-27_02:58:42 865985 Price: 117,68
2021-01-27_03:08:41 865985 Price: 117,68
2021-01-27_03:18:41 865985 Price: 117,68
2021-01-27_03:28:41 865985 Price: 117,68
2021-01-27_03:38:42 865985 Price: 117,68
2021-01-27_03:48:42 865985 Price: 117,68
2021-01-27_03:58:41 865985 Price: 117,68
2021-01-27_04:08:42 865985 Price: 117,68
2021-01-27_04:18:42 865985 Price: 117,68
2021-01-27_04:28:41 865985 Price: 117,68
2021-01-27_04:38:42 865985 Price: 117,68
2021-01-27_04:48:41 865985 Price: 117,68
2021-01-27_04:58:41 865985 Price: 117,68
2021-01-27_05:08:41 865985 Price: 117,68
2021-01-27_05:18:42 865985 Price: 117,68
2021-01-27_05:28:41 865985 Price: 117,68
2021-01-27_05:38:41 865985 Price: 117,68
2021-01-27_05:48:41 865985 Price: 117,68
2021-01-27_05:58:41 865985 Price: 117,68
2021-01-27_06:08:42 865985 Price: 117,68
2021-01-27_06:18:41 865985 Price: 117,68
2021-01-27_06:28:41 865985 Price: 117,68
2021-01-27_06:38:41 865985 Price: 117,68
2021-01-27_06:48:41 865985 Price: 117,68
2021-01-27_06:58:41 865985 Price: 117,68
2021-01-27_07:08:41 865985 Price: 117,68
2021-01-27_07:18:41 865985 Price: 117,68
2021-01-27_07:28:42 865985 Price: 117,68
2021-01-27_07:38:41 865985 Price: 117,68
2021-01-27_07:48:42 865985 Price: 117,68
2021-01-27_07:58:41 865985 Price: 117,68
2021-01-27_08:08:41 865985 Price: 118,64
2021-01-27_08:18:41 865985 Price: 118,82
2021-01-27_08:28:41 865985 Price: 118,46
2021-01-27_08:38:41 865985 Price: 118,82
2021-01-27_08:48:41 865985 Price: 118,56
2021-01-27_08:58:41 865985 Price: 118,82
2021-01-27_09:08:42 865985 Price: 118,64
2021-01-27_09:18:41 865985 Price: 118,78
2021-01-27_09:28:42 865985 Price: 118,76
2021-01-27_09:38:42 865985 Price: 118,60
2021-01-27_09:48:41 865985 Price: 118,76
2021-01-27_09:58:42 865985 Price: 118,84
2021-01-27_10:08:41 865985 Price: 118,66
2021-01-27_10:18:41 865985 Price: 119,20
2021-01-27_10:28:42 865985 Price: 119,28
2021-01-27_10:38:42 865985 Price: 119,26
2021-01-27_10:48:42 865985 Price: 119,24
2021-01-27_10:58:42 865985 Price: 119,62
2021-01-27_11:08:42 865985 Price: 119,58
2021-01-27_11:18:41 865985 Price: 119,44
2021-01-27_11:28:41 865985 Price: 119,46
2021-01-27_11:38:41 865985 Price: 119,18
2021-01-27_11:48:41 865985 Price: 119,24
2021-01-27_11:58:42 865985 Price: 119,16
2021-01-27_12:08:41 865985 Price: 119,12
2021-01-27_12:18:41 865985 Price: 119,12
2021-01-27_12:28:41 865985 Price: 119,10
2021-01-27_12:38:42 865985 Price: 118,96
2021-01-27_12:48:42 865985 Price: 118,96
2021-01-27_12:58:42 865985 Price: 118,48
2021-01-27_13:08:41 865985 Price: 118,64
2021-01-27_13:18:42 865985 Price: 119,08
2021-01-27_13:28:42 865985 Price: 119,08
2021-01-27_13:38:42 865985 Price: 118,12
2021-01-27_13:48:42 865985 Price: 118,34
2021-01-27_13:58:41 865985 Price: 118,10
2021-01-27_14:08:41 865985 Price: 117,96
2021-01-27_14:18:41 865985 Price: 118,26
2021-01-27_14:28:41 865985 Price: 118,26
2021-01-27_14:38:41 865985 Price: 118,30
2021-01-27_14:48:41 865985 Price: 118,32
2021-01-27_14:58:41 865985 Price: 118,32
2021-01-27_15:08:42 865985 Price: 118,42
2021-01-27_15:18:41 865985 Price: 118,24
2021-01-27_15:28:41 865985 Price: 118,36
2021-01-27_15:38:41 865985 Price: 117,46
2021-01-27_15:48:42 865985 Price: 118,08
2021-01-27_15:58:41 865985 Price: 118,02
2021-01-27_16:08:41 865985 Price: 118,54
2021-01-27_16:18:42 865985 Price: 118,74
2021-01-27_16:28:42 865985 Price: 118,96
2021-01-27_16:38:42 865985 Price: 118,46
2021-01-27_16:48:41 865985 Price: 118,50
2021-01-27_16:58:42 865985 Price: 118,50
2021-01-27_17:08:42 865985 Price: 118,50
2021-01-27_17:18:41 865985 Price: 118,32
2021-01-27_17:28:41 865985 Price: 118,12
2021-01-27_17:38:42 865985 Price: 118,12
2021-01-27_17:48:42 865985 Price: 117,34
2021-01-27_17:58:42 865985 Price: 117,40
2021-01-27_18:08:42 865985 Price: 117,30
2021-01-27_18:18:42 865985 Price: 117,92
2021-01-27_18:28:41 865985 Price: 117,92
2021-01-27_18:38:42 865985 Price: 118,16
2021-01-27_18:48:42 865985 Price: 118,10
2021-01-27_18:58:41 865985 Price: 117,90
2021-01-27_19:08:41 865985 Price: 118,28
2021-01-27_19:18:42 865985 Price: 118,28
2021-01-27_19:28:41 865985 Price: 118,04
2021-01-27_19:38:41 865985 Price: 118,30
2021-01-27_19:48:41 865985 Price: 118,32
2021-01-27_19:58:41 865985 Price: 118,40
2021-01-27_20:08:41 865985 Price: 118,72
2021-01-27_20:18:41 865985 Price: 118,72
2021-01-27_20:28:42 865985 Price: 118,12
2021-01-27_20:38:41 865985 Price: 117,90
2021-01-27_20:48:41 865985 Price: 117,74
2021-01-27_20:58:42 865985 Price: 117,04
2021-01-27_21:18:42 865985 Price: 117,36
2021-01-27_21:28:42 865985 Price: 117,36
2021-01-27_21:38:42 865985 Price: 116,38
2021-01-27_21:48:42 865985 Price: 116,30
2021-01-27_21:58:42 865985 Price: 117,06
2021-01-27_22:08:42 865985 Price: 117,68
2021-01-27_22:18:42 865985 Price: 117,68
2021-01-27_22:28:42 865985 Price: 117,68
2021-01-27_22:38:42 865985 Price: 117,68
2021-01-27_22:48:42 865985 Price: 117,68
2021-01-27_22:58:42 865985 Price: 117,68
2021-01-27_23:08:42 865985 Price: 117,68
2021-01-27_23:18:42 865985 Price: 117,68
2021-01-27_23:28:42 865985 Price: 117,68
2021-01-27_23:38:42 865985 Price: 117,68
2021-01-27_23:48:42 865985 Price: 117,68
2021-01-27_23:58:42 865985 Price: 117,68
2021-01-28_00:08:42 865985 Price: 117,68
2021-01-28_00:18:43 865985 Price: 117,68
2021-01-28_00:28:42 865985 Price: 117,68
2021-01-28_00:38:42 865985 Price: 117,68
2021-01-28_00:48:42 865985 Price: 117,68
2021-01-28_00:58:42 865985 Price: 117,68
2021-01-28_01:08:42 865985 Price: 117,68
2021-01-28_01:18:43 865985 Price: 117,68
2021-01-28_01:28:42 865985 Price: 117,68
2021-01-28_01:38:43 865985 Price: 117,68
2021-01-28_01:48:42 865985 Price: 117,68
2021-01-28_01:58:42 865985 Price: 117,68
2021-01-28_02:08:42 865985 Price: 117,68
2021-01-28_02:18:42 865985 Price: 117,68
2021-01-28_02:28:42 865985 Price: 117,68
2021-01-28_02:38:42 865985 Price: 117,68
2021-01-28_02:48:43 865985 Price: 117,68
2021-01-28_02:58:43 865985 Price: 117,68
2021-01-28_03:08:42 865985 Price: 117,68
2021-01-28_03:18:43 865985 Price: 117,68
2021-01-28_03:28:43 865985 Price: 117,68
2021-01-28_03:38:42 865985 Price: 117,68
2021-01-28_03:48:42 865985 Price: 117,68
2021-01-28_03:58:43 865985 Price: 117,68
2021-01-28_04:08:43 865985 Price: 117,68
2021-01-28_04:18:42 865985 Price: 117,68
2021-01-28_04:28:42 865985 Price: 117,68
2021-01-28_04:38:43 865985 Price: 117,68
2021-01-28_04:48:42 865985 Price: 117,68
2021-01-28_04:58:43 865985 Price: 117,68
2021-01-28_05:08:43 865985 Price: 117,68
2021-01-28_05:18:43 865985 Price: 117,68
2021-01-28_05:28:43 865985 Price: 117,68
2021-01-28_05:38:43 865985 Price: 117,68
2021-01-28_05:48:43 865985 Price: 117,68
2021-01-28_05:58:43 865985 Price: 117,68
2021-01-28_06:08:43 865985 Price: 117,68
2021-01-28_06:18:44 865985 Price: 117,68
2021-01-28_06:28:43 865985 Price: 117,68
2021-01-28_06:38:44 865985 Price: 117,68
2021-01-28_06:48:43 865985 Price: 117,68
2021-01-28_06:58:44 865985 Price: 117,68
2021-01-28_07:08:43 865985 Price: 117,68
2021-01-28_07:18:43 865985 Price: 117,68
2021-01-28_07:28:44 865985 Price: 117,68
2021-01-28_07:38:44 865985 Price: 117,68
2021-01-28_07:48:44 865985 Price: 117,68
2021-01-28_07:58:43 865985 Price: 117,68
2021-01-28_08:08:44 865985 Price: 112,42
2021-01-28_08:18:44 865985 Price: 112,90
2021-01-28_08:28:44 865985 Price: 112,96
2021-01-28_08:38:44 865985 Price: 113,16
2021-01-28_08:48:43 865985 Price: 112,90
2021-01-28_08:58:43 865985 Price: 113,84
2021-01-28_09:08:44 865985 Price: 114,00
2021-01-28_09:18:43 865985 Price: 114,88
2021-01-28_09:28:43 865985 Price: 115,10
2021-01-28_09:38:44 865985 Price: 115,12
2021-01-28_09:48:44 865985 Price: 115,00
2021-01-28_09:58:43 865985 Price: 114,06
2021-01-28_10:08:43 865985 Price: 113,30
2021-01-28_10:18:27 865985 Price: 113,02
2021-01-28_10:19:32 865985 Price: 113,02
2021-01-28_10:29:32 865985 Price: 111,52
2021-01-28_10:39:31 865985 Price: 111,98
2021-01-28_10:49:32 865985 Price: 111,78
2021-01-28_10:59:32 865985 Price: 112,80
2021-01-28_11:09:32 865985 Price: 112,96
2021-01-28_11:19:32 865985 Price: 112,96
2021-01-28_11:29:32 865985 Price: 113,86
2021-01-28_11:39:32 865985 Price: 114,52
2021-01-28_11:49:32 865985 Price: 114,62
2021-01-28_11:59:32 865985 Price: 114,04
2021-01-28_12:09:32 865985 Price: 113,78
2021-01-28_12:19:32 865985 Price: 113,92
2021-01-28_12:29:32 865985 Price: 114,86
2021-01-28_12:39:32 865985 Price: 114,54
2021-01-28_12:49:32 865985 Price: 114,42
2021-01-28_12:59:32 865985 Price: 114,78
2021-01-28_13:09:32 865985 Price: 114,78
2021-01-28_13:19:33 865985 Price: 115,48
2021-01-28_13:29:32 865985 Price: 115,28
2021-01-28_13:39:33 865985 Price: 115,28
2021-01-28_13:49:32 865985 Price: 114,94
2021-01-28_13:59:32 865985 Price: 114,88
2021-01-28_14:19:32 865985 Price: 114,64
2021-01-28_14:29:32 865985 Price: 114,14
2021-01-28_14:39:32 865985 Price: 114,56
2021-01-28_14:49:33 865985 Price: 115,44
2021-01-28_14:59:32 865985 Price: 115,14
2021-01-28_15:09:32 865985 Price: 115,90
2021-01-28_15:19:32 865985 Price: 117,00
2021-01-28_15:29:32 865985 Price: 116,12
2021-01-28_15:39:32 865985 Price: 116,34
2021-01-28_15:49:32 865985 Price: 115,00
2021-01-28_15:59:32 865985 Price: 115,00
2021-01-28_16:09:33 865985 Price: 114,22
2021-01-28_16:19:33 865985 Price: 114,70
2021-01-28_16:29:33 865985 Price: 114,70
2021-01-28_16:39:32 865985 Price: 115,22
2021-01-28_16:49:32 865985 Price: 115,22
2021-01-28_16:59:32 865985 Price: 114,74
2021-01-28_17:09:32 865985 Price: 114,76
2021-01-28_17:29:32 865985 Price: 114,82
2021-01-28_17:39:32 865985 Price: 114,82
2021-01-28_17:49:32 865985 Price: 114,46
2021-01-28_17:59:32 865985 Price: 114,66
2021-01-28_18:09:49 865985 Price: 115,26
2021-01-28_18:16:05 865985 Price: 115,86
2021-01-28_18:26:04 865985 Price: 116,44
2021-01-28_18:36:04 865985 Price: 116,64
2021-01-28_18:46:04 865985 Price: 116,36
2021-01-28_18:56:04 865985 Price: 116,38
2021-01-28_19:06:07 865985 Price: 116,24
2021-01-28_19:16:06 865985 Price: 116,12
2021-01-28_19:26:04 865985 Price: 115,88
2021-01-28_19:36:05 865985 Price: 115,70
2021-01-28_19:46:04 865985 Price: 115,80
2021-01-28_19:56:04 865985 Price: 115,46
2021-01-28_20:06:04 865985 Price: 115,60
2021-01-28_20:16:04 865985 Price: 115,00
2021-01-28_20:26:05 865985 Price: 114,86
2021-01-28_20:36:04 865985 Price: 115,10
2021-01-28_20:46:04 865985 Price: 114,88
2021-01-28_20:56:05 865985 Price: 114,88
2021-01-28_21:06:04 865985 Price: 114,80
2021-01-28_21:16:04 865985 Price: 114,66
2021-01-28_21:26:04 865985 Price: 114,46
2021-01-28_21:36:04 865985 Price: 114,34
2021-01-28_21:46:04 865985 Price: 113,76
2021-01-28_21:56:05 865985 Price: 113,38
2021-01-28_22:06:04 865985 Price: 112,92
2021-01-28_22:16:04 865985 Price: 112,92
2021-01-28_22:26:05 865985 Price: 112,92
2021-01-28_22:36:05 865985 Price: 112,92
2021-01-28_22:46:05 865985 Price: 112,92
2021-01-28_22:56:05 865985 Price: 112,92
2021-01-28_23:06:05 865985 Price: 112,92
2021-01-28_23:16:05 865985 Price: 112,92
2021-01-28_23:26:05 865985 Price: 112,92
2021-01-28_23:36:05 865985 Price: 112,92
2021-01-28_23:46:05 865985 Price: 112,92
2021-01-28_23:56:06 865985 Price: 112,92
2021-01-29_00:06:05 865985 Price: 112,92
2021-01-29_00:16:05 865985 Price: 112,92
2021-01-29_00:26:05 865985 Price: 112,92
2021-01-29_00:36:05 865985 Price: 112,92
2021-01-29_00:46:05 865985 Price: 112,92
2021-01-29_00:56:06 865985 Price: 112,92
2021-01-29_01:06:06 865985 Price: 112,92
2021-01-29_01:16:05 865985 Price: 112,92
2021-01-29_01:26:06 865985 Price: 112,92
2021-01-29_01:36:05 865985 Price: 112,92
2021-01-29_01:46:05 865985 Price: 112,92
2021-01-29_01:56:05 865985 Price: 112,92
2021-01-29_02:06:05 865985 Price: 112,92
2021-01-29_02:16:05 865985 Price: 112,92
2021-01-29_02:26:05 865985 Price: 112,92
2021-01-29_02:36:05 865985 Price: 112,92
2021-01-29_02:46:05 865985 Price: 112,92
2021-01-29_02:56:06 865985 Price: 112,92
2021-01-29_03:06:05 865985 Price: 112,92
2021-01-29_03:16:05 865985 Price: 112,92
2021-01-29_03:26:05 865985 Price: 112,92
2021-01-29_03:36:05 865985 Price: 112,92
2021-01-29_03:46:07 865985 Price: 112,92
2021-01-29_03:56:06 865985 Price: 112,92
2021-01-29_04:06:05 865985 Price: 112,92
2021-01-29_04:16:05 865985 Price: 112,92
2021-01-29_04:26:05 865985 Price: 112,92
2021-01-29_04:36:05 865985 Price: 112,92
2021-01-29_04:46:05 865985 Price: 112,92
2021-01-29_04:56:06 865985 Price: 112,92
2021-01-29_05:06:06 865985 Price: 112,92
2021-01-29_05:16:06 865985 Price: 112,92
2021-01-29_05:26:05 865985 Price: 112,92
2021-01-29_05:36:06 865985 Price: 112,92
2021-01-29_05:46:05 865985 Price: 112,92
2021-01-29_05:56:05 865985 Price: 112,92
2021-01-29_06:06:08 865985 Price: 112,92
2021-01-29_06:16:05 865985 Price: 112,92
2021-01-29_06:26:05 865985 Price: 112,92
2021-01-29_06:36:07 865985 Price: 112,92
2021-01-29_06:46:05 865985 Price: 112,92
2021-01-29_06:56:05 865985 Price: 112,92
2021-01-29_07:06:05 865985 Price: 112,92
2021-01-29_07:16:06 865985 Price: 112,92
2021-01-29_07:26:05 865985 Price: 112,92
2021-01-29_07:36:05 865985 Price: 112,92
2021-01-29_07:46:06 865985 Price: 112,92
2021-01-29_07:56:05 865985 Price: 112,92
2021-01-29_08:06:05 865985 Price: 112,84
2021-01-29_08:16:06 865985 Price: 112,70
2021-01-29_08:26:05 865985 Price: 112,54
2021-01-29_08:36:05 865985 Price: 112,10
2021-01-29_08:46:05 865985 Price: 112,16
2021-01-29_08:56:06 865985 Price: 112,54
2021-01-29_09:06:07 865985 Price: 112,22
2021-01-29_09:16:05 865985 Price: 111,72
2021-01-29_09:26:07 865985 Price: 111,48
2021-01-29_09:36:06 865985 Price: 112,20
2021-01-29_09:46:07 865985 Price: 112,22
2021-01-29_09:56:05 865985 Price: 112,06
2021-01-29_10:06:05 865985 Price: 112,04
2021-01-29_10:16:06 865985 Price: 112,04
2021-01-29_10:26:06 865985 Price: 111,70
2021-01-29_10:36:05 865985 Price: 111,80
2021-01-29_10:46:06 865985 Price: 112,22
2021-01-29_10:56:06 865985 Price: 111,66
2021-01-29_11:06:05 865985 Price: 111,78
2021-01-29_11:16:06 865985 Price: 111,62
2021-01-29_11:26:06 865985 Price: 111,34
2021-01-29_11:36:05 865985 Price: 111,68
2021-01-29_11:46:06 865985 Price: 111,90
2021-01-29_11:56:06 865985 Price: 112,02
2021-01-29_12:06:05 865985 Price: 112,06
2021-01-29_12:16:05 865985 Price: 112,08
2021-01-29_12:26:05 865985 Price: 112,48
2021-01-29_12:36:05 865985 Price: 112,44
2021-01-29_12:46:06 865985 Price: 112,48
2021-01-29_12:56:06 865985 Price: 112,18
2021-01-29_13:06:06 865985 Price: 112,22
2021-01-29_13:16:07 865985 Price: 112,18
2021-01-29_13:26:06 865985 Price: 112,00
2021-01-29_13:36:06 865985 Price: 111,92
2021-01-29_13:46:07 865985 Price: 111,94
2021-01-29_13:56:06 865985 Price: 111,94
2021-01-29_14:06:06 865985 Price: 111,80
2021-01-29_14:16:06 865985 Price: 111,92
2021-01-29_14:26:06 865985 Price: 112,04
2021-01-29_14:36:06 865985 Price: 111,94
2021-01-29_14:46:06 865985 Price: 111,74
2021-01-29_14:56:06 865985 Price: 111,88
2021-01-29_15:06:06 865985 Price: 112,48
2021-01-29_15:16:06 865985 Price: 112,14
2021-01-29_15:26:06 865985 Price: 111,82
2021-01-29_15:36:05 865985 Price: 112,12
2021-01-29_15:46:06 865985 Price: 110,36
2021-01-29_15:56:06 865985 Price: 110,88
2021-01-29_16:06:06 865985 Price: 111,14
2021-01-29_16:16:06 865985 Price: 110,86
2021-01-29_16:26:06 865985 Price: 111,40
2021-01-29_16:36:06 865985 Price: 111,50
2021-01-29_16:46:06 865985 Price: 111,06
2021-01-29_16:56:06 865985 Price: 110,46
2021-01-29_17:06:06 865985 Price: 110,44
2021-01-29_17:16:06 865985 Price: 109,50
2021-01-29_17:26:06 865985 Price: 108,98
2021-01-29_17:36:06 865985 Price: 108,56
2021-01-29_17:46:06 865985 Price: 108,90
2021-01-29_17:56:06 865985 Price: 109,36
2021-01-29_18:06:06 865985 Price: 109,54
2021-01-29_18:16:06 865985 Price: 109,70
2021-01-29_18:26:06 865985 Price: 108,72
2021-01-29_18:36:07 865985 Price: 108,56
2021-01-29_18:46:06 865985 Price: 108,02
2021-01-29_18:56:06 865985 Price: 108,12
2021-01-29_19:06:06 865985 Price: 107,50
2021-01-29_19:16:06 865985 Price: 108,32
2021-01-29_19:26:06 865985 Price: 108,02
2021-01-29_19:36:06 865985 Price: 108,74
2021-01-29_19:46:09 865985 Price: 109,12
2021-01-29_19:56:06 865985 Price: 108,74
2021-01-29_20:06:07 865985 Price: 108,68
2021-01-29_20:16:07 865985 Price: 108,68
2021-01-29_20:26:07 865985 Price: 109,14
2021-01-29_20:36:07 865985 Price: 108,50
2021-01-29_20:46:07 865985 Price: 108,24
2021-01-29_20:56:07 865985 Price: 108,46
2021-01-29_21:06:06 865985 Price: 109,24
