2021-01-20_11:31:42 906866 Price: 2.596,50
2021-01-20_11:41:41 906866 Price: 2.596,50
2021-01-20_11:51:42 906866 Price: 2.594,50
2021-01-20_12:01:41 906866 Price: 2.596,00
2021-01-20_12:11:41 906866 Price: 2.596,00
2021-01-20_12:21:42 906866 Price: 2.598,00
2021-01-20_12:31:41 906866 Price: 2.598,50
2021-01-20_12:41:41 906866 Price: 2.598,50
2021-01-20_12:51:41 906866 Price: 2.604,50
2021-01-20_13:01:41 906866 Price: 2.606,00
2021-01-20_13:11:42 906866 Price: 2.602,50
2021-01-20_13:21:41 906866 Price: 2.600,50
2021-01-20_13:31:42 906866 Price: 2.600,50
2021-01-20_13:41:41 906866 Price: 2.601,50
2021-01-20_13:51:41 906866 Price: 2.601,00
2021-01-20_14:01:41 906866 Price: 2.605,00
2021-01-20_14:11:41 906866 Price: 2.609,50
2021-01-20_14:21:42 906866 Price: 2.610,50
2021-01-20_14:31:41 906866 Price: 2.611,00
2021-01-20_14:41:41 906866 Price: 2.612,00
2021-01-20_14:51:41 906866 Price: 2.611,50
2021-01-20_15:01:42 906866 Price: 2.609,50
2021-01-20_15:11:41 906866 Price: 2.614,50
2021-01-20_15:21:41 906866 Price: 2.619,50
2021-01-20_15:31:41 906866 Price: 2.621,00
2021-01-20_15:41:41 906866 Price: 2.621,00
2021-01-20_15:51:41 906866 Price: 2.657,00
2021-01-20_16:01:41 906866 Price: 2.651,50
2021-01-20_16:11:41 906866 Price: 2.660,00
2021-01-20_16:21:41 906866 Price: 2.664,00
2021-01-20_16:31:41 906866 Price: 2.659,00
2021-01-20_16:41:41 906866 Price: 2.661,50
2021-01-20_16:51:41 906866 Price: 2.657,00
2021-01-20_17:01:41 906866 Price: 2.657,00
2021-01-20_17:11:41 906866 Price: 2.663,00
2021-01-20_17:21:41 906866 Price: 2.663,00
2021-01-20_17:31:41 906866 Price: 2.672,00
2021-01-20_17:41:41 906866 Price: 2.667,50
2021-01-20_17:51:41 906866 Price: 2.664,00
2021-01-20_18:01:41 906866 Price: 2.668,00
2021-01-20_18:11:41 906866 Price: 2.665,50
2021-01-20_18:21:41 906866 Price: 2.666,50
2021-01-20_18:31:42 906866 Price: 2.674,00
2021-01-20_18:41:41 906866 Price: 2.674,00
2021-01-20_18:51:41 906866 Price: 2.675,50
2021-01-20_19:01:42 906866 Price: 2.670,50
2021-01-20_19:11:41 906866 Price: 2.673,00
2021-01-20_19:21:41 906866 Price: 2.681,00
2021-01-20_19:31:41 906866 Price: 2.681,00
2021-01-20_19:41:41 906866 Price: 2.676,50
2021-01-20_19:51:41 906866 Price: 2.676,00
2021-01-20_20:01:41 906866 Price: 2.680,00
2021-01-20_20:11:41 906866 Price: 2.685,00
2021-01-20_20:21:41 906866 Price: 2.691,50
2021-01-20_20:31:42 906866 Price: 2.696,50
2021-01-20_20:41:41 906866 Price: 2.701,50
2021-01-20_20:51:41 906866 Price: 2.708,00
2021-01-20_21:01:41 906866 Price: 2.704,00
2021-01-20_21:11:41 906866 Price: 2.702,50
2021-01-20_21:21:41 906866 Price: 2.699,50
2021-01-20_21:31:42 906866 Price: 2.703,00
2021-01-20_21:41:41 906866 Price: 2.704,00
2021-01-20_21:51:41 906866 Price: 2.703,00
2021-01-20_22:01:41 906866 Price: 2.699,00
2021-01-20_22:11:41 906866 Price: 2.699,00
2021-01-20_22:21:41 906866 Price: 2.699,00
2021-01-20_22:31:41 906866 Price: 2.699,00
2021-01-20_22:41:41 906866 Price: 2.699,00
2021-01-20_22:51:41 906866 Price: 2.699,00
2021-01-20_23:01:41 906866 Price: 2.699,00
2021-01-20_23:11:41 906866 Price: 2.699,00
2021-01-20_23:21:41 906866 Price: 2.699,00
2021-01-20_23:31:42 906866 Price: 2.699,00
2021-01-20_23:41:41 906866 Price: 2.699,00
2021-01-20_23:51:42 906866 Price: 2.699,00
2021-01-21_00:01:41 906866 Price: 2.699,00
2021-01-21_00:11:41 906866 Price: 2.699,00
2021-01-21_00:21:41 906866 Price: 2.699,00
2021-01-21_00:31:41 906866 Price: 2.699,00
2021-01-21_00:41:41 906866 Price: 2.699,00
2021-01-21_00:51:41 906866 Price: 2.699,00
2021-01-21_01:01:42 906866 Price: 2.699,00
2021-01-21_01:11:41 906866 Price: 2.699,00
2021-01-21_01:21:41 906866 Price: 2.699,00
2021-01-21_01:31:41 906866 Price: 2.699,00
2021-01-21_01:41:41 906866 Price: 2.699,00
2021-01-21_01:51:41 906866 Price: 2.699,00
2021-01-21_02:01:42 906866 Price: 2.699,00
2021-01-21_02:11:41 906866 Price: 2.699,00
2021-01-21_02:21:41 906866 Price: 2.699,00
2021-01-21_02:31:41 906866 Price: 2.699,00
2021-01-21_02:41:41 906866 Price: 2.699,00
2021-01-21_02:51:41 906866 Price: 2.699,00
2021-01-21_03:01:41 906866 Price: 2.699,00
2021-01-21_03:11:41 906866 Price: 2.699,00
2021-01-21_03:21:41 906866 Price: 2.699,00
2021-01-21_03:31:41 906866 Price: 2.699,00
2021-01-21_03:41:41 906866 Price: 2.699,00
2021-01-21_03:51:41 906866 Price: 2.699,00
2021-01-21_04:01:41 906866 Price: 2.699,00
2021-01-21_04:11:41 906866 Price: 2.699,00
2021-01-21_04:21:41 906866 Price: 2.699,00
2021-01-21_04:31:41 906866 Price: 2.699,00
2021-01-21_04:41:41 906866 Price: 2.699,00
2021-01-21_04:51:41 906866 Price: 2.699,00
2021-01-21_05:01:41 906866 Price: 2.699,00
2021-01-21_05:11:41 906866 Price: 2.699,00
2021-01-21_05:21:41 906866 Price: 2.699,00
2021-01-21_05:31:41 906866 Price: 2.699,00
2021-01-21_05:41:41 906866 Price: 2.699,00
2021-01-21_05:51:41 906866 Price: 2.699,00
2021-01-21_06:01:41 906866 Price: 2.699,00
2021-01-21_06:11:41 906866 Price: 2.699,00
2021-01-21_06:21:41 906866 Price: 2.699,00
2021-01-21_06:31:41 906866 Price: 2.699,00
2021-01-21_06:41:41 906866 Price: 2.699,00
2021-01-21_06:51:41 906866 Price: 2.699,00
2021-01-21_07:01:41 906866 Price: 2.699,00
2021-01-21_07:11:41 906866 Price: 2.699,00
2021-01-21_07:21:41 906866 Price: 2.699,00
2021-01-21_07:31:42 906866 Price: 2.699,00
2021-01-21_07:41:41 906866 Price: 2.699,00
2021-01-21_07:51:41 906866 Price: 2.699,00
2021-01-21_08:01:42 906866 Price: 2.699,00
2021-01-21_08:11:41 906866 Price: 2.708,00
2021-01-21_08:21:41 906866 Price: 2.709,00
2021-01-21_08:31:41 906866 Price: 2.705,00
2021-01-21_08:41:41 906866 Price: 2.700,00
2021-01-21_08:51:41 906866 Price: 2.703,50
2021-01-21_09:01:42 906866 Price: 2.706,00
2021-01-21_09:11:41 906866 Price: 2.701,00
2021-01-21_09:21:41 906866 Price: 2.701,50
2021-01-21_09:31:41 906866 Price: 2.704,00
2021-01-21_09:41:41 906866 Price: 2.705,00
2021-01-21_09:51:41 906866 Price: 2.707,50
2021-01-21_10:01:42 906866 Price: 2.707,50
2021-01-21_10:11:42 906866 Price: 2.706,50
2021-01-21_10:21:41 906866 Price: 2.705,50
2021-01-21_10:31:41 906866 Price: 2.705,50
2021-01-21_10:41:41 906866 Price: 2.700,00
2021-01-21_10:51:42 906866 Price: 2.699,50
2021-01-21_11:01:42 906866 Price: 2.700,00
2021-01-21_11:11:41 906866 Price: 2.701,50
2021-01-21_11:21:41 906866 Price: 2.703,50
2021-01-21_11:31:41 906866 Price: 2.700,00
2021-01-21_11:41:41 906866 Price: 2.697,00
2021-01-21_11:51:41 906866 Price: 2.700,00
2021-01-21_12:01:41 906866 Price: 2.698,00
2021-01-21_12:11:41 906866 Price: 2.698,00
2021-01-21_12:21:42 906866 Price: 2.699,00
2021-01-21_12:31:41 906866 Price: 2.698,50
2021-01-21_12:41:41 906866 Price: 2.704,50
2021-01-21_12:51:41 906866 Price: 2.699,00
2021-01-21_13:01:41 906866 Price: 2.699,00
2021-01-21_13:11:41 906866 Price: 2.700,00
2021-01-21_13:21:42 906866 Price: 2.702,50
2021-01-21_13:31:41 906866 Price: 2.702,50
2021-01-21_13:41:41 906866 Price: 2.703,50
2021-01-21_13:51:41 906866 Price: 2.703,00
2021-01-21_14:01:42 906866 Price: 2.705,00
2021-01-21_14:11:41 906866 Price: 2.707,00
2021-01-21_14:21:41 906866 Price: 2.708,00
2021-01-21_14:31:41 906866 Price: 2.710,00
2021-01-21_14:41:41 906866 Price: 2.710,50
2021-01-21_14:51:42 906866 Price: 2.710,50
2021-01-21_15:01:41 906866 Price: 2.711,50
2021-01-21_15:11:41 906866 Price: 2.708,00
2021-01-21_15:21:41 906866 Price: 2.708,00
2021-01-21_15:31:42 906866 Price: 2.708,50
2021-01-21_15:41:41 906866 Price: 2.735,00
2021-01-21_15:51:41 906866 Price: 2.735,00
2021-01-21_16:01:41 906866 Price: 2.726,50
2021-01-21_16:11:41 906866 Price: 2.727,00
2021-01-21_16:21:41 906866 Price: 2.738,00
2021-01-21_16:31:41 906866 Price: 2.736,50
2021-01-21_16:41:41 906866 Price: 2.736,50
2021-01-21_16:51:42 906866 Price: 2.741,50
2021-01-21_17:06:35 906866 Price: 2.755,00
2021-01-21_17:11:18 906866 Price: 2.755,00
2021-01-21_17:21:18 906866 Price: 2.752,50
2021-01-21_17:31:18 906866 Price: 2.751,00
2021-01-21_17:41:18 906866 Price: 2.751,50
2021-01-21_17:51:18 906866 Price: 2.743,50
2021-01-21_18:01:18 906866 Price: 2.743,00
2021-01-21_18:11:18 906866 Price: 2.743,00
2021-01-21_18:21:18 906866 Price: 2.730,50
2021-01-21_18:31:18 906866 Price: 2.730,00
2021-01-21_18:41:18 906866 Price: 2.734,50
2021-01-21_18:51:18 906866 Price: 2.731,50
2021-01-21_19:01:18 906866 Price: 2.728,00
2021-01-21_19:11:18 906866 Price: 2.729,50
2021-01-21_19:21:18 906866 Price: 2.729,50
2021-01-21_19:31:18 906866 Price: 2.729,50
2021-01-21_19:41:18 906866 Price: 2.730,00
2021-01-21_19:51:18 906866 Price: 2.728,00
2021-01-21_20:01:19 906866 Price: 2.720,00
2021-01-21_20:11:18 906866 Price: 2.725,00
2021-01-21_20:21:18 906866 Price: 2.725,00
2021-01-21_20:31:20 906866 Price: 2.725,00
2021-01-21_20:41:19 906866 Price: 2.725,00
2021-01-21_20:51:18 906866 Price: 2.725,00
2021-01-21_21:01:18 906866 Price: 2.725,00
2021-01-21_21:11:18 906866 Price: 2.725,00
2021-01-21_21:21:20 906866 Price: 2.725,00
2021-01-21_21:31:19 906866 Price: 2.725,00
2021-01-21_21:41:18 906866 Price: 2.725,00
2021-01-21_21:51:18 906866 Price: 2.725,00
2021-01-21_22:01:18 906866 Price: 2.717,00
2021-01-21_22:11:18 906866 Price: 2.717,00
2021-01-21_22:21:18 906866 Price: 2.717,00
2021-01-21_22:31:18 906866 Price: 2.717,00
2021-01-21_22:41:18 906866 Price: 2.717,00
2021-01-21_22:51:18 906866 Price: 2.717,00
2021-01-21_23:01:18 906866 Price: 2.717,00
2021-01-21_23:11:18 906866 Price: 2.717,00
2021-01-21_23:21:18 906866 Price: 2.717,00
2021-01-21_23:31:19 906866 Price: 2.717,00
2021-01-21_23:41:18 906866 Price: 2.717,00
2021-01-21_23:51:18 906866 Price: 2.717,00
2021-01-22_00:01:18 906866 Price: 2.717,00
2021-01-22_00:11:18 906866 Price: 2.717,00
2021-01-22_00:21:18 906866 Price: 2.717,00
2021-01-22_00:31:18 906866 Price: 2.717,00
2021-01-22_00:41:18 906866 Price: 2.717,00
2021-01-22_00:51:18 906866 Price: 2.717,00
2021-01-22_01:01:19 906866 Price: 2.717,00
2021-01-22_01:11:18 906866 Price: 2.717,00
2021-01-22_01:21:19 906866 Price: 2.717,00
2021-01-22_01:31:18 906866 Price: 2.717,00
2021-01-22_01:41:18 906866 Price: 2.717,00
2021-01-22_01:51:18 906866 Price: 2.717,00
2021-01-22_02:01:18 906866 Price: 2.717,00
2021-01-22_02:11:18 906866 Price: 2.717,00
2021-01-22_02:21:18 906866 Price: 2.717,00
2021-01-22_02:31:18 906866 Price: 2.717,00
2021-01-22_02:41:18 906866 Price: 2.717,00
2021-01-22_02:51:18 906866 Price: 2.717,00
2021-01-22_03:01:18 906866 Price: 2.717,00
2021-01-22_03:11:18 906866 Price: 2.717,00
2021-01-22_03:21:19 906866 Price: 2.717,00
2021-01-22_03:31:18 906866 Price: 2.717,00
2021-01-22_03:41:18 906866 Price: 2.717,00
2021-01-22_03:51:18 906866 Price: 2.717,00
2021-01-22_04:01:18 906866 Price: 2.717,00
2021-01-22_04:11:18 906866 Price: 2.717,00
2021-01-22_04:21:18 906866 Price: 2.717,00
2021-01-22_04:31:18 906866 Price: 2.717,00
2021-01-22_04:41:18 906866 Price: 2.717,00
2021-01-22_04:51:18 906866 Price: 2.717,00
2021-01-22_05:01:18 906866 Price: 2.717,00
2021-01-22_05:11:18 906866 Price: 2.717,00
2021-01-22_05:21:18 906866 Price: 2.717,00
2021-01-22_05:31:18 906866 Price: 2.717,00
2021-01-22_05:41:18 906866 Price: 2.717,00
2021-01-22_05:51:18 906866 Price: 2.717,00
2021-01-22_06:01:18 906866 Price: 2.717,00
2021-01-22_06:11:18 906866 Price: 2.717,00
2021-01-22_06:21:18 906866 Price: 2.717,00
2021-01-22_06:31:19 906866 Price: 2.717,00
2021-01-22_06:41:18 906866 Price: 2.717,00
2021-01-22_06:51:18 906866 Price: 2.717,00
2021-01-22_07:01:18 906866 Price: 2.717,00
2021-01-22_07:11:18 906866 Price: 2.717,00
2021-01-22_07:21:18 906866 Price: 2.717,00
2021-01-22_07:31:18 906866 Price: 2.717,00
2021-01-22_07:41:18 906866 Price: 2.717,00
2021-01-22_07:51:18 906866 Price: 2.717,00
2021-01-22_08:01:18 906866 Price: 2.717,00
2021-01-22_08:11:18 906866 Price: 2.713,00
2021-01-22_08:21:18 906866 Price: 2.710,50
2021-01-22_08:31:18 906866 Price: 2.711,00
2021-01-22_08:41:18 906866 Price: 2.713,00
2021-01-22_08:51:18 906866 Price: 2.710,50
2021-01-22_09:01:18 906866 Price: 2.710,50
2021-01-22_09:11:18 906866 Price: 2.710,50
2021-01-22_09:21:18 906866 Price: 2.714,00
2021-01-22_09:31:18 906866 Price: 2.704,50
2021-01-22_09:41:19 906866 Price: 2.704,50
2021-01-22_09:51:18 906866 Price: 2.704,50
2021-01-22_10:01:19 906866 Price: 2.704,50
2021-01-22_10:11:18 906866 Price: 2.695,50
2021-01-22_10:21:18 906866 Price: 2.695,50
2021-01-22_10:31:18 906866 Price: 2.697,00
2021-01-22_10:41:18 906866 Price: 2.697,50
2021-01-22_10:51:18 906866 Price: 2.694,50
2021-01-22_11:09:19 906866 Price: 2.696,50
2021-01-22_11:19:19 906866 Price: 2.696,50
2021-01-22_11:29:19 906866 Price: 2.696,00
2021-01-22_11:39:19 906866 Price: 2.694,00
2021-01-22_11:49:19 906866 Price: 2.696,50
2021-01-22_11:59:19 906866 Price: 2.696,50
2021-01-22_12:09:19 906866 Price: 2.696,00
2021-01-22_12:19:19 906866 Price: 2.695,50
2021-01-22_12:29:19 906866 Price: 2.695,50
2021-01-22_12:39:19 906866 Price: 2.695,00
2021-01-22_12:49:19 906866 Price: 2.691,00
2021-01-22_12:59:19 906866 Price: 2.691,00
2021-01-22_13:09:19 906866 Price: 2.696,00
2021-01-22_13:19:19 906866 Price: 2.698,00
2021-01-22_13:29:18 906866 Price: 2.698,00
2021-01-22_13:39:19 906866 Price: 2.697,00
2021-01-22_13:49:19 906866 Price: 2.697,00
2021-01-22_13:59:18 906866 Price: 2.699,50
2021-01-22_14:09:19 906866 Price: 2.699,50
2021-01-22_14:19:19 906866 Price: 2.701,00
2021-01-22_14:29:19 906866 Price: 2.704,50
2021-01-22_14:39:19 906866 Price: 2.704,50
2021-01-22_14:49:19 906866 Price: 2.701,50
2021-01-22_14:59:19 906866 Price: 2.700,50
2021-01-22_15:09:19 906866 Price: 2.707,50
2021-01-22_15:19:18 906866 Price: 2.707,50
2021-01-22_15:29:19 906866 Price: 2.710,00
2021-01-22_15:39:19 906866 Price: 2.705,00
2021-01-22_15:59:20 906866 Price: 2.721,00
2021-01-22_16:09:19 906866 Price: 2.723,50
2021-01-22_16:15:26 906866 Price: 2.712,50
2021-01-22_16:25:25 906866 Price: 2.706,00
2021-01-22_16:35:27 906866 Price: 2.706,00
2021-01-22_16:45:25 906866 Price: 2.707,50
2021-01-22_16:55:27 906866 Price: 2.707,50
2021-01-22_17:05:26 906866 Price: 2.708,00
2021-01-22_17:15:26 906866 Price: 2.708,00
2021-01-22_17:25:26 906866 Price: 2.709,50
2021-01-22_17:35:26 906866 Price: 2.714,50
2021-01-22_17:45:26 906866 Price: 2.708,50
2021-01-22_17:55:25 906866 Price: 2.710,00
2021-01-22_18:05:26 906866 Price: 2.713,00
2021-01-22_18:15:26 906866 Price: 2.712,00
2021-01-22_18:25:26 906866 Price: 2.714,00
2021-01-22_18:35:25 906866 Price: 2.714,00
2021-01-22_18:45:26 906866 Price: 2.711,00
2021-01-22_18:55:25 906866 Price: 2.709,50
2021-01-22_19:05:26 906866 Price: 2.709,50
2021-01-22_19:15:26 906866 Price: 2.708,00
2021-01-22_19:25:25 906866 Price: 2.708,00
2021-01-22_19:35:26 906866 Price: 2.706,50
2021-01-22_19:45:26 906866 Price: 2.709,00
2021-01-22_19:55:26 906866 Price: 2.709,00
2021-01-22_20:05:25 906866 Price: 2.705,50
2021-01-22_20:15:25 906866 Price: 2.707,50
2021-01-22_20:25:25 906866 Price: 2.707,50
2021-01-22_20:35:25 906866 Price: 2.707,50
2021-01-22_20:45:25 906866 Price: 2.707,50
2021-01-22_20:55:25 906866 Price: 2.707,50
2021-01-22_21:05:26 906866 Price: 2.707,50
2021-01-22_21:15:25 906866 Price: 2.712,00
2021-01-22_21:25:25 906866 Price: 2.712,00
2021-01-22_21:35:25 906866 Price: 2.712,00
2021-01-22_21:45:25 906866 Price: 2.712,00
2021-01-22_21:55:25 906866 Price: 2.712,00
2021-01-22_22:05:25 906866 Price: 2.708,50
2021-01-22_22:15:25 906866 Price: 2.708,50
2021-01-22_22:25:25 906866 Price: 2.708,50
2021-01-22_22:35:25 906866 Price: 2.708,50
2021-01-22_22:45:25 906866 Price: 2.708,50
2021-01-22_22:55:26 906866 Price: 2.708,50
2021-01-22_23:05:26 906866 Price: 2.708,50
2021-01-22_23:15:25 906866 Price: 2.708,50
2021-01-22_23:25:25 906866 Price: 2.708,50
2021-01-22_23:35:27 906866 Price: 2.708,50
2021-01-22_23:45:25 906866 Price: 2.708,50
2021-01-22_23:55:25 906866 Price: 2.708,50
2021-01-23_00:05:26 906866 Price: 2.708,50
2021-01-23_00:15:26 906866 Price: 2.708,50
2021-01-23_00:25:26 906866 Price: 2.708,50
2021-01-23_00:35:26 906866 Price: 2.708,50
2021-01-23_00:45:26 906866 Price: 2.708,50
2021-01-23_00:55:26 906866 Price: 2.708,50
2021-01-23_01:05:26 906866 Price: 2.708,50
2021-01-23_01:15:26 906866 Price: 2.708,50
2021-01-23_01:25:26 906866 Price: 2.708,50
2021-01-23_01:35:26 906866 Price: 2.708,50
2021-01-23_01:45:26 906866 Price: 2.708,50
2021-01-23_01:55:26 906866 Price: 2.708,50
2021-01-23_02:05:26 906866 Price: 2.708,50
2021-01-23_02:15:26 906866 Price: 2.708,50
2021-01-23_02:25:26 906866 Price: 2.708,50
2021-01-23_02:35:26 906866 Price: 2.708,50
2021-01-23_02:45:26 906866 Price: 2.708,50
2021-01-23_02:55:26 906866 Price: 2.708,50
2021-01-23_03:05:26 906866 Price: 2.708,50
2021-01-23_03:15:26 906866 Price: 2.708,50
2021-01-23_03:25:26 906866 Price: 2.708,50
2021-01-23_03:35:26 906866 Price: 2.708,50
2021-01-23_03:45:26 906866 Price: 2.708,50
2021-01-23_03:55:26 906866 Price: 2.708,50
2021-01-23_04:05:26 906866 Price: 2.708,50
2021-01-23_04:15:26 906866 Price: 2.708,50
2021-01-23_04:25:26 906866 Price: 2.708,50
2021-01-23_04:35:26 906866 Price: 2.708,50
2021-01-23_04:45:26 906866 Price: 2.708,50
2021-01-23_04:55:26 906866 Price: 2.708,50
2021-01-23_05:05:26 906866 Price: 2.708,50
2021-01-23_05:15:26 906866 Price: 2.708,50
2021-01-23_05:25:26 906866 Price: 2.708,50
2021-01-23_05:35:26 906866 Price: 2.708,50
2021-01-23_05:45:26 906866 Price: 2.708,50
2021-01-23_05:55:26 906866 Price: 2.708,50
2021-01-23_06:05:26 906866 Price: 2.708,50
2021-01-23_06:15:26 906866 Price: 2.708,50
2021-01-23_06:25:26 906866 Price: 2.708,50
2021-01-23_06:35:26 906866 Price: 2.708,50
2021-01-23_06:45:26 906866 Price: 2.708,50
2021-01-23_06:55:26 906866 Price: 2.708,50
2021-01-23_07:05:26 906866 Price: 2.708,50
2021-01-23_07:15:26 906866 Price: 2.708,50
2021-01-23_07:25:26 906866 Price: 2.708,50
2021-01-23_07:35:26 906866 Price: 2.708,50
2021-01-23_07:45:26 906866 Price: 2.708,50
2021-01-23_07:55:26 906866 Price: 2.708,50
2021-01-23_08:05:26 906866 Price: 2.708,50
2021-01-23_08:15:26 906866 Price: 2.708,50
2021-01-23_08:25:26 906866 Price: 2.708,50
2021-01-23_08:35:26 906866 Price: 2.708,50
2021-01-23_08:45:26 906866 Price: 2.708,50
2021-01-23_08:55:26 906866 Price: 2.708,50
2021-01-23_09:05:27 906866 Price: 2.708,50
2021-01-23_09:15:26 906866 Price: 2.708,50
2021-01-23_09:25:26 906866 Price: 2.708,50
2021-01-23_09:35:26 906866 Price: 2.708,50
2021-01-23_09:45:26 906866 Price: 2.708,50
2021-01-23_09:55:26 906866 Price: 2.708,50
2021-01-23_10:05:26 906866 Price: 2.708,50
2021-01-23_10:15:26 906866 Price: 2.708,50
2021-01-23_10:25:26 906866 Price: 2.708,50
2021-01-23_10:35:26 906866 Price: 2.708,50
2021-01-23_10:45:26 906866 Price: 2.708,50
2021-01-23_10:55:26 906866 Price: 2.708,50
2021-01-23_11:05:26 906866 Price: 2.708,50
2021-01-23_11:15:26 906866 Price: 2.708,50
2021-01-23_11:25:26 906866 Price: 2.708,50
2021-01-23_11:35:26 906866 Price: 2.708,50
2021-01-23_11:45:26 906866 Price: 2.708,50
2021-01-23_11:55:27 906866 Price: 2.708,50
2021-01-23_12:05:26 906866 Price: 2.708,50
2021-01-23_12:15:26 906866 Price: 2.708,50
2021-01-23_12:25:26 906866 Price: 2.708,50
2021-01-23_12:35:26 906866 Price: 2.708,50
2021-01-23_12:45:27 906866 Price: 2.708,50
2021-01-23_12:55:26 906866 Price: 2.708,50
2021-01-23_13:05:26 906866 Price: 2.708,50
2021-01-23_13:15:26 906866 Price: 2.708,50
2021-01-23_13:25:26 906866 Price: 2.708,50
2021-01-23_13:35:26 906866 Price: 2.708,50
2021-01-23_13:45:26 906866 Price: 2.708,50
2021-01-23_13:55:26 906866 Price: 2.708,50
2021-01-23_14:05:26 906866 Price: 2.708,50
2021-01-23_14:15:26 906866 Price: 2.708,50
2021-01-23_14:25:26 906866 Price: 2.708,50
2021-01-23_14:35:26 906866 Price: 2.708,50
2021-01-23_14:45:27 906866 Price: 2.708,50
2021-01-23_14:55:26 906866 Price: 2.708,50
2021-01-23_15:05:26 906866 Price: 2.708,50
2021-01-23_15:15:26 906866 Price: 2.708,50
2021-01-23_15:25:26 906866 Price: 2.708,50
2021-01-23_15:35:26 906866 Price: 2.708,50
2021-01-23_15:45:26 906866 Price: 2.708,50
2021-01-23_15:55:26 906866 Price: 2.708,50
2021-01-23_16:05:26 906866 Price: 2.708,50
2021-01-23_16:15:26 906866 Price: 2.708,50
2021-01-23_16:25:26 906866 Price: 2.708,50
2021-01-23_16:35:26 906866 Price: 2.708,50
2021-01-23_19:17:32 906866 Price: 2.708,50
2021-01-23_19:30:32 906866 Price: 2.708,50
2021-01-23_19:40:32 906866 Price: 2.708,50
2021-01-23_19:50:32 906866 Price: 2.708,50
2021-01-23_20:00:32 906866 Price: 2.708,50
2021-01-23_20:10:32 906866 Price: 2.708,50
2021-01-23_20:20:32 906866 Price: 2.708,50
2021-01-23_20:30:33 906866 Price: 2.708,50
2021-01-23_20:40:32 906866 Price: 2.708,50
2021-01-23_20:50:32 906866 Price: 2.708,50
2021-01-23_21:00:33 906866 Price: 2.708,50
2021-01-23_21:10:33 906866 Price: 2.708,50
2021-01-23_21:20:32 906866 Price: 2.708,50
2021-01-23_21:30:33 906866 Price: 2.708,50
2021-01-23_21:40:32 906866 Price: 2.708,50
2021-01-23_21:50:32 906866 Price: 2.708,50
2021-01-23_22:00:33 906866 Price: 2.708,50
2021-01-23_22:10:32 906866 Price: 2.708,50
2021-01-23_22:20:32 906866 Price: 2.708,50
2021-01-23_22:30:32 906866 Price: 2.708,50
2021-01-23_22:40:32 906866 Price: 2.708,50
2021-01-23_22:50:32 906866 Price: 2.708,50
2021-01-23_23:00:33 906866 Price: 2.708,50
2021-01-23_23:10:33 906866 Price: 2.708,50
2021-01-23_23:20:32 906866 Price: 2.708,50
2021-01-23_23:30:32 906866 Price: 2.708,50
2021-01-23_23:40:33 906866 Price: 2.708,50
2021-01-23_23:50:32 906866 Price: 2.708,50
2021-01-24_00:00:33 906866 Price: 2.708,50
2021-01-24_00:10:32 906866 Price: 2.708,50
2021-01-24_00:20:33 906866 Price: 2.708,50
2021-01-24_00:30:32 906866 Price: 2.708,50
2021-01-24_00:40:32 906866 Price: 2.708,50
2021-01-24_00:50:33 906866 Price: 2.708,50
2021-01-24_01:00:33 906866 Price: 2.708,50
2021-01-24_01:10:33 906866 Price: 2.708,50
2021-01-24_01:20:32 906866 Price: 2.708,50
2021-01-24_01:30:32 906866 Price: 2.708,50
2021-01-24_01:40:33 906866 Price: 2.708,50
2021-01-24_01:50:32 906866 Price: 2.708,50
2021-01-24_02:00:32 906866 Price: 2.708,50
2021-01-24_02:10:32 906866 Price: 2.708,50
2021-01-24_02:20:32 906866 Price: 2.708,50
2021-01-24_02:30:33 906866 Price: 2.708,50
2021-01-24_02:40:32 906866 Price: 2.708,50
2021-01-24_02:50:32 906866 Price: 2.708,50
2021-01-24_03:00:32 906866 Price: 2.708,50
2021-01-24_03:10:32 906866 Price: 2.708,50
2021-01-24_03:20:33 906866 Price: 2.708,50
2021-01-24_03:30:32 906866 Price: 2.708,50
2021-01-24_03:40:32 906866 Price: 2.708,50
2021-01-24_03:50:32 906866 Price: 2.708,50
2021-01-24_04:00:32 906866 Price: 2.708,50
2021-01-24_04:10:33 906866 Price: 2.708,50
2021-01-24_04:20:32 906866 Price: 2.708,50
2021-01-24_04:30:33 906866 Price: 2.708,50
2021-01-24_04:40:32 906866 Price: 2.708,50
2021-01-24_04:50:32 906866 Price: 2.708,50
2021-01-24_05:00:32 906866 Price: 2.708,50
2021-01-24_05:10:33 906866 Price: 2.708,50
2021-01-24_05:20:33 906866 Price: 2.708,50
2021-01-24_05:30:33 906866 Price: 2.708,50
2021-01-24_05:40:33 906866 Price: 2.708,50
2021-01-24_05:50:33 906866 Price: 2.708,50
2021-01-24_06:00:33 906866 Price: 2.708,50
2021-01-24_06:10:33 906866 Price: 2.708,50
2021-01-24_06:20:32 906866 Price: 2.708,50
2021-01-24_06:30:33 906866 Price: 2.708,50
2021-01-24_06:40:32 906866 Price: 2.708,50
2021-01-24_06:50:32 906866 Price: 2.708,50
2021-01-24_07:00:32 906866 Price: 2.708,50
2021-01-24_07:10:33 906866 Price: 2.708,50
2021-01-24_07:20:32 906866 Price: 2.708,50
2021-01-24_07:30:33 906866 Price: 2.708,50
2021-01-24_07:40:32 906866 Price: 2.708,50
2021-01-24_07:50:32 906866 Price: 2.708,50
2021-01-24_08:00:33 906866 Price: 2.708,50
2021-01-24_08:10:33 906866 Price: 2.708,50
2021-01-24_08:20:33 906866 Price: 2.708,50
2021-01-24_08:30:33 906866 Price: 2.708,50
2021-01-24_08:40:33 906866 Price: 2.708,50
2021-01-24_08:50:32 906866 Price: 2.708,50
2021-01-24_09:00:32 906866 Price: 2.708,50
2021-01-24_09:10:33 906866 Price: 2.708,50
2021-01-24_09:20:32 906866 Price: 2.708,50
2021-01-24_09:30:32 906866 Price: 2.708,50
2021-01-24_09:40:33 906866 Price: 2.708,50
2021-01-24_09:50:32 906866 Price: 2.708,50
2021-01-24_10:00:33 906866 Price: 2.708,50
2021-01-24_10:10:33 906866 Price: 2.708,50
2021-01-24_10:20:33 906866 Price: 2.708,50
2021-01-24_10:30:33 906866 Price: 2.708,50
2021-01-24_10:40:33 906866 Price: 2.708,50
2021-01-24_10:50:33 906866 Price: 2.708,50
2021-01-24_11:00:33 906866 Price: 2.708,50
2021-01-24_11:10:33 906866 Price: 2.708,50
2021-01-24_11:20:32 906866 Price: 2.708,50
2021-01-24_11:30:32 906866 Price: 2.708,50
2021-01-24_11:40:33 906866 Price: 2.708,50
2021-01-24_11:50:34 906866 Price: 2.708,50
2021-01-24_12:00:33 906866 Price: 2.708,50
2021-01-24_12:13:43 906866 Price: 2.708,50
2021-01-24_12:23:43 906866 Price: 2.708,50
2021-01-24_12:33:43 906866 Price: 2.708,50
2021-01-24_12:43:43 906866 Price: 2.708,50
2021-01-24_12:53:44 906866 Price: 2.708,50
2021-01-24_13:03:42 906866 Price: 2.708,50
2021-01-24_13:13:43 906866 Price: 2.708,50
2021-01-24_13:23:43 906866 Price: 2.708,50
2021-01-24_13:33:43 906866 Price: 2.708,50
2021-01-24_13:43:43 906866 Price: 2.708,50
2021-01-24_13:53:43 906866 Price: 2.708,50
2021-01-24_14:03:43 906866 Price: 2.708,50
2021-01-24_14:13:43 906866 Price: 2.708,50
2021-01-24_14:23:43 906866 Price: 2.708,50
2021-01-24_14:33:43 906866 Price: 2.708,50
2021-01-24_14:43:48 906866 Price: 2.708,50
2021-01-24_14:53:48 906866 Price: 2.708,50
2021-01-24_15:03:48 906866 Price: 2.708,50
2021-01-24_15:13:48 906866 Price: 2.708,50
2021-01-24_15:23:48 906866 Price: 2.708,50
2021-01-24_15:33:48 906866 Price: 2.708,50
2021-01-24_15:43:48 906866 Price: 2.708,50
2021-01-24_15:53:48 906866 Price: 2.708,50
2021-01-24_16:03:48 906866 Price: 2.708,50
2021-01-24_16:13:48 906866 Price: 2.708,50
2021-01-24_16:23:48 906866 Price: 2.708,50
2021-01-24_16:33:48 906866 Price: 2.708,50
2021-01-24_16:43:48 906866 Price: 2.708,50
2021-01-24_16:53:47 906866 Price: 2.708,50
2021-01-24_17:03:48 906866 Price: 2.708,50
2021-01-24_17:13:48 906866 Price: 2.708,50
2021-01-24_17:23:47 906866 Price: 2.708,50
2021-01-24_17:33:48 906866 Price: 2.708,50
2021-01-24_17:43:47 906866 Price: 2.708,50
2021-01-24_17:53:48 906866 Price: 2.708,50
2021-01-24_18:03:48 906866 Price: 2.708,50
2021-01-24_18:13:48 906866 Price: 2.708,50
2021-01-24_18:23:48 906866 Price: 2.708,50
2021-01-24_18:33:48 906866 Price: 2.708,50
2021-01-24_18:43:48 906866 Price: 2.708,50
2021-01-24_18:53:48 906866 Price: 2.708,50
2021-01-24_19:03:47 906866 Price: 2.708,50
2021-01-24_19:13:47 906866 Price: 2.708,50
2021-01-24_19:23:47 906866 Price: 2.708,50
2021-01-24_19:33:47 906866 Price: 2.708,50
2021-01-24_19:43:53 906866 Price: 2.708,50
2021-01-24_19:53:53 906866 Price: 2.708,50
2021-01-24_20:03:53 906866 Price: 2.708,50
2021-01-24_20:13:53 906866 Price: 2.708,50
2021-01-24_20:23:54 906866 Price: 2.708,50
2021-01-24_20:33:53 906866 Price: 2.708,50
2021-01-24_20:43:53 906866 Price: 2.708,50
2021-01-24_20:53:53 906866 Price: 2.708,50
2021-01-24_21:03:53 906866 Price: 2.708,50
2021-01-24_21:13:53 906866 Price: 2.708,50
2021-01-24_21:23:53 906866 Price: 2.708,50
2021-01-24_21:33:53 906866 Price: 2.708,50
2021-01-24_21:43:53 906866 Price: 2.708,50
2021-01-24_21:53:52 906866 Price: 2.708,50
2021-01-24_22:03:52 906866 Price: 2.708,50
2021-01-24_22:13:53 906866 Price: 2.708,50
2021-01-24_22:23:53 906866 Price: 2.708,50
2021-01-24_22:33:52 906866 Price: 2.708,50
2021-01-24_22:43:52 906866 Price: 2.708,50
2021-01-24_22:53:52 906866 Price: 2.708,50
2021-01-24_23:03:52 906866 Price: 2.708,50
2021-01-24_23:13:52 906866 Price: 2.708,50
2021-01-24_23:23:52 906866 Price: 2.708,50
2021-01-24_23:33:52 906866 Price: 2.708,50
2021-01-24_23:43:53 906866 Price: 2.708,50
2021-01-24_23:53:52 906866 Price: 2.708,50
2021-01-25_00:03:52 906866 Price: 2.708,50
2021-01-25_00:13:53 906866 Price: 2.708,50
2021-01-25_00:23:52 906866 Price: 2.708,50
2021-01-25_00:33:52 906866 Price: 2.708,50
2021-01-25_00:43:53 906866 Price: 2.708,50
2021-01-25_00:53:53 906866 Price: 2.708,50
2021-01-25_01:03:52 906866 Price: 2.708,50
2021-01-25_01:13:53 906866 Price: 2.708,50
2021-01-25_01:23:58 906866 Price: 2.708,50
2021-01-25_01:33:58 906866 Price: 2.708,50
2021-01-25_01:43:57 906866 Price: 2.708,50
2021-01-25_01:53:58 906866 Price: 2.708,50
2021-01-25_02:03:57 906866 Price: 2.708,50
2021-01-25_02:13:58 906866 Price: 2.708,50
2021-01-25_02:23:58 906866 Price: 2.708,50
2021-01-25_02:33:58 906866 Price: 2.708,50
2021-01-25_02:43:58 906866 Price: 2.708,50
2021-01-25_02:53:58 906866 Price: 2.708,50
2021-01-25_03:03:57 906866 Price: 2.708,50
2021-01-25_03:13:58 906866 Price: 2.708,50
2021-01-25_03:23:56 906866 Price: 2.708,50
2021-01-25_03:33:58 906866 Price: 2.708,50
2021-01-25_03:43:58 906866 Price: 2.708,50
2021-01-25_03:53:57 906866 Price: 2.708,50
2021-01-25_04:03:57 906866 Price: 2.708,50
2021-01-25_04:13:58 906866 Price: 2.708,50
2021-01-25_04:23:58 906866 Price: 2.708,50
2021-01-25_04:33:57 906866 Price: 2.708,50
2021-01-25_04:43:57 906866 Price: 2.708,50
2021-01-25_04:53:57 906866 Price: 2.708,50
2021-01-25_05:03:57 906866 Price: 2.708,50
2021-01-25_05:13:57 906866 Price: 2.708,50
2021-01-25_05:23:58 906866 Price: 2.708,50
2021-01-25_05:33:57 906866 Price: 2.708,50
2021-01-25_05:43:57 906866 Price: 2.708,50
2021-01-25_05:53:57 906866 Price: 2.708,50
2021-01-25_06:03:57 906866 Price: 2.708,50
2021-01-25_06:13:57 906866 Price: 2.708,50
2021-01-25_06:23:57 906866 Price: 2.708,50
2021-01-25_06:33:57 906866 Price: 2.708,50
2021-01-25_06:43:57 906866 Price: 2.708,50
2021-01-25_06:53:57 906866 Price: 2.708,50
2021-01-25_07:03:57 906866 Price: 2.708,50
2021-01-25_07:13:57 906866 Price: 2.708,50
2021-01-25_07:23:58 906866 Price: 2.708,50
2021-01-25_07:33:57 906866 Price: 2.708,50
2021-01-25_07:43:57 906866 Price: 2.708,50
2021-01-25_07:53:57 906866 Price: 2.708,50
2021-01-25_08:03:57 906866 Price: 2.730,00
2021-01-25_08:13:58 906866 Price: 2.717,50
2021-01-25_08:23:57 906866 Price: 2.720,00
2021-01-25_08:33:57 906866 Price: 2.720,00
2021-01-25_08:43:57 906866 Price: 2.725,00
2021-01-25_08:53:57 906866 Price: 2.720,00
2021-01-25_09:03:57 906866 Price: 2.725,50
2021-01-25_09:13:57 906866 Price: 2.731,00
2021-01-25_09:23:57 906866 Price: 2.731,50
2021-01-25_09:33:57 906866 Price: 2.728,00
2021-01-25_09:43:57 906866 Price: 2.728,50
2021-01-25_09:53:57 906866 Price: 2.728,00
2021-01-25_10:03:57 906866 Price: 2.730,00
2021-01-25_10:13:57 906866 Price: 2.731,50
2021-01-25_10:23:57 906866 Price: 2.731,50
2021-01-25_10:33:58 906866 Price: 2.732,00
2021-01-25_10:43:57 906866 Price: 2.734,50
2021-01-25_10:53:58 906866 Price: 2.734,50
2021-01-25_11:03:57 906866 Price: 2.733,00
2021-01-25_11:13:57 906866 Price: 2.737,00
2021-01-25_11:23:57 906866 Price: 2.734,00
2021-01-25_11:33:57 906866 Price: 2.730,50
2021-01-25_11:43:57 906866 Price: 2.733,50
2021-01-25_11:53:58 906866 Price: 2.732,50
2021-01-25_12:03:57 906866 Price: 2.732,50
2021-01-25_12:13:57 906866 Price: 2.731,00
2021-01-25_12:23:57 906866 Price: 2.732,50
2021-01-25_12:33:58 906866 Price: 2.733,00
2021-01-25_12:43:57 906866 Price: 2.732,00
2021-01-25_12:53:57 906866 Price: 2.730,50
2021-01-25_13:03:57 906866 Price: 2.730,00
2021-01-25_13:13:58 906866 Price: 2.728,50
2021-01-25_13:23:58 906866 Price: 2.732,50
2021-01-25_13:33:57 906866 Price: 2.740,50
2021-01-25_13:43:57 906866 Price: 2.740,50
2021-01-25_13:53:57 906866 Price: 2.740,00
2021-01-25_14:03:58 906866 Price: 2.739,00
2021-01-25_14:13:57 906866 Price: 2.739,50
2021-01-25_14:23:57 906866 Price: 2.738,50
2021-01-25_14:33:57 906866 Price: 2.743,50
2021-01-25_14:43:57 906866 Price: 2.743,50
2021-01-25_14:53:57 906866 Price: 2.743,50
2021-01-25_15:03:57 906866 Price: 2.743,50
2021-01-25_15:13:57 906866 Price: 2.741,00
2021-01-25_15:23:58 906866 Price: 2.741,00
2021-01-25_15:33:57 906866 Price: 2.750,00
2021-01-25_15:43:58 906866 Price: 2.766,00
2021-01-25_15:53:58 906866 Price: 2.766,00
2021-01-25_16:03:57 906866 Price: 2.758,00
2021-01-25_16:13:57 906866 Price: 2.747,00
2021-01-25_16:23:57 906866 Price: 2.751,00
2021-01-25_16:33:57 906866 Price: 2.742,00
2021-01-25_16:43:58 906866 Price: 2.727,50
2021-01-25_16:53:57 906866 Price: 2.718,00
2021-01-25_17:03:57 906866 Price: 2.707,00
2021-01-25_17:13:57 906866 Price: 2.682,00
2021-01-25_17:23:58 906866 Price: 2.698,50
2021-01-25_17:33:57 906866 Price: 2.697,50
2021-01-25_17:43:58 906866 Price: 2.703,00
2021-01-25_17:53:57 906866 Price: 2.702,50
2021-01-25_18:03:58 906866 Price: 2.709,50
2021-01-25_18:13:57 906866 Price: 2.715,00
2021-01-25_18:23:58 906866 Price: 2.713,50
2021-01-25_18:33:57 906866 Price: 2.703,00
2021-01-25_18:43:58 906866 Price: 2.710,50
2021-01-25_18:53:57 906866 Price: 2.714,50
2021-01-25_19:03:57 906866 Price: 2.728,50
2021-01-25_19:13:58 906866 Price: 2.728,50
2021-01-25_19:23:58 906866 Price: 2.725,00
2021-01-25_19:33:57 906866 Price: 2.725,00
2021-01-25_19:43:57 906866 Price: 2.723,50
2021-01-25_19:53:57 906866 Price: 2.723,50
2021-01-25_20:03:58 906866 Price: 2.716,50
2021-01-25_20:13:57 906866 Price: 2.716,50
2021-01-25_20:23:57 906866 Price: 2.714,00
2021-01-25_20:33:58 906866 Price: 2.718,00
2021-01-25_20:43:57 906866 Price: 2.718,50
2021-01-25_20:53:58 906866 Price: 2.719,00
2021-01-25_21:03:57 906866 Price: 2.719,00
2021-01-25_21:13:57 906866 Price: 2.719,00
2021-01-25_21:23:58 906866 Price: 2.719,00
2021-01-25_21:33:57 906866 Price: 2.719,00
2021-01-25_21:43:57 906866 Price: 2.713,50
2021-01-25_21:53:57 906866 Price: 2.713,50
2021-01-25_22:03:58 906866 Price: 2.713,50
2021-01-25_22:13:58 906866 Price: 2.713,50
2021-01-25_22:23:58 906866 Price: 2.713,50
2021-01-25_22:33:57 906866 Price: 2.713,50
2021-01-25_22:43:58 906866 Price: 2.713,50
2021-01-25_22:53:58 906866 Price: 2.713,50
2021-01-25_23:03:57 906866 Price: 2.713,50
2021-01-25_23:13:58 906866 Price: 2.713,50
2021-01-25_23:23:57 906866 Price: 2.713,50
2021-01-25_23:33:57 906866 Price: 2.713,50
2021-01-25_23:43:57 906866 Price: 2.713,50
2021-01-25_23:53:58 906866 Price: 2.713,50
2021-01-26_00:03:57 906866 Price: 2.713,50
2021-01-26_00:13:57 906866 Price: 2.713,50
2021-01-26_00:23:57 906866 Price: 2.713,50
2021-01-26_00:33:57 906866 Price: 2.713,50
2021-01-26_00:43:57 906866 Price: 2.713,50
2021-01-26_00:53:58 906866 Price: 2.713,50
2021-01-26_01:03:57 906866 Price: 2.713,50
2021-01-26_01:13:57 906866 Price: 2.713,50
2021-01-26_01:23:58 906866 Price: 2.713,50
2021-01-26_01:33:59 906866 Price: 2.713,50
2021-01-26_01:43:57 906866 Price: 2.713,50
2021-01-26_01:53:57 906866 Price: 2.713,50
2021-01-26_02:03:58 906866 Price: 2.713,50
2021-01-26_02:13:57 906866 Price: 2.713,50
2021-01-26_02:23:58 906866 Price: 2.713,50
2021-01-26_02:33:58 906866 Price: 2.713,50
2021-01-26_02:43:58 906866 Price: 2.713,50
2021-01-26_02:53:57 906866 Price: 2.713,50
2021-01-26_03:03:58 906866 Price: 2.713,50
2021-01-26_03:13:58 906866 Price: 2.713,50
2021-01-26_03:23:58 906866 Price: 2.713,50
2021-01-26_03:33:57 906866 Price: 2.713,50
2021-01-26_03:43:57 906866 Price: 2.713,50
2021-01-26_03:53:57 906866 Price: 2.713,50
2021-01-26_04:03:59 906866 Price: 2.713,50
2021-01-26_04:13:57 906866 Price: 2.713,50
2021-01-26_04:23:57 906866 Price: 2.713,50
2021-01-26_04:33:57 906866 Price: 2.713,50
2021-01-26_04:43:57 906866 Price: 2.713,50
2021-01-26_04:53:57 906866 Price: 2.713,50
2021-01-26_05:03:57 906866 Price: 2.713,50
2021-01-26_05:13:58 906866 Price: 2.713,50
2021-01-26_05:23:57 906866 Price: 2.713,50
2021-01-26_05:33:57 906866 Price: 2.713,50
2021-01-26_05:43:57 906866 Price: 2.713,50
2021-01-26_05:53:57 906866 Price: 2.713,50
2021-01-26_06:03:58 906866 Price: 2.713,50
2021-01-26_06:13:58 906866 Price: 2.713,50
2021-01-26_06:23:58 906866 Price: 2.713,50
2021-01-26_06:33:57 906866 Price: 2.713,50
2021-01-26_06:43:57 906866 Price: 2.713,50
2021-01-26_06:53:57 906866 Price: 2.713,50
2021-01-26_07:03:58 906866 Price: 2.713,50
2021-01-26_07:13:57 906866 Price: 2.713,50
2021-01-26_07:23:57 906866 Price: 2.713,50
2021-01-26_07:33:57 906866 Price: 2.713,50
2021-01-26_07:43:57 906866 Price: 2.713,50
2021-01-26_07:53:58 906866 Price: 2.713,50
2021-01-26_08:03:57 906866 Price: 2.701,50
2021-01-26_08:13:57 906866 Price: 2.701,50
2021-01-26_08:23:57 906866 Price: 2.708,50
2021-01-26_08:33:57 906866 Price: 2.703,50
2021-01-26_08:43:57 906866 Price: 2.708,50
2021-01-26_08:53:58 906866 Price: 2.705,00
2021-01-26_09:03:57 906866 Price: 2.709,50
2021-01-26_09:13:57 906866 Price: 2.703,00
2021-01-26_09:23:58 906866 Price: 2.706,50
2021-01-26_09:33:58 906866 Price: 2.706,50
2021-01-26_09:43:58 906866 Price: 2.704,50
2021-01-26_09:53:57 906866 Price: 2.704,50
2021-01-26_10:03:57 906866 Price: 2.711,50
2021-01-26_10:13:57 906866 Price: 2.711,50
2021-01-26_10:23:58 906866 Price: 2.714,50
2021-01-26_10:33:57 906866 Price: 2.714,50
2021-01-26_10:43:59 906866 Price: 2.719,00
2021-01-26_10:53:58 906866 Price: 2.719,00
2021-01-26_11:03:58 906866 Price: 2.715,50
2021-01-26_11:13:58 906866 Price: 2.713,00
2021-01-26_11:23:57 906866 Price: 2.714,00
2021-01-26_11:33:58 906866 Price: 2.714,00
2021-01-26_11:43:58 906866 Price: 2.713,50
2021-01-26_11:53:58 906866 Price: 2.713,00
2021-01-26_12:03:57 906866 Price: 2.713,00
2021-01-26_12:13:57 906866 Price: 2.711,00
2021-01-26_12:23:58 906866 Price: 2.711,00
2021-01-26_12:33:58 906866 Price: 2.710,50
2021-01-26_12:43:58 906866 Price: 2.711,00
2021-01-26_12:53:59 906866 Price: 2.708,00
2021-01-26_13:03:57 906866 Price: 2.711,50
2021-01-26_13:13:58 906866 Price: 2.713,50
2021-01-26_13:23:58 906866 Price: 2.716,50
2021-01-26_13:33:57 906866 Price: 2.714,50
2021-01-26_13:43:57 906866 Price: 2.714,50
2021-01-26_13:53:58 906866 Price: 2.716,00
2021-01-26_14:03:58 906866 Price: 2.713,00
2021-01-26_14:13:58 906866 Price: 2.708,00
2021-01-26_14:23:58 906866 Price: 2.709,50
2021-01-26_14:33:58 906866 Price: 2.710,50
2021-01-26_14:43:59 906866 Price: 2.711,00
2021-01-26_14:53:58 906866 Price: 2.709,00
2021-01-26_14:55:04 906866 Price: 2.715,50
2021-01-26_15:57:22 906866 Price: 2.715,50
2021-01-26_16:17:22 906866 Price: 2.726,00
2021-01-26_16:27:22 906866 Price: 2.714,50
2021-01-26_16:30:38 906866 Price: 2.714,50
2021-01-26_16:35:49 906866 Price: 2.728,50
2021-01-26_16:48:36 906866 Price: 2.728,50
2021-01-26_16:58:36 906866 Price: 2.728,50
2021-01-26_17:08:36 906866 Price: 2.730,50
2021-01-26_17:18:36 906866 Price: 2.738,00
2021-01-26_17:28:36 906866 Price: 2.728,50
2021-01-26_17:38:36 906866 Price: 2.729,00
2021-01-26_17:48:36 906866 Price: 2.729,00
2021-01-26_17:58:36 906866 Price: 2.722,00
2021-01-26_18:08:36 906866 Price: 2.723,50
2021-01-26_18:18:36 906866 Price: 2.734,50
2021-01-26_18:28:36 906866 Price: 2.731,50
2021-01-26_18:38:36 906866 Price: 2.734,00
2021-01-26_18:48:37 906866 Price: 2.729,50
2021-01-26_18:58:36 906866 Price: 2.738,50
2021-01-26_19:08:36 906866 Price: 2.731,50
2021-01-26_19:18:36 906866 Price: 2.735,50
2021-01-26_19:28:36 906866 Price: 2.735,50
2021-01-26_19:38:36 906866 Price: 2.735,50
2021-01-26_19:48:36 906866 Price: 2.738,50
2021-01-26_19:58:36 906866 Price: 2.736,50
2021-01-26_20:08:36 906866 Price: 2.736,50
2021-01-26_20:18:37 906866 Price: 2.737,50
2021-01-26_20:28:37 906866 Price: 2.737,50
2021-01-26_20:38:36 906866 Price: 2.736,00
2021-01-26_20:48:37 906866 Price: 2.736,00
2021-01-26_20:58:37 906866 Price: 2.733,50
2021-01-26_21:08:37 906866 Price: 2.733,50
2021-01-26_21:28:37 906866 Price: 2.733,50
2021-01-26_21:38:36 906866 Price: 2.741,50
2021-01-26_21:48:37 906866 Price: 2.734,50
2021-01-26_21:58:37 906866 Price: 2.740,00
2021-01-26_22:08:37 906866 Price: 2.740,00
2021-01-26_22:18:37 906866 Price: 2.740,00
2021-01-26_22:28:37 906866 Price: 2.740,00
2021-01-26_22:38:37 906866 Price: 2.740,00
2021-01-26_22:48:37 906866 Price: 2.740,00
2021-01-26_22:58:37 906866 Price: 2.740,00
2021-01-26_23:08:37 906866 Price: 2.740,00
2021-01-26_23:18:37 906866 Price: 2.740,00
2021-01-26_23:28:37 906866 Price: 2.740,00
2021-01-26_23:38:37 906866 Price: 2.740,00
2021-01-26_23:48:37 906866 Price: 2.740,00
2021-01-26_23:58:37 906866 Price: 2.740,00
2021-01-27_00:08:37 906866 Price: 2.740,00
2021-01-27_00:18:37 906866 Price: 2.740,00
2021-01-27_00:28:37 906866 Price: 2.740,00
2021-01-27_00:38:37 906866 Price: 2.740,00
2021-01-27_00:48:37 906866 Price: 2.740,00
2021-01-27_00:58:38 906866 Price: 2.740,00
2021-01-27_01:08:37 906866 Price: 2.740,00
2021-01-27_01:18:37 906866 Price: 2.740,00
2021-01-27_01:28:37 906866 Price: 2.740,00
2021-01-27_01:38:37 906866 Price: 2.740,00
2021-01-27_01:48:37 906866 Price: 2.740,00
2021-01-27_01:58:37 906866 Price: 2.740,00
2021-01-27_02:08:37 906866 Price: 2.740,00
2021-01-27_02:18:37 906866 Price: 2.740,00
2021-01-27_02:28:37 906866 Price: 2.740,00
2021-01-27_02:38:38 906866 Price: 2.740,00
2021-01-27_02:48:37 906866 Price: 2.740,00
2021-01-27_02:58:37 906866 Price: 2.740,00
2021-01-27_03:08:37 906866 Price: 2.740,00
2021-01-27_03:18:37 906866 Price: 2.740,00
2021-01-27_03:28:37 906866 Price: 2.740,00
2021-01-27_03:38:38 906866 Price: 2.740,00
2021-01-27_03:48:37 906866 Price: 2.740,00
2021-01-27_03:58:37 906866 Price: 2.740,00
2021-01-27_04:08:37 906866 Price: 2.740,00
2021-01-27_04:18:37 906866 Price: 2.740,00
2021-01-27_04:28:37 906866 Price: 2.740,00
2021-01-27_04:38:38 906866 Price: 2.740,00
2021-01-27_04:48:37 906866 Price: 2.740,00
2021-01-27_04:58:37 906866 Price: 2.740,00
2021-01-27_05:08:37 906866 Price: 2.740,00
2021-01-27_05:18:37 906866 Price: 2.740,00
2021-01-27_05:28:38 906866 Price: 2.740,00
2021-01-27_05:38:37 906866 Price: 2.740,00
2021-01-27_05:48:37 906866 Price: 2.740,00
2021-01-27_05:58:37 906866 Price: 2.740,00
2021-01-27_06:08:37 906866 Price: 2.740,00
2021-01-27_06:18:38 906866 Price: 2.740,00
2021-01-27_06:28:38 906866 Price: 2.740,00
2021-01-27_06:38:37 906866 Price: 2.740,00
2021-01-27_06:48:37 906866 Price: 2.740,00
2021-01-27_06:58:37 906866 Price: 2.740,00
2021-01-27_07:08:37 906866 Price: 2.740,00
2021-01-27_07:18:37 906866 Price: 2.740,00
2021-01-27_07:28:37 906866 Price: 2.740,00
2021-01-27_07:38:37 906866 Price: 2.740,00
2021-01-27_07:48:38 906866 Price: 2.740,00
2021-01-27_07:58:37 906866 Price: 2.740,00
2021-01-27_08:08:37 906866 Price: 2.770,00
2021-01-27_08:18:37 906866 Price: 2.774,50
2021-01-27_08:28:38 906866 Price: 2.774,50
2021-01-27_08:38:37 906866 Price: 2.766,50
2021-01-27_08:48:37 906866 Price: 2.757,50
2021-01-27_08:58:38 906866 Price: 2.765,00
2021-01-27_09:08:38 906866 Price: 2.760,00
2021-01-27_09:18:37 906866 Price: 2.765,00
2021-01-27_09:28:38 906866 Price: 2.757,00
2021-01-27_09:38:38 906866 Price: 2.759,50
2021-01-27_09:48:38 906866 Price: 2.763,00
2021-01-27_09:58:38 906866 Price: 2.763,50
2021-01-27_10:08:37 906866 Price: 2.763,50
2021-01-27_10:18:37 906866 Price: 2.760,50
2021-01-27_10:28:38 906866 Price: 2.764,50
2021-01-27_10:38:38 906866 Price: 2.770,00
2021-01-27_10:48:37 906866 Price: 2.771,50
2021-01-27_10:58:37 906866 Price: 2.777,00
2021-01-27_11:08:37 906866 Price: 2.772,00
2021-01-27_11:18:37 906866 Price: 2.772,00
2021-01-27_11:28:37 906866 Price: 2.771,00
2021-01-27_11:38:37 906866 Price: 2.771,00
2021-01-27_11:48:37 906866 Price: 2.768,50
2021-01-27_11:58:37 906866 Price: 2.768,00
2021-01-27_12:08:37 906866 Price: 2.766,50
2021-01-27_12:18:37 906866 Price: 2.761,00
2021-01-27_12:28:38 906866 Price: 2.763,00
2021-01-27_12:38:37 906866 Price: 2.763,50
2021-01-27_12:48:37 906866 Price: 2.763,50
2021-01-27_12:58:37 906866 Price: 2.766,00
2021-01-27_13:08:37 906866 Price: 2.774,00
2021-01-27_13:18:37 906866 Price: 2.774,00
2021-01-27_13:28:37 906866 Price: 2.765,00
2021-01-27_13:38:37 906866 Price: 2.756,00
2021-01-27_13:48:38 906866 Price: 2.750,00
2021-01-27_13:58:37 906866 Price: 2.748,00
2021-01-27_14:08:38 906866 Price: 2.746,00
2021-01-27_14:18:38 906866 Price: 2.740,50
2021-01-27_14:28:38 906866 Price: 2.740,50
2021-01-27_14:38:38 906866 Price: 2.741,50
2021-01-27_14:48:37 906866 Price: 2.740,00
2021-01-27_14:58:37 906866 Price: 2.748,00
2021-01-27_15:08:37 906866 Price: 2.748,00
2021-01-27_15:18:38 906866 Price: 2.742,50
2021-01-27_15:28:38 906866 Price: 2.742,50
2021-01-27_15:38:38 906866 Price: 2.729,50
2021-01-27_15:48:37 906866 Price: 2.703,00
2021-01-27_15:58:37 906866 Price: 2.707,50
2021-01-27_16:08:37 906866 Price: 2.729,00
2021-01-27_16:18:37 906866 Price: 2.737,50
2021-01-27_16:28:37 906866 Price: 2.737,00
2021-01-27_16:38:37 906866 Price: 2.730,50
2021-01-27_16:48:38 906866 Price: 2.730,50
2021-01-27_16:58:37 906866 Price: 2.731,50
2021-01-27_17:08:37 906866 Price: 2.729,50
2021-01-27_17:18:38 906866 Price: 2.726,00
2021-01-27_17:28:37 906866 Price: 2.714,00
2021-01-27_17:38:38 906866 Price: 2.705,00
2021-01-27_17:48:37 906866 Price: 2.702,50
2021-01-27_17:58:37 906866 Price: 2.701,00
2021-01-27_18:08:37 906866 Price: 2.700,00
2021-01-27_18:18:37 906866 Price: 2.705,50
2021-01-27_18:28:37 906866 Price: 2.715,00
2021-01-27_18:38:38 906866 Price: 2.715,00
2021-01-27_18:48:37 906866 Price: 2.715,00
2021-01-27_18:58:37 906866 Price: 2.715,00
2021-01-27_19:08:37 906866 Price: 2.717,00
2021-01-27_19:18:39 906866 Price: 2.712,00
2021-01-27_19:28:38 906866 Price: 2.710,50
2021-01-27_19:38:37 906866 Price: 2.710,50
2021-01-27_19:48:38 906866 Price: 2.710,50
2021-01-27_19:58:38 906866 Price: 2.706,50
2021-01-27_20:08:38 906866 Price: 2.706,50
2021-01-27_20:18:38 906866 Price: 2.710,00
2021-01-27_20:28:37 906866 Price: 2.710,00
2021-01-27_20:38:38 906866 Price: 2.692,50
2021-01-27_20:48:38 906866 Price: 2.692,50
2021-01-27_20:58:37 906866 Price: 2.686,00
2021-01-27_21:08:46 906866 Price: 2.686,00
2021-01-27_21:18:42 906866 Price: 2.674,50
2021-01-27_21:28:42 906866 Price: 2.663,50
2021-01-27_21:38:41 906866 Price: 2.653,00
2021-01-27_21:48:42 906866 Price: 2.656,00
2021-01-27_21:58:42 906866 Price: 2.656,00
2021-01-27_22:08:42 906866 Price: 2.656,00
2021-01-27_22:18:42 906866 Price: 2.656,00
2021-01-27_22:28:41 906866 Price: 2.656,00
2021-01-27_22:38:42 906866 Price: 2.656,00
2021-01-27_22:48:41 906866 Price: 2.656,00
2021-01-27_22:58:42 906866 Price: 2.656,00
2021-01-27_23:08:42 906866 Price: 2.656,00
2021-01-27_23:18:42 906866 Price: 2.656,00
2021-01-27_23:28:42 906866 Price: 2.656,00
2021-01-27_23:38:42 906866 Price: 2.656,00
2021-01-27_23:48:42 906866 Price: 2.656,00
2021-01-27_23:58:41 906866 Price: 2.656,00
2021-01-28_00:08:42 906866 Price: 2.656,00
2021-01-28_00:18:41 906866 Price: 2.656,00
2021-01-28_00:28:42 906866 Price: 2.656,00
2021-01-28_00:38:42 906866 Price: 2.656,00
2021-01-28_00:48:42 906866 Price: 2.656,00
2021-01-28_00:58:43 906866 Price: 2.656,00
2021-01-28_01:08:41 906866 Price: 2.656,00
2021-01-28_01:18:42 906866 Price: 2.656,00
2021-01-28_01:28:41 906866 Price: 2.656,00
2021-01-28_01:38:41 906866 Price: 2.656,00
2021-01-28_01:48:42 906866 Price: 2.656,00
2021-01-28_01:58:42 906866 Price: 2.656,00
2021-01-28_02:08:41 906866 Price: 2.656,00
2021-01-28_02:18:42 906866 Price: 2.656,00
2021-01-28_02:28:41 906866 Price: 2.656,00
2021-01-28_02:38:42 906866 Price: 2.656,00
2021-01-28_02:48:42 906866 Price: 2.656,00
2021-01-28_02:58:42 906866 Price: 2.656,00
2021-01-28_03:08:41 906866 Price: 2.656,00
2021-01-28_03:18:42 906866 Price: 2.656,00
2021-01-28_03:28:41 906866 Price: 2.656,00
2021-01-28_03:38:42 906866 Price: 2.656,00
2021-01-28_03:48:41 906866 Price: 2.656,00
2021-01-28_03:58:41 906866 Price: 2.656,00
2021-01-28_04:08:41 906866 Price: 2.656,00
2021-01-28_04:18:41 906866 Price: 2.656,00
2021-01-28_04:28:41 906866 Price: 2.656,00
2021-01-28_04:38:41 906866 Price: 2.656,00
2021-01-28_04:48:41 906866 Price: 2.656,00
2021-01-28_04:58:41 906866 Price: 2.656,00
2021-01-28_05:08:41 906866 Price: 2.656,00
2021-01-28_05:18:42 906866 Price: 2.656,00
2021-01-28_05:28:42 906866 Price: 2.656,00
2021-01-28_05:38:42 906866 Price: 2.656,00
2021-01-28_05:48:42 906866 Price: 2.656,00
2021-01-28_05:58:41 906866 Price: 2.656,00
2021-01-28_06:08:41 906866 Price: 2.656,00
2021-01-28_06:18:42 906866 Price: 2.656,00
2021-01-28_06:28:42 906866 Price: 2.656,00
2021-01-28_06:38:41 906866 Price: 2.656,00
2021-01-28_06:48:42 906866 Price: 2.656,00
2021-01-28_06:58:41 906866 Price: 2.656,00
2021-01-28_07:08:42 906866 Price: 2.656,00
2021-01-28_07:18:41 906866 Price: 2.656,00
2021-01-28_07:28:42 906866 Price: 2.656,00
2021-01-28_07:38:41 906866 Price: 2.656,00
2021-01-28_07:48:41 906866 Price: 2.656,00
2021-01-28_07:58:42 906866 Price: 2.656,00
2021-01-28_08:08:41 906866 Price: 2.663,50
2021-01-28_08:18:41 906866 Price: 2.658,50
2021-01-28_08:28:41 906866 Price: 2.658,50
2021-01-28_08:38:41 906866 Price: 2.650,00
2021-01-28_08:48:42 906866 Price: 2.650,00
2021-01-28_08:58:41 906866 Price: 2.650,00
2021-01-28_09:08:42 906866 Price: 2.650,00
2021-01-28_09:18:42 906866 Price: 2.657,50
2021-01-28_09:28:42 906866 Price: 2.657,50
2021-01-28_09:38:42 906866 Price: 2.652,00
2021-01-28_09:48:42 906866 Price: 2.650,00
2021-01-28_09:58:42 906866 Price: 2.645,00
2021-01-28_10:08:42 906866 Price: 2.638,00
2021-01-28_10:18:27 906866 Price: 2.638,50
2021-01-28_10:19:32 906866 Price: 2.640,00
2021-01-28_10:29:32 906866 Price: 2.627,50
2021-01-28_10:39:32 906866 Price: 2.637,50
2021-01-28_10:49:32 906866 Price: 2.631,50
2021-01-28_10:59:32 906866 Price: 2.631,50
2021-01-28_11:09:32 906866 Price: 2.632,00
2021-01-28_11:19:32 906866 Price: 2.632,50
2021-01-28_11:29:32 906866 Price: 2.641,00
2021-01-28_11:39:32 906866 Price: 2.641,00
2021-01-28_11:49:32 906866 Price: 2.645,00
2021-01-28_11:59:32 906866 Price: 2.645,00
2021-01-28_12:09:32 906866 Price: 2.648,50
2021-01-28_12:19:32 906866 Price: 2.647,50
2021-01-28_12:29:32 906866 Price: 2.650,50
2021-01-28_12:39:32 906866 Price: 2.652,00
2021-01-28_12:49:32 906866 Price: 2.652,00
2021-01-28_12:59:32 906866 Price: 2.650,50
2021-01-28_13:09:32 906866 Price: 2.650,00
2021-01-28_13:19:32 906866 Price: 2.655,00
2021-01-28_13:29:32 906866 Price: 2.656,00
2021-01-28_13:39:32 906866 Price: 2.652,50
2021-01-28_13:49:32 906866 Price: 2.652,50
2021-01-28_13:59:31 906866 Price: 2.653,00
2021-01-28_14:09:31 906866 Price: 2.655,00
2021-01-28_14:19:31 906866 Price: 2.647,50
2021-01-28_14:29:32 906866 Price: 2.647,50
2021-01-28_14:39:32 906866 Price: 2.649,50
2021-01-28_14:49:32 906866 Price: 2.655,00
2021-01-28_14:59:32 906866 Price: 2.660,00
2021-01-28_15:09:31 906866 Price: 2.660,00
2021-01-28_15:19:31 906866 Price: 2.672,00
2021-01-28_15:29:31 906866 Price: 2.678,00
2021-01-28_15:39:32 906866 Price: 2.670,00
2021-01-28_15:49:32 906866 Price: 2.685,50
2021-01-28_15:59:31 906866 Price: 2.679,50
2021-01-28_16:09:32 906866 Price: 2.677,50
2021-01-28_16:19:32 906866 Price: 2.686,50
2021-01-28_16:29:32 906866 Price: 2.686,50
2021-01-28_16:39:32 906866 Price: 2.690,50
2021-01-28_16:49:31 906866 Price: 2.690,50
2021-01-28_16:59:32 906866 Price: 2.682,00
2021-01-28_17:09:32 906866 Price: 2.700,00
2021-01-28_17:19:31 906866 Price: 2.703,00
2021-01-28_17:29:33 906866 Price: 2.697,50
2021-01-28_17:39:32 906866 Price: 2.697,00
2021-01-28_17:49:32 906866 Price: 2.699,00
2021-01-28_17:59:32 906866 Price: 2.699,00
2021-01-28_18:09:49 906866 Price: 2.697,00
2021-01-28_18:16:05 906866 Price: 2.698,50
2021-01-28_18:26:04 906866 Price: 2.698,50
2021-01-28_18:36:04 906866 Price: 2.698,50
2021-01-28_18:46:04 906866 Price: 2.698,50
2021-01-28_18:56:04 906866 Price: 2.710,00
2021-01-28_19:06:07 906866 Price: 2.723,00
2021-01-28_19:16:06 906866 Price: 2.723,00
2021-01-28_19:26:04 906866 Price: 2.723,00
2021-01-28_19:36:05 906866 Price: 2.715,00
2021-01-28_19:46:04 906866 Price: 2.713,50
2021-01-28_19:56:04 906866 Price: 2.716,50
2021-01-28_20:06:04 906866 Price: 2.714,50
2021-01-28_20:16:04 906866 Price: 2.714,50
2021-01-28_20:26:04 906866 Price: 2.705,00
2021-01-28_20:36:04 906866 Price: 2.705,00
2021-01-28_20:46:04 906866 Price: 2.705,00
2021-01-28_20:56:04 906866 Price: 2.705,00
2021-01-28_21:06:04 906866 Price: 2.698,50
2021-01-28_21:16:04 906866 Price: 2.696,50
2021-01-28_21:26:04 906866 Price: 2.696,50
2021-01-28_21:36:03 906866 Price: 2.692,00
2021-01-28_21:46:04 906866 Price: 2.692,00
2021-01-28_21:56:04 906866 Price: 2.692,00
2021-01-28_22:06:04 906866 Price: 2.692,00
2021-01-28_22:16:03 906866 Price: 2.692,00
2021-01-28_22:26:04 906866 Price: 2.692,00
2021-01-28_22:36:03 906866 Price: 2.692,00
2021-01-28_22:46:05 906866 Price: 2.692,00
2021-01-28_22:56:04 906866 Price: 2.692,00
2021-01-28_23:06:04 906866 Price: 2.692,00
2021-01-28_23:16:04 906866 Price: 2.692,00
2021-01-28_23:26:05 906866 Price: 2.692,00
2021-01-28_23:36:04 906866 Price: 2.692,00
2021-01-28_23:46:04 906866 Price: 2.692,00
2021-01-28_23:56:04 906866 Price: 2.692,00
2021-01-29_00:06:04 906866 Price: 2.692,00
2021-01-29_00:16:04 906866 Price: 2.692,00
2021-01-29_00:26:04 906866 Price: 2.692,00
2021-01-29_00:36:04 906866 Price: 2.692,00
2021-01-29_00:46:04 906866 Price: 2.692,00
2021-01-29_00:56:05 906866 Price: 2.692,00
2021-01-29_01:06:04 906866 Price: 2.692,00
2021-01-29_01:16:04 906866 Price: 2.692,00
2021-01-29_01:26:04 906866 Price: 2.692,00
2021-01-29_01:36:05 906866 Price: 2.692,00
2021-01-29_01:46:04 906866 Price: 2.692,00
2021-01-29_01:56:04 906866 Price: 2.692,00
2021-01-29_02:06:04 906866 Price: 2.692,00
2021-01-29_02:16:04 906866 Price: 2.692,00
2021-01-29_02:26:05 906866 Price: 2.692,00
2021-01-29_02:36:04 906866 Price: 2.692,00
2021-01-29_02:46:04 906866 Price: 2.692,00
2021-01-29_02:56:04 906866 Price: 2.692,00
2021-01-29_03:06:04 906866 Price: 2.692,00
2021-01-29_03:16:04 906866 Price: 2.692,00
2021-01-29_03:26:04 906866 Price: 2.692,00
2021-01-29_03:36:04 906866 Price: 2.692,00
2021-01-29_03:46:04 906866 Price: 2.692,00
2021-01-29_03:56:04 906866 Price: 2.692,00
2021-01-29_04:06:04 906866 Price: 2.692,00
2021-01-29_04:16:04 906866 Price: 2.692,00
2021-01-29_04:26:04 906866 Price: 2.692,00
2021-01-29_04:36:04 906866 Price: 2.692,00
2021-01-29_04:46:04 906866 Price: 2.692,00
2021-01-29_04:56:04 906866 Price: 2.692,00
2021-01-29_05:06:04 906866 Price: 2.692,00
2021-01-29_05:16:04 906866 Price: 2.692,00
2021-01-29_05:26:04 906866 Price: 2.692,00
2021-01-29_05:36:04 906866 Price: 2.692,00
2021-01-29_05:46:05 906866 Price: 2.692,00
2021-01-29_05:56:04 906866 Price: 2.692,00
2021-01-29_06:06:04 906866 Price: 2.692,00
2021-01-29_06:16:05 906866 Price: 2.692,00
2021-01-29_06:26:04 906866 Price: 2.692,00
2021-01-29_06:36:04 906866 Price: 2.692,00
2021-01-29_06:46:04 906866 Price: 2.692,00
2021-01-29_06:56:04 906866 Price: 2.692,00
2021-01-29_07:06:04 906866 Price: 2.692,00
2021-01-29_07:16:04 906866 Price: 2.692,00
2021-01-29_07:26:04 906866 Price: 2.692,00
2021-01-29_07:36:04 906866 Price: 2.692,00
2021-01-29_07:46:04 906866 Price: 2.692,00
2021-01-29_07:56:04 906866 Price: 2.692,00
2021-01-29_08:06:04 906866 Price: 2.650,50
2021-01-29_08:16:04 906866 Price: 2.651,00
2021-01-29_08:26:04 906866 Price: 2.659,50
2021-01-29_08:36:04 906866 Price: 2.650,00
2021-01-29_08:46:04 906866 Price: 2.644,50
2021-01-29_08:56:04 906866 Price: 2.648,50
2021-01-29_09:06:04 906866 Price: 2.650,00
2021-01-29_09:16:04 906866 Price: 2.650,50
2021-01-29_09:26:04 906866 Price: 2.643,50
2021-01-29_09:36:04 906866 Price: 2.650,00
2021-01-29_09:46:04 906866 Price: 2.650,00
2021-01-29_09:56:04 906866 Price: 2.648,50
2021-01-29_10:06:04 906866 Price: 2.650,50
2021-01-29_10:16:04 906866 Price: 2.650,00
2021-01-29_10:26:04 906866 Price: 2.646,50
2021-01-29_10:36:04 906866 Price: 2.646,50
2021-01-29_10:46:04 906866 Price: 2.646,50
2021-01-29_10:56:04 906866 Price: 2.646,00
2021-01-29_11:16:05 906866 Price: 2.642,00
2021-01-29_11:26:04 906866 Price: 2.637,00
2021-01-29_11:36:04 906866 Price: 2.637,00
2021-01-29_11:46:04 906866 Price: 2.639,00
2021-01-29_11:56:04 906866 Price: 2.642,00
2021-01-29_12:06:04 906866 Price: 2.648,00
2021-01-29_12:16:04 906866 Price: 2.649,50
2021-01-29_12:26:04 906866 Price: 2.650,00
2021-01-29_12:36:04 906866 Price: 2.656,50
2021-01-29_12:46:04 906866 Price: 2.659,00
2021-01-29_12:56:04 906866 Price: 2.659,00
2021-01-29_13:06:04 906866 Price: 2.656,00
2021-01-29_13:16:04 906866 Price: 2.654,50
2021-01-29_13:26:04 906866 Price: 2.654,50
2021-01-29_13:36:04 906866 Price: 2.657,00
2021-01-29_13:46:04 906866 Price: 2.655,50
2021-01-29_13:56:04 906866 Price: 2.656,50
2021-01-29_14:06:04 906866 Price: 2.648,50
2021-01-29_14:16:04 906866 Price: 2.650,50
2021-01-29_14:26:05 906866 Price: 2.651,00
2021-01-29_14:36:04 906866 Price: 2.660,00
2021-01-29_14:46:04 906866 Price: 2.656,00
2021-01-29_14:56:04 906866 Price: 2.664,50
2021-01-29_15:06:04 906866 Price: 2.664,00
2021-01-29_15:16:04 906866 Price: 2.662,50
2021-01-29_15:26:04 906866 Price: 2.654,50
2021-01-29_15:36:05 906866 Price: 2.660,00
2021-01-29_15:46:05 906866 Price: 2.639,50
2021-01-29_15:56:04 906866 Price: 2.639,50
2021-01-29_16:06:04 906866 Price: 2.635,00
2021-01-29_16:16:04 906866 Price: 2.630,00
2021-01-29_16:26:04 906866 Price: 2.630,00
2021-01-29_16:36:04 906866 Price: 2.630,00
2021-01-29_16:46:05 906866 Price: 2.659,00
2021-01-29_16:56:05 906866 Price: 2.651,50
2021-01-29_17:06:04 906866 Price: 2.651,50
2021-01-29_17:16:04 906866 Price: 2.655,50
2021-01-29_17:26:04 906866 Price: 2.655,50
2021-01-29_17:36:04 906866 Price: 2.646,50
2021-01-29_17:46:04 906866 Price: 2.646,50
2021-01-29_17:56:05 906866 Price: 2.646,50
2021-01-29_18:06:05 906866 Price: 2.649,00
2021-01-29_18:16:05 906866 Price: 2.649,00
2021-01-29_18:26:05 906866 Price: 2.640,50
2021-01-29_18:36:05 906866 Price: 2.638,50
2021-01-29_18:46:05 906866 Price: 2.638,50
2021-01-29_18:56:05 906866 Price: 2.638,00
2021-01-29_19:06:04 906866 Price: 2.635,00
2021-01-29_19:16:04 906866 Price: 2.635,00
2021-01-29_19:26:05 906866 Price: 2.635,00
2021-01-29_19:36:05 906866 Price: 2.635,00
2021-01-29_19:56:05 906866 Price: 2.637,50
2021-01-29_20:06:05 906866 Price: 2.636,00
2021-01-29_20:16:05 906866 Price: 2.636,00
2021-01-29_20:26:05 906866 Price: 2.636,00
2021-01-29_20:36:05 906866 Price: 2.647,00
2021-01-29_20:46:05 906866 Price: 2.637,50
2021-01-29_20:56:05 906866 Price: 2.641,00
2021-01-29_21:06:06 906866 Price: 2.647,50
2021-01-29_21:16:05 906866 Price: 2.647,50
2021-01-29_21:26:05 906866 Price: 2.655,00
2021-01-29_21:36:10 906866 Price: 2.655,00
2021-01-29_21:46:10 906866 Price: 2.645,50
2021-01-29_21:56:10 906866 Price: 2.645,50
2021-01-29_22:06:10 906866 Price: 2.648,00
2021-01-29_22:16:10 906866 Price: 2.648,00
2021-01-29_22:26:10 906866 Price: 2.648,00
2021-01-29_22:36:10 906866 Price: 2.648,00
2021-01-29_22:46:10 906866 Price: 2.648,00
2021-01-29_22:56:10 906866 Price: 2.648,00
2021-01-29_23:06:09 906866 Price: 2.648,00
2021-01-29_23:16:09 906866 Price: 2.648,00
2021-01-29_23:26:10 906866 Price: 2.648,00
2021-01-29_23:36:09 906866 Price: 2.648,00
2021-01-29_23:46:09 906866 Price: 2.648,00
2021-01-29_23:56:09 906866 Price: 2.648,00
2021-01-30_00:16:09 906866 Price: 2.648,00
2021-01-30_00:26:09 906866 Price: 2.648,00
2021-01-30_00:36:09 906866 Price: 2.648,00
2021-01-30_00:46:09 906866 Price: 2.648,00
2021-01-30_00:56:09 906866 Price: 2.648,00
2021-01-30_01:06:09 906866 Price: 2.648,00
2021-01-30_01:16:09 906866 Price: 2.648,00
2021-01-30_01:26:09 906866 Price: 2.648,00
2021-01-30_01:36:10 906866 Price: 2.648,00
2021-01-30_01:46:09 906866 Price: 2.648,00
2021-01-30_01:56:09 906866 Price: 2.648,00
2021-01-30_02:06:09 906866 Price: 2.648,00
2021-01-30_02:16:09 906866 Price: 2.648,00
2021-01-30_02:26:09 906866 Price: 2.648,00
2021-01-30_02:36:09 906866 Price: 2.648,00
2021-01-30_02:46:09 906866 Price: 2.648,00
2021-01-30_02:56:10 906866 Price: 2.648,00
2021-01-30_03:06:09 906866 Price: 2.648,00
2021-01-30_03:16:09 906866 Price: 2.648,00
2021-01-30_03:26:09 906866 Price: 2.648,00
2021-01-30_03:36:09 906866 Price: 2.648,00
2021-01-30_03:46:09 906866 Price: 2.648,00
2021-01-30_03:56:09 906866 Price: 2.648,00
2021-01-30_04:06:09 906866 Price: 2.648,00
2021-01-30_04:16:10 906866 Price: 2.648,00
2021-01-30_04:26:09 906866 Price: 2.648,00
2021-01-30_04:36:10 906866 Price: 2.648,00
2021-01-30_04:46:10 906866 Price: 2.648,00
2021-01-30_04:56:09 906866 Price: 2.648,00
2021-01-30_05:06:09 906866 Price: 2.648,00
2021-01-30_05:16:09 906866 Price: 2.648,00
2021-01-30_05:26:10 906866 Price: 2.648,00
2021-01-30_05:36:09 906866 Price: 2.648,00
2021-01-30_05:46:09 906866 Price: 2.648,00
2021-01-30_05:56:10 906866 Price: 2.648,00
2021-01-30_06:06:10 906866 Price: 2.648,00
2021-01-30_06:16:09 906866 Price: 2.648,00
2021-01-30_06:26:09 906866 Price: 2.648,00
2021-01-30_06:36:10 906866 Price: 2.648,00
2021-01-30_06:46:09 906866 Price: 2.648,00
2021-01-30_06:56:09 906866 Price: 2.648,00
2021-01-30_07:06:09 906866 Price: 2.648,00
2021-01-30_07:16:09 906866 Price: 2.648,00
2021-01-30_07:26:09 906866 Price: 2.648,00
2021-01-30_07:36:09 906866 Price: 2.648,00
2021-01-30_07:46:09 906866 Price: 2.648,00
2021-01-30_07:56:09 906866 Price: 2.648,00
2021-01-30_08:06:09 906866 Price: 2.648,00
2021-01-30_08:16:09 906866 Price: 2.648,00
2021-01-30_08:26:10 906866 Price: 2.648,00
2021-01-30_08:36:09 906866 Price: 2.648,00
2021-01-30_08:46:09 906866 Price: 2.648,00
2021-01-30_08:56:09 906866 Price: 2.648,00
2021-01-30_09:06:09 906866 Price: 2.648,00
2021-01-30_09:16:09 906866 Price: 2.648,00
2021-01-30_09:26:09 906866 Price: 2.648,00
2021-01-30_09:36:09 906866 Price: 2.648,00
2021-01-30_09:46:10 906866 Price: 2.648,00
2021-01-30_09:56:09 906866 Price: 2.648,00
2021-01-30_10:06:09 906866 Price: 2.648,00
2021-01-30_10:16:09 906866 Price: 2.648,00
2021-01-30_10:26:09 906866 Price: 2.648,00
2021-01-30_10:36:09 906866 Price: 2.648,00
2021-01-30_10:46:09 906866 Price: 2.648,00
2021-01-30_10:56:10 906866 Price: 2.648,00
2021-01-30_11:06:09 906866 Price: 2.648,00
2021-01-30_11:16:09 906866 Price: 2.648,00
2021-01-30_11:26:10 906866 Price: 2.648,00
2021-01-30_11:36:10 906866 Price: 2.648,00
2021-01-30_11:46:10 906866 Price: 2.648,00
2021-01-30_11:56:10 906866 Price: 2.648,00
2021-01-30_12:06:09 906866 Price: 2.648,00
2021-01-30_12:16:09 906866 Price: 2.648,00
2021-01-30_12:26:10 906866 Price: 2.648,00
2021-01-30_12:36:10 906866 Price: 2.648,00
2021-01-30_12:46:09 906866 Price: 2.648,00
2021-01-30_12:56:10 906866 Price: 2.648,00
2021-01-30_13:06:09 906866 Price: 2.648,00
2021-01-30_13:16:09 906866 Price: 2.648,00
2021-01-30_13:26:10 906866 Price: 2.648,00
2021-01-30_13:36:10 906866 Price: 2.648,00
2021-01-30_13:46:11 906866 Price: 2.648,00
2021-01-30_13:56:10 906866 Price: 2.648,00
2021-01-30_14:06:10 906866 Price: 2.648,00
2021-01-30_14:16:10 906866 Price: 2.648,00
2021-01-30_14:26:10 906866 Price: 2.648,00
2021-01-30_14:36:10 906866 Price: 2.648,00
2021-01-30_14:46:10 906866 Price: 2.648,00
2021-01-30_14:56:10 906866 Price: 2.648,00
2021-01-30_15:06:11 906866 Price: 2.648,00
2021-01-30_15:16:10 906866 Price: 2.648,00
2021-01-30_15:26:10 906866 Price: 2.648,00
2021-01-30_15:36:10 906866 Price: 2.648,00
2021-01-30_15:46:10 906866 Price: 2.648,00
2021-01-30_15:56:10 906866 Price: 2.648,00
2021-01-30_16:06:10 906866 Price: 2.648,00
2021-01-30_16:16:10 906866 Price: 2.648,00
2021-01-30_16:26:10 906866 Price: 2.648,00
2021-01-30_16:36:10 906866 Price: 2.648,00
2021-01-30_16:46:10 906866 Price: 2.648,00
2021-01-30_16:56:10 906866 Price: 2.648,00
2021-01-30_17:06:10 906866 Price: 2.648,00
2021-01-30_17:16:10 906866 Price: 2.648,00
2021-01-30_17:26:10 906866 Price: 2.648,00
2021-01-30_17:36:10 906866 Price: 2.648,00
2021-01-30_17:46:10 906866 Price: 2.648,00
2021-01-30_17:56:11 906866 Price: 2.648,00
2021-01-30_18:06:10 906866 Price: 2.648,00
2021-01-30_18:16:10 906866 Price: 2.648,00
2021-01-30_18:26:11 906866 Price: 2.648,00
2021-01-30_18:36:10 906866 Price: 2.648,00
2021-01-30_18:46:10 906866 Price: 2.648,00
2021-01-30_18:56:10 906866 Price: 2.648,00
2021-01-30_19:06:10 906866 Price: 2.648,00
2021-01-30_19:16:10 906866 Price: 2.648,00
2021-01-30_19:26:10 906866 Price: 2.648,00
2021-01-30_19:36:10 906866 Price: 2.648,00
2021-01-30_19:46:10 906866 Price: 2.648,00
2021-01-30_19:56:10 906866 Price: 2.648,00
2021-01-30_20:06:10 906866 Price: 2.648,00
2021-01-30_20:16:11 906866 Price: 2.648,00
2021-01-30_20:26:11 906866 Price: 2.648,00
2021-01-30_20:36:10 906866 Price: 2.648,00
2021-01-30_20:46:11 906866 Price: 2.648,00
2021-01-30_20:56:10 906866 Price: 2.648,00
2021-01-30_21:06:10 906866 Price: 2.648,00
2021-01-30_21:16:10 906866 Price: 2.648,00
2021-01-30_21:26:10 906866 Price: 2.648,00
2021-01-30_21:36:11 906866 Price: 2.648,00
2021-01-30_21:46:10 906866 Price: 2.648,00
2021-01-30_21:56:11 906866 Price: 2.648,00
2021-01-30_22:06:10 906866 Price: 2.648,00
2021-01-30_22:16:10 906866 Price: 2.648,00
2021-01-30_22:26:10 906866 Price: 2.648,00
2021-01-30_22:36:10 906866 Price: 2.648,00
2021-01-30_22:46:11 906866 Price: 2.648,00
2021-01-30_22:56:10 906866 Price: 2.648,00
2021-01-30_23:06:11 906866 Price: 2.648,00
2021-01-30_23:16:10 906866 Price: 2.648,00
2021-01-30_23:26:11 906866 Price: 2.648,00
2021-01-30_23:46:11 906866 Price: 2.648,00
2021-01-30_23:56:10 906866 Price: 2.648,00
2021-01-31_00:16:11 906866 Price: 2.648,00
2021-01-31_00:26:11 906866 Price: 2.648,00
2021-01-31_00:36:10 906866 Price: 2.648,00
2021-01-31_00:46:11 906866 Price: 2.648,00
2021-01-31_00:56:10 906866 Price: 2.648,00
2021-01-31_01:06:10 906866 Price: 2.648,00
2021-01-31_01:16:11 906866 Price: 2.648,00
2021-01-31_01:26:10 906866 Price: 2.648,00
2021-01-31_01:36:12 906866 Price: 2.648,00
2021-01-31_01:46:11 906866 Price: 2.648,00
2021-01-31_01:56:10 906866 Price: 2.648,00
2021-01-31_02:06:10 906866 Price: 2.648,00
2021-01-31_02:16:10 906866 Price: 2.648,00
2021-01-31_02:26:10 906866 Price: 2.648,00
2021-01-31_02:36:11 906866 Price: 2.648,00
2021-01-31_02:46:11 906866 Price: 2.648,00
2021-01-31_02:56:11 906866 Price: 2.648,00
2021-01-31_03:06:10 906866 Price: 2.648,00
2021-01-31_03:16:10 906866 Price: 2.648,00
2021-01-31_03:26:10 906866 Price: 2.648,00
2021-01-31_03:36:11 906866 Price: 2.648,00
2021-01-31_03:46:11 906866 Price: 2.648,00
2021-01-31_03:56:11 906866 Price: 2.648,00
2021-01-31_04:06:11 906866 Price: 2.648,00
2021-01-31_04:16:11 906866 Price: 2.648,00
2021-01-31_04:26:11 906866 Price: 2.648,00
2021-01-31_04:36:11 906866 Price: 2.648,00
2021-01-31_04:46:11 906866 Price: 2.648,00
2021-01-31_04:56:10 906866 Price: 2.648,00
2021-01-31_05:06:10 906866 Price: 2.648,00
2021-01-31_05:16:10 906866 Price: 2.648,00
2021-01-31_05:26:11 906866 Price: 2.648,00
2021-01-31_05:36:11 906866 Price: 2.648,00
2021-01-31_05:46:10 906866 Price: 2.648,00
2021-01-31_05:56:10 906866 Price: 2.648,00
2021-01-31_06:06:10 906866 Price: 2.648,00
2021-01-31_06:16:10 906866 Price: 2.648,00
2021-01-31_06:26:11 906866 Price: 2.648,00
2021-01-31_06:36:11 906866 Price: 2.648,00
2021-01-31_06:46:10 906866 Price: 2.648,00
2021-01-31_06:56:11 906866 Price: 2.648,00
2021-01-31_07:06:10 906866 Price: 2.648,00
2021-01-31_07:16:11 906866 Price: 2.648,00
2021-01-31_07:26:11 906866 Price: 2.648,00
2021-01-31_07:36:11 906866 Price: 2.648,00
2021-01-31_07:46:10 906866 Price: 2.648,00
2021-01-31_07:56:11 906866 Price: 2.648,00
2021-01-31_08:06:11 906866 Price: 2.648,00
2021-01-31_08:16:11 906866 Price: 2.648,00
2021-01-31_08:26:10 906866 Price: 2.648,00
2021-01-31_08:36:10 906866 Price: 2.648,00
2021-01-31_08:46:10 906866 Price: 2.648,00
2021-01-31_08:56:10 906866 Price: 2.648,00
2021-01-31_09:06:10 906866 Price: 2.648,00
2021-01-31_09:16:10 906866 Price: 2.648,00
2021-01-31_09:26:11 906866 Price: 2.648,00
2021-01-31_09:36:11 906866 Price: 2.648,00
2021-01-31_09:46:11 906866 Price: 2.648,00
2021-01-31_09:56:11 906866 Price: 2.648,00
2021-01-31_10:06:10 906866 Price: 2.648,00
2021-01-31_10:16:11 906866 Price: 2.648,00
2021-01-31_10:26:10 906866 Price: 2.648,00
2021-01-31_10:36:11 906866 Price: 2.648,00
2021-01-31_10:46:11 906866 Price: 2.648,00
2021-01-31_10:56:10 906866 Price: 2.648,00
2021-01-31_11:06:12 906866 Price: 2.648,00
2021-01-31_11:16:11 906866 Price: 2.648,00
2021-01-31_11:26:11 906866 Price: 2.648,00
2021-01-31_11:36:10 906866 Price: 2.648,00
2021-01-31_11:46:11 906866 Price: 2.648,00
2021-01-31_11:56:11 906866 Price: 2.648,00
2021-01-31_12:06:10 906866 Price: 2.648,00
2021-01-31_12:16:10 906866 Price: 2.648,00
2021-01-31_12:26:10 906866 Price: 2.648,00
2021-01-31_12:36:10 906866 Price: 2.648,00
2021-01-31_12:46:11 906866 Price: 2.648,00
2021-01-31_12:56:10 906866 Price: 2.648,00
2021-01-31_13:06:10 906866 Price: 2.648,00
2021-01-31_13:16:11 906866 Price: 2.648,00
2021-01-31_13:26:11 906866 Price: 2.648,00
2021-01-31_13:36:11 906866 Price: 2.648,00
2021-01-31_13:46:10 906866 Price: 2.648,00
2021-01-31_13:56:11 906866 Price: 2.648,00
2021-01-31_14:06:10 906866 Price: 2.648,00
2021-01-31_14:16:10 906866 Price: 2.648,00
2021-01-31_14:26:11 906866 Price: 2.648,00
2021-01-31_14:36:10 906866 Price: 2.648,00
2021-01-31_14:46:10 906866 Price: 2.648,00
2021-01-31_14:56:11 906866 Price: 2.648,00
2021-01-31_15:06:11 906866 Price: 2.648,00
2021-01-31_15:16:10 906866 Price: 2.648,00
2021-01-31_15:26:10 906866 Price: 2.648,00
2021-01-31_15:36:11 906866 Price: 2.648,00
2021-01-31_15:46:10 906866 Price: 2.648,00
2021-01-31_15:56:10 906866 Price: 2.648,00
2021-01-31_16:06:11 906866 Price: 2.648,00
2021-01-31_16:16:10 906866 Price: 2.648,00
2021-01-31_16:26:11 906866 Price: 2.648,00
2021-01-31_16:36:10 906866 Price: 2.648,00
2021-01-31_16:46:11 906866 Price: 2.648,00
2021-01-31_16:56:11 906866 Price: 2.648,00
2021-01-31_17:06:10 906866 Price: 2.648,00
2021-01-31_17:16:11 906866 Price: 2.648,00
2021-01-31_17:26:10 906866 Price: 2.648,00
2021-01-31_17:36:10 906866 Price: 2.648,00
2021-01-31_17:46:10 906866 Price: 2.648,00
2021-01-31_17:56:10 906866 Price: 2.648,00
2021-01-31_18:06:10 906866 Price: 2.648,00
2021-01-31_18:16:12 906866 Price: 2.648,00
2021-01-31_18:26:10 906866 Price: 2.648,00
2021-01-31_18:36:11 906866 Price: 2.648,00
2021-01-31_18:46:11 906866 Price: 2.648,00
2021-01-31_18:56:10 906866 Price: 2.648,00
2021-01-31_19:06:10 906866 Price: 2.648,00
2021-01-31_19:16:10 906866 Price: 2.648,00
2021-01-31_19:26:10 906866 Price: 2.648,00
2021-01-31_19:36:10 906866 Price: 2.648,00
2021-01-31_19:46:10 906866 Price: 2.648,00
2021-01-31_19:56:10 906866 Price: 2.648,00
2021-01-31_20:06:10 906866 Price: 2.648,00
2021-01-31_20:16:10 906866 Price: 2.648,00
2021-01-31_20:26:10 906866 Price: 2.648,00
2021-01-31_20:36:10 906866 Price: 2.648,00
2021-01-31_20:46:11 906866 Price: 2.648,00
2021-01-31_20:56:10 906866 Price: 2.648,00
2021-01-31_21:06:10 906866 Price: 2.648,00
2021-01-31_21:16:11 906866 Price: 2.648,00
2021-01-31_21:26:10 906866 Price: 2.648,00
2021-01-31_21:36:11 906866 Price: 2.648,00
2021-01-31_21:46:10 906866 Price: 2.648,00
2021-01-31_21:56:12 906866 Price: 2.648,00
2021-01-31_22:06:10 906866 Price: 2.648,00
2021-01-31_22:16:11 906866 Price: 2.648,00
2021-01-31_22:26:11 906866 Price: 2.648,00
2021-01-31_22:36:12 906866 Price: 2.648,00
2021-01-31_22:46:11 906866 Price: 2.648,00
2021-01-31_22:56:10 906866 Price: 2.648,00
2021-01-31_23:06:10 906866 Price: 2.648,00
2021-01-31_23:16:11 906866 Price: 2.648,00
2021-01-31_23:26:10 906866 Price: 2.648,00
2021-01-31_23:36:11 906866 Price: 2.648,00
2021-01-31_23:46:10 906866 Price: 2.648,00
2021-01-31_23:56:10 906866 Price: 2.648,00
2021-02-01_00:06:11 906866 Price: 2.648,00
2021-02-01_00:16:10 906866 Price: 2.648,00
2021-02-01_00:26:11 906866 Price: 2.648,00
2021-02-01_00:36:11 906866 Price: 2.648,00
2021-02-01_00:46:11 906866 Price: 2.648,00
2021-02-01_00:56:10 906866 Price: 2.648,00
2021-02-01_01:06:11 906866 Price: 2.648,00
2021-02-01_01:16:11 906866 Price: 2.648,00
2021-02-01_01:26:10 906866 Price: 2.648,00
2021-02-01_01:36:10 906866 Price: 2.648,00
2021-02-01_01:46:10 906866 Price: 2.648,00
2021-02-01_01:56:11 906866 Price: 2.648,00
2021-02-01_02:06:12 906866 Price: 2.648,00
2021-02-01_02:16:11 906866 Price: 2.648,00
2021-02-01_02:26:11 906866 Price: 2.648,00
2021-02-01_02:36:10 906866 Price: 2.648,00
2021-02-01_02:46:11 906866 Price: 2.648,00
2021-02-01_02:56:11 906866 Price: 2.648,00
2021-02-01_03:06:11 906866 Price: 2.648,00
2021-02-01_03:16:10 906866 Price: 2.648,00
2021-02-01_03:26:11 906866 Price: 2.648,00
2021-02-01_03:36:12 906866 Price: 2.648,00
2021-02-01_03:46:11 906866 Price: 2.648,00
2021-02-01_03:56:10 906866 Price: 2.648,00
2021-02-01_04:06:10 906866 Price: 2.648,00
2021-02-01_04:16:11 906866 Price: 2.648,00
2021-02-01_04:26:10 906866 Price: 2.648,00
2021-02-01_04:36:10 906866 Price: 2.648,00
2021-02-01_04:46:11 906866 Price: 2.648,00
2021-02-01_04:56:11 906866 Price: 2.648,00
2021-02-01_05:06:11 906866 Price: 2.648,00
2021-02-01_05:16:10 906866 Price: 2.648,00
2021-02-01_05:26:11 906866 Price: 2.648,00
2021-02-01_05:36:12 906866 Price: 2.648,00
2021-02-01_05:46:11 906866 Price: 2.648,00
2021-02-01_05:56:10 906866 Price: 2.648,00
2021-02-01_06:06:12 906866 Price: 2.648,00
2021-02-01_06:16:11 906866 Price: 2.648,00
2021-02-01_06:26:11 906866 Price: 2.648,00
2021-02-01_06:36:10 906866 Price: 2.648,00
2021-02-01_06:46:10 906866 Price: 2.648,00
2021-02-01_06:56:10 906866 Price: 2.648,00
2021-02-01_07:06:11 906866 Price: 2.648,00
2021-02-01_07:16:11 906866 Price: 2.648,00
2021-02-01_07:26:11 906866 Price: 2.648,00
2021-02-01_07:36:10 906866 Price: 2.648,00
2021-02-01_07:46:10 906866 Price: 2.648,00
2021-02-01_07:56:11 906866 Price: 2.648,00
2021-02-01_08:06:10 906866 Price: 2.655,50
2021-02-01_08:16:11 906866 Price: 2.673,00
2021-02-01_08:26:10 906866 Price: 2.669,50
2021-02-01_08:36:10 906866 Price: 2.669,50
2021-02-01_08:46:10 906866 Price: 2.663,50
2021-02-01_08:56:10 906866 Price: 2.663,50
2021-02-01_09:06:10 906866 Price: 2.663,50
2021-02-01_09:26:10 906866 Price: 2.663,00
2021-02-01_09:36:11 906866 Price: 2.662,00
2021-02-01_09:46:10 906866 Price: 2.665,00
2021-02-01_09:56:11 906866 Price: 2.669,00
2021-02-01_10:16:10 906866 Price: 2.673,00
2021-02-01_10:26:10 906866 Price: 2.683,50
2021-02-01_10:36:10 906866 Price: 2.692,00
2021-02-01_10:46:10 906866 Price: 2.687,00
2021-02-01_10:56:11 906866 Price: 2.689,00
2021-02-01_11:06:11 906866 Price: 2.689,50
2021-02-01_11:16:11 906866 Price: 2.688,00
2021-02-01_11:26:12 906866 Price: 2.687,00
2021-02-01_11:36:12 906866 Price: 2.690,50
2021-02-01_11:46:11 906866 Price: 2.690,00
2021-02-01_11:56:10 906866 Price: 2.690,50
2021-02-01_12:06:12 906866 Price: 2.691,00
2021-02-01_12:16:12 906866 Price: 2.689,50
2021-02-01_12:36:11 906866 Price: 2.690,50
2021-02-01_12:46:10 906866 Price: 2.694,00
2021-02-01_12:56:11 906866 Price: 2.696,50
2021-02-01_13:06:11 906866 Price: 2.691,50
2021-02-01_13:16:11 906866 Price: 2.687,50
2021-02-01_13:26:11 906866 Price: 2.684,50
2021-02-01_13:36:11 906866 Price: 2.687,50
2021-02-01_13:46:11 906866 Price: 2.690,50
2021-02-01_13:56:12 906866 Price: 2.689,50
2021-02-01_14:06:11 906866 Price: 2.689,00
2021-02-01_14:16:10 906866 Price: 2.688,50
2021-02-01_14:26:11 906866 Price: 2.685,00
2021-02-01_14:36:11 906866 Price: 2.686,50
2021-02-01_14:46:11 906866 Price: 2.686,50
2021-02-01_14:56:11 906866 Price: 2.688,00
2021-02-01_15:06:11 906866 Price: 2.687,50
2021-02-01_15:16:11 906866 Price: 2.684,50
2021-02-01_15:26:11 906866 Price: 2.684,00
2021-02-01_15:36:11 906866 Price: 2.683,00
2021-02-01_15:46:11 906866 Price: 2.699,50
2021-02-01_15:56:11 906866 Price: 2.694,00
2021-02-01_16:06:12 906866 Price: 2.702,50
2021-02-01_16:16:11 906866 Price: 2.720,50
