2021-01-02_13:48:15 regensensor_aussen reread
2021-01-02_13:48:16 regensensor_aussen reading01User: 0.5
2021-01-02_13:53:25 regensensor_aussen reread
2021-01-02_13:53:25 regensensor_aussen reading01User: 0.5
2021-01-02_14:48:22 regensensor_aussen reread
2021-01-02_14:48:23 regensensor_aussen reading01User: 0.5
2021-01-02_15:59:55 regensensor_aussen reading01User: 0.5
2021-01-02_15:59:55 regensensor_aussen reading01User: 0.5
2021-01-02_16:59:55 regensensor_aussen reading01User: 0.5
2021-01-02_16:59:55 regensensor_aussen reading01User: 0.5
2021-01-02_17:59:55 regensensor_aussen reading01User: 0.5
2021-01-02_17:59:55 regensensor_aussen reading01User: 0.5
2021-01-02_18:59:55 regensensor_aussen reading01User: 0.5
2021-01-02_18:59:55 regensensor_aussen reading01User: 0.5
2021-01-02_19:21:36 regensensor_aussen reading01User: 0.5
2021-01-02_19:21:36 regensensor_aussen reading01User: 0.5
2021-01-02_19:59:55 regensensor_aussen reading01User: 0.5
2021-01-02_19:59:55 regensensor_aussen reading01User: 0.5
2021-01-02_20:59:55 regensensor_aussen reading01User: 0.5
2021-01-02_20:59:55 regensensor_aussen reading01User: 0.5
2021-01-02_21:59:55 regensensor_aussen reading01User: 0.5
2021-01-02_21:59:55 regensensor_aussen reading01User: 0.5
2021-01-02_22:59:55 regensensor_aussen reading01User: 0.5
2021-01-02_22:59:55 regensensor_aussen reading01User: 0.5
2021-01-02_23:59:55 regensensor_aussen reading01User: 0.5
2021-01-02_23:59:55 regensensor_aussen reading01User: 0.5
2021-01-03_00:54:56 regensensor_aussen reading01User: 0.5
2021-01-03_00:54:56 regensensor_aussen reading01User: 0.5
2021-01-03_00:59:55 regensensor_aussen reading01User: 0.5
2021-01-03_00:59:55 regensensor_aussen reading01User: 0.5
2021-01-03_01:59:55 regensensor_aussen reading01User: 0.5
2021-01-03_01:59:55 regensensor_aussen reading01User: 0.5
2021-01-03_02:59:55 regensensor_aussen reading01User: 0.5
2021-01-03_02:59:55 regensensor_aussen reading01User: 0.5
2021-01-03_03:59:55 regensensor_aussen reading01User: 0.5
2021-01-03_03:59:55 regensensor_aussen reading01User: 0.5
2021-01-03_04:59:55 regensensor_aussen reading01User: 0.5
2021-01-03_04:59:55 regensensor_aussen reading01User: 0.5
2021-01-03_05:59:55 regensensor_aussen reading01User: 0.5
2021-01-03_05:59:55 regensensor_aussen reading01User: 0.5
2021-01-03_06:28:16 regensensor_aussen reading01User: 0.5
2021-01-03_06:28:16 regensensor_aussen reading01User: 0.5
2021-01-03_06:59:55 regensensor_aussen reading01User: 0.5
2021-01-03_06:59:55 regensensor_aussen reading01User: 0.5
2021-01-03_07:59:55 regensensor_aussen reading01User: 0.5
2021-01-03_07:59:55 regensensor_aussen reading01User: 0.5
2021-01-03_08:59:55 regensensor_aussen reading01User: 0.5
2021-01-03_08:59:55 regensensor_aussen reading01User: 0.5
2021-01-03_09:59:55 regensensor_aussen reading01User: 0.5
2021-01-03_09:59:55 regensensor_aussen reading01User: 0.5
2021-01-03_10:59:55 regensensor_aussen reading01User: 0.5
2021-01-03_10:59:55 regensensor_aussen reading01User: 0.5
2021-01-03_11:43:14 regensensor_aussen reading01User: 0.5
2021-01-03_11:43:14 regensensor_aussen reading01User: 0.5
2021-01-03_11:46:44 regensensor_aussen reading01User: 0.5
2021-01-03_11:46:44 regensensor_aussen reading01User: 0.5
2021-01-03_11:59:55 regensensor_aussen reading01User: 0.5
2021-01-03_11:59:55 regensensor_aussen reading01User: 0.5
2021-01-03_12:15:23 regensensor_aussen reading01User: 0.5
2021-01-03_12:15:23 regensensor_aussen reading01User: 0.5
2021-01-03_12:48:17 regensensor_aussen reading01User: 0.5
2021-01-03_12:48:17 regensensor_aussen reading01User: 0.5
2021-01-03_12:59:55 regensensor_aussen reading01User: 0.5
2021-01-03_12:59:55 regensensor_aussen reading01User: 0.5
2021-01-03_13:59:55 regensensor_aussen reading01User: 0.5
2021-01-03_13:59:55 regensensor_aussen reading01User: 0.5
2021-01-03_14:59:55 regensensor_aussen reading01User: 0.5
2021-01-03_14:59:55 regensensor_aussen reading01User: 0.5
2021-01-03_15:59:55 regensensor_aussen reading01User: 0.5
2021-01-03_15:59:55 regensensor_aussen reading01User: 0.5
2021-01-03_16:59:55 regensensor_aussen reading01User: 0.5
2021-01-03_16:59:55 regensensor_aussen reading01User: 0.5
2021-01-03_17:59:55 regensensor_aussen reading01User: 0.5
2021-01-03_17:59:55 regensensor_aussen reading01User: 0.5
2021-01-03_18:21:36 regensensor_aussen rainamount: 846,2
2021-01-03_18:21:36 regensensor_aussen reading01User: 846.2
2021-01-03_18:21:36 regensensor_aussen reading01User: 846.2
2021-01-03_18:59:55 regensensor_aussen reading01User: 846.2
2021-01-03_18:59:55 regensensor_aussen reading01User: 846.2
2021-01-03_19:59:55 regensensor_aussen reading01User: 846.2
2021-01-03_19:59:55 regensensor_aussen reading01User: 846.2
2021-01-03_20:59:55 regensensor_aussen reading01User: 846.2
2021-01-03_20:59:55 regensensor_aussen reading01User: 846.2
2021-01-03_21:10:35 regensensor_aussen rainamount: 846,2
2021-01-03_21:10:35 regensensor_aussen reading01User: 846.2
2021-01-03_21:10:35 regensensor_aussen reading01User: 846.2
2021-01-03_21:11:17 regensensor_aussen rainamount: 846,2
2021-01-03_21:11:17 regensensor_aussen reading01User: 846.2
2021-01-03_21:11:17 regensensor_aussen reading01User: 846.2
2021-01-03_21:59:55 regensensor_aussen reading01User: 846.2
2021-01-03_21:59:55 regensensor_aussen reading01User: 846.2
2021-01-03_22:59:55 regensensor_aussen reading01User: 846.2
2021-01-03_22:59:55 regensensor_aussen reading01User: 846.2
2021-01-03_23:59:55 regensensor_aussen reading01User: 846.2
2021-01-03_23:59:55 regensensor_aussen reading01User: 846.2
2021-01-04_00:59:55 regensensor_aussen reading01User: 846.2
2021-01-04_00:59:55 regensensor_aussen reading01User: 846.2
2021-01-04_01:59:55 regensensor_aussen reading01User: 846.2
2021-01-04_01:59:55 regensensor_aussen reading01User: 846.2
2021-01-04_02:44:36 regensensor_aussen reading01User: 846.2
2021-01-04_02:44:36 regensensor_aussen reading01User: 846.2
2021-01-04_02:59:55 regensensor_aussen reading01User: 846.2
2021-01-04_02:59:55 regensensor_aussen reading01User: 846.2
2021-01-04_03:59:55 regensensor_aussen reading01User: 846.2
2021-01-04_03:59:55 regensensor_aussen reading01User: 846.2
2021-01-04_04:59:55 regensensor_aussen reading01User: 846.2
2021-01-04_04:59:55 regensensor_aussen reading01User: 846.2
2021-01-04_05:59:55 regensensor_aussen reading01User: 846.2
2021-01-04_05:59:55 regensensor_aussen reading01User: 846.2
2021-01-04_06:59:55 regensensor_aussen reading01User: 846.2
2021-01-04_06:59:55 regensensor_aussen reading01User: 846.2
2021-01-04_07:59:55 regensensor_aussen reading01User: 846.2
2021-01-04_07:59:55 regensensor_aussen reading01User: 846.2
2021-01-04_08:17:56 regensensor_aussen reading01User: 846.2
2021-01-04_08:17:56 regensensor_aussen reading01User: 846.2
2021-01-04_08:59:55 regensensor_aussen reading01User: 846.2
2021-01-04_08:59:55 regensensor_aussen reading01User: 846.2
2021-01-04_09:59:55 regensensor_aussen reading01User: 846.2
2021-01-04_09:59:55 regensensor_aussen reading01User: 846.2
2021-01-04_10:59:55 regensensor_aussen reading01User: 846.2
2021-01-04_10:59:55 regensensor_aussen reading01User: 846.2
2021-01-04_11:59:55 regensensor_aussen reading01User: 846.2
2021-01-04_11:59:55 regensensor_aussen reading01User: 846.2
2021-01-04_12:59:55 regensensor_aussen reading01User: 846.2
2021-01-04_12:59:55 regensensor_aussen reading01User: 846.2
2021-01-04_13:51:16 regensensor_aussen reading01User: 846.2
2021-01-04_13:51:16 regensensor_aussen reading01User: 846.2
2021-01-04_13:56:34 regensensor_aussen reading01User: 846.2
2021-01-04_13:56:34 regensensor_aussen reading01User: 846.2
2021-01-04_13:59:55 regensensor_aussen reading01User: 846.2
2021-01-04_13:59:55 regensensor_aussen reading01User: 846.2
2021-01-04_14:26:01 regensensor_aussen reading01User: 846.2
2021-01-04_14:26:01 regensensor_aussen reading01User: 846.2
2021-01-04_14:59:55 regensensor_aussen reading01User: 846.2
2021-01-04_14:59:55 regensensor_aussen reading01User: 846.2
2021-01-04_15:59:55 regensensor_aussen reading01User: 846.2
2021-01-04_15:59:55 regensensor_aussen reading01User: 846.2
2021-01-04_16:59:55 regensensor_aussen reading01User: 846.2
2021-01-04_16:59:55 regensensor_aussen reading01User: 846.2
2021-01-04_17:59:55 regensensor_aussen reading01User: 846.2
2021-01-04_17:59:55 regensensor_aussen reading01User: 846.2
2021-01-04_18:59:55 regensensor_aussen reading01User: 846.2
2021-01-04_18:59:55 regensensor_aussen reading01User: 846.2
2021-01-04_19:59:21 regensensor_aussen reading01User: 846.2
2021-01-04_19:59:21 regensensor_aussen reading01User: 846.2
2021-01-04_19:59:55 regensensor_aussen reading01User: 846.2
2021-01-04_19:59:55 regensensor_aussen reading01User: 846.2
2021-01-04_20:59:55 regensensor_aussen reading01User: 846.2
2021-01-04_20:59:55 regensensor_aussen reading01User: 846.2
2021-01-04_21:59:55 regensensor_aussen reading01User: 846.2
2021-01-04_21:59:55 regensensor_aussen reading01User: 846.2
2021-01-04_22:59:55 regensensor_aussen reading01User: 846.2
2021-01-04_22:59:55 regensensor_aussen reading01User: 846.2
2021-01-04_23:59:55 regensensor_aussen reading01User: 846.2
2021-01-04_23:59:55 regensensor_aussen reading01User: 846.2
2021-01-05_00:59:55 regensensor_aussen reading01User: 846.2
2021-01-05_00:59:55 regensensor_aussen reading01User: 846.2
2021-01-05_01:32:40 regensensor_aussen reading01User: 846.2
2021-01-05_01:32:40 regensensor_aussen reading01User: 846.2
2021-01-05_01:59:55 regensensor_aussen reading01User: 846.2
2021-01-05_01:59:55 regensensor_aussen reading01User: 846.2
2021-01-05_02:59:55 regensensor_aussen reading01User: 846.2
2021-01-05_02:59:55 regensensor_aussen reading01User: 846.2
2021-01-05_03:59:55 regensensor_aussen reading01User: 846.2
2021-01-05_03:59:55 regensensor_aussen reading01User: 846.2
2021-01-05_04:59:55 regensensor_aussen reading01User: 846.2
2021-01-05_04:59:55 regensensor_aussen reading01User: 846.2
2021-01-05_05:59:55 regensensor_aussen reading01User: 846.2
2021-01-05_05:59:55 regensensor_aussen reading01User: 846.2
2021-01-05_06:59:55 regensensor_aussen reading01User: 846.2
2021-01-05_06:59:55 regensensor_aussen reading01User: 846.2
2021-01-05_07:06:01 regensensor_aussen reading01User: 846.2
2021-01-05_07:06:01 regensensor_aussen reading01User: 846.2
2021-01-05_07:59:55 regensensor_aussen reading01User: 846.2
2021-01-05_07:59:55 regensensor_aussen reading01User: 846.2
2021-01-05_08:59:55 regensensor_aussen reading01User: 846.2
2021-01-05_08:59:55 regensensor_aussen reading01User: 846.2
2021-01-05_09:59:55 regensensor_aussen reading01User: 846.2
2021-01-05_09:59:55 regensensor_aussen reading01User: 846.2
2021-01-05_10:46:14 regensensor_aussen reread
2021-01-05_10:46:14 regensensor_aussen reading01User: 846.2
2021-01-05_10:46:14 regensensor_aussen reading01User: 846.2
2021-01-05_10:46:14 regensensor_aussen reading01User: 846.2
2021-01-05_10:59:55 regensensor_aussen reading01User: 846.2
2021-01-05_10:59:55 regensensor_aussen reading01User: 846.2
2021-01-05_11:59:55 regensensor_aussen statReading01User: Hour: 0.0 Day: 0.0 Month: 0.0 Year: 0.0 (since: 2021-01-05_11:37:13 )
2021-01-05_11:59:55 regensensor_aussen statReading01UserLast: Hour: 0.0 Day: - Month: - Year: - (since: 2021-01-05_11:37:13 )
2021-01-05_11:59:55 regensensor_aussen reading01User: 846.2
2021-01-05_11:59:55 regensensor_aussen statReading01User: Hour: 0.0 Day: 0.0 Month: 0.0 Year: 0.0 (since: 2021-01-05_11:37:13 )
2021-01-05_11:59:55 regensensor_aussen reading01User: 846.2
2021-01-05_12:39:20 regensensor_aussen reading01User: 846.2
2021-01-05_12:39:20 regensensor_aussen statReading01User: Hour: 0.0 Day: 0.0 Month: 0.0 Year: 0.0 (since: 2021-01-05_11:37:13 )
2021-01-05_12:39:20 regensensor_aussen reading01User: 846.2
2021-01-05_12:59:55 regensensor_aussen statReading01User: Hour: 0.0 Day: 0.0 Month: 0.0 Year: 0.0 (since: 2021-01-05_11:37:13 )
2021-01-05_12:59:55 regensensor_aussen statReading01UserLast: Hour: 0.0 Day: - Month: - Year: -
2021-01-05_12:59:55 regensensor_aussen reading01User: 846.2
2021-01-05_12:59:55 regensensor_aussen statReading01User: Hour: 0.0 Day: 0.0 Month: 0.0 Year: 0.0 (since: 2021-01-05_11:37:13 )
2021-01-05_12:59:55 regensensor_aussen reading01User: 846.2
2021-01-05_13:59:55 regensensor_aussen statReading01User: Hour: 0.0 Day: 0.0 Month: 0.0 Year: 0.0 (since: 2021-01-05_11:37:13 )
2021-01-05_13:59:55 regensensor_aussen statReading01UserLast: Hour: 0.0 Day: - Month: - Year: -
2021-01-05_13:59:55 regensensor_aussen reading01User: 846.2
2021-01-05_13:59:55 regensensor_aussen statReading01User: Hour: 0.0 Day: 0.0 Month: 0.0 Year: 0.0 (since: 2021-01-05_11:37:13 )
2021-01-05_13:59:55 regensensor_aussen reading01User: 846.2
2021-01-05_14:59:55 regensensor_aussen statReading01User: Hour: 0.0 Day: 0.0 Month: 0.0 Year: 0.0 (since: 2021-01-05_11:37:13 )
2021-01-05_14:59:55 regensensor_aussen statReading01UserLast: Hour: 0.0 Day: - Month: - Year: -
2021-01-05_14:59:55 regensensor_aussen reading01User: 846.2
2021-01-05_14:59:55 regensensor_aussen statReading01User: Hour: 0.0 Day: 0.0 Month: 0.0 Year: 0.0 (since: 2021-01-05_11:37:13 )
2021-01-05_14:59:55 regensensor_aussen reading01User: 846.2
2021-01-05_15:59:55 regensensor_aussen statReading01User: Hour: 0.0 Day: 0.0 Month: 0.0 Year: 0.0 (since: 2021-01-05_11:37:13 )
2021-01-05_15:59:55 regensensor_aussen statReading01UserLast: Hour: 0.0 Day: - Month: - Year: -
2021-01-05_15:59:55 regensensor_aussen reading01User: 846.2
2021-01-05_15:59:55 regensensor_aussen statReading01User: Hour: 0.0 Day: 0.0 Month: 0.0 Year: 0.0 (since: 2021-01-05_11:37:13 )
2021-01-05_15:59:55 regensensor_aussen reading01User: 846.2
2021-01-05_16:59:55 regensensor_aussen statReading01User: Hour: 0.0 Day: 0.0 Month: 0.0 Year: 0.0 (since: 2021-01-05_11:37:13 )
2021-01-05_16:59:55 regensensor_aussen statReading01UserLast: Hour: 0.0 Day: - Month: - Year: -
2021-01-05_16:59:55 regensensor_aussen reading01User: 846.2
2021-01-05_16:59:55 regensensor_aussen statReading01User: Hour: 0.0 Day: 0.0 Month: 0.0 Year: 0.0 (since: 2021-01-05_11:37:13 )
2021-01-05_16:59:55 regensensor_aussen reading01User: 846.2
2021-01-05_17:59:55 regensensor_aussen statReading01User: Hour: 0.0 Day: 0.0 Month: 0.0 Year: 0.0 (since: 2021-01-05_11:37:13 )
2021-01-05_17:59:55 regensensor_aussen statReading01UserLast: Hour: 0.0 Day: - Month: - Year: -
2021-01-05_17:59:55 regensensor_aussen reading01User: 846.2
2021-01-05_17:59:55 regensensor_aussen statReading01User: Hour: 0.0 Day: 0.0 Month: 0.0 Year: 0.0 (since: 2021-01-05_11:37:13 )
2021-01-05_17:59:55 regensensor_aussen reading01User: 846.2
2021-01-05_18:12:40 regensensor_aussen reading01User: 846.2
2021-01-05_18:12:40 regensensor_aussen statReading01User: Hour: 0.0 Day: 0.0 Month: 0.0 Year: 0.0 (since: 2021-01-05_11:37:13 )
2021-01-05_18:12:40 regensensor_aussen reading01User: 846.2
2021-01-05_18:59:55 regensensor_aussen statReading01User: Hour: 0.0 Day: 0.0 Month: 0.0 Year: 0.0 (since: 2021-01-05_11:37:13 )
2021-01-05_18:59:55 regensensor_aussen statReading01UserLast: Hour: 0.0 Day: - Month: - Year: -
2021-01-05_18:59:55 regensensor_aussen reading01User: 846.2
2021-01-05_18:59:55 regensensor_aussen statReading01User: Hour: 0.0 Day: 0.0 Month: 0.0 Year: 0.0 (since: 2021-01-05_11:37:13 )
2021-01-05_18:59:55 regensensor_aussen reading01User: 846.2
2021-01-05_19:59:55 regensensor_aussen statReading01User: Hour: 0.0 Day: 0.0 Month: 0.0 Year: 0.0 (since: 2021-01-05_11:37:13 )
2021-01-05_19:59:55 regensensor_aussen statReading01UserLast: Hour: 0.0 Day: - Month: - Year: -
2021-01-05_19:59:55 regensensor_aussen reading01User: 846.2
2021-01-05_19:59:55 regensensor_aussen statReading01User: Hour: 0.0 Day: 0.0 Month: 0.0 Year: 0.0 (since: 2021-01-05_11:37:13 )
2021-01-05_19:59:55 regensensor_aussen reading01User: 846.2
2021-01-05_20:59:55 regensensor_aussen statReading01User: Hour: 0.0 Day: 0.0 Month: 0.0 Year: 0.0 (since: 2021-01-05_11:37:13 )
2021-01-05_20:59:55 regensensor_aussen statReading01UserLast: Hour: 0.0 Day: - Month: - Year: -
2021-01-05_20:59:55 regensensor_aussen reading01User: 846.2
2021-01-05_20:59:55 regensensor_aussen statReading01User: Hour: 0.0 Day: 0.0 Month: 0.0 Year: 0.0 (since: 2021-01-05_11:37:13 )
2021-01-05_20:59:55 regensensor_aussen reading01User: 846.2
2021-01-05_21:59:55 regensensor_aussen statReading01User: Hour: 0.0 Day: 0.0 Month: 0.0 Year: 0.0 (since: 2021-01-05_11:37:13 )
2021-01-05_21:59:55 regensensor_aussen statReading01UserLast: Hour: 0.0 Day: - Month: - Year: -
2021-01-05_21:59:55 regensensor_aussen reading01User: 846.2
2021-01-05_21:59:55 regensensor_aussen statReading01User: Hour: 0.0 Day: 0.0 Month: 0.0 Year: 0.0 (since: 2021-01-05_11:37:13 )
2021-01-05_21:59:55 regensensor_aussen reading01User: 846.2
2021-01-05_22:59:55 regensensor_aussen statReading01User: Hour: 0.0 Day: 0.0 Month: 0.0 Year: 0.0 (since: 2021-01-05_11:37:13 )
2021-01-05_22:59:55 regensensor_aussen statReading01UserLast: Hour: 0.0 Day: - Month: - Year: -
2021-01-05_22:59:55 regensensor_aussen reading01User: 846.2
2021-01-05_22:59:55 regensensor_aussen statReading01User: Hour: 0.0 Day: 0.0 Month: 0.0 Year: 0.0 (since: 2021-01-05_11:37:13 )
2021-01-05_22:59:55 regensensor_aussen reading01User: 846.2
2021-01-05_23:46:00 regensensor_aussen reading01User: 846.2
2021-01-05_23:46:00 regensensor_aussen statReading01User: Hour: 0.0 Day: 0.0 Month: 0.0 Year: 0.0 (since: 2021-01-05_11:37:13 )
2021-01-05_23:46:00 regensensor_aussen reading01User: 846.2
2021-01-05_23:59:55 regensensor_aussen statReading01User: Hour: 0.0 Day: 0.0 Month: 0.0 Year: 0.0 (since: 2021-01-06 )
2021-01-05_23:59:55 regensensor_aussen statReading01UserLast: Hour: 0.0 Day: 0.0 Month: - Year: - (since: 2021-01-05_11:37:13 )
2021-01-05_23:59:55 regensensor_aussen reading01User: 846.2
2021-01-05_23:59:55 regensensor_aussen statReading01User: Hour: 0.0 Day: 0.0 Month: 0.0 Year: 0.0 (since: 2021-01-06 )
2021-01-05_23:59:55 regensensor_aussen reading01User: 846.2
2021-01-06_00:59:55 regensensor_aussen statReading01User: Hour: 0.0 Day: 0.0 Month: 0.0 Year: 0.0 (since: 2021-01-06 )
2021-01-06_00:59:55 regensensor_aussen statReading01UserLast: Hour: 0.0 Day: 0.0 Month: - Year: - (since: 2021-01-05_11:37:13 )
2021-01-06_00:59:55 regensensor_aussen reading01User: 846.2
2021-01-06_00:59:55 regensensor_aussen statReading01User: Hour: 0.0 Day: 0.0 Month: 0.0 Year: 0.0 (since: 2021-01-06 )
2021-01-06_00:59:55 regensensor_aussen reading01User: 846.2
2021-01-06_01:59:55 regensensor_aussen statReading01User: Hour: 0.0 Day: 0.0 Month: 0.0 Year: 0.0 (since: 2021-01-06 )
2021-01-06_01:59:55 regensensor_aussen statReading01UserLast: Hour: 0.0 Day: 0.0 Month: - Year: - (since: 2021-01-05_11:37:13 )
2021-01-06_01:59:55 regensensor_aussen reading01User: 846.2
2021-01-06_01:59:55 regensensor_aussen statReading01User: Hour: 0.0 Day: 0.0 Month: 0.0 Year: 0.0 (since: 2021-01-06 )
2021-01-06_01:59:55 regensensor_aussen reading01User: 846.2
2021-01-06_02:59:55 regensensor_aussen statReading01User: Hour: 0.0 Day: 0.0 Month: 0.0 Year: 0.0 (since: 2021-01-06 )
2021-01-06_02:59:55 regensensor_aussen statReading01UserLast: Hour: 0.0 Day: 0.0 Month: - Year: - (since: 2021-01-05_11:37:13 )
2021-01-06_02:59:55 regensensor_aussen reading01User: 846.2
2021-01-06_02:59:55 regensensor_aussen statReading01User: Hour: 0.0 Day: 0.0 Month: 0.0 Year: 0.0 (since: 2021-01-06 )
2021-01-06_02:59:55 regensensor_aussen reading01User: 846.2
2021-01-06_03:59:55 regensensor_aussen statReading01User: Hour: 0.0 Day: 0.0 Month: 0.0 Year: 0.0 (since: 2021-01-06 )
2021-01-06_03:59:55 regensensor_aussen statReading01UserLast: Hour: 0.0 Day: 0.0 Month: - Year: - (since: 2021-01-05_11:37:13 )
2021-01-06_03:59:55 regensensor_aussen reading01User: 846.2
2021-01-06_03:59:55 regensensor_aussen statReading01User: Hour: 0.0 Day: 0.0 Month: 0.0 Year: 0.0 (since: 2021-01-06 )
2021-01-06_03:59:55 regensensor_aussen reading01User: 846.2
2021-01-06_04:59:55 regensensor_aussen statReading01User: Hour: 0.0 Day: 0.0 Month: 0.0 Year: 0.0 (since: 2021-01-06 )
2021-01-06_04:59:55 regensensor_aussen statReading01UserLast: Hour: 0.0 Day: 0.0 Month: - Year: - (since: 2021-01-05_11:37:13 )
2021-01-06_04:59:55 regensensor_aussen reading01User: 846.2
2021-01-06_04:59:55 regensensor_aussen statReading01User: Hour: 0.0 Day: 0.0 Month: 0.0 Year: 0.0 (since: 2021-01-06 )
2021-01-06_04:59:55 regensensor_aussen reading01User: 846.2
2021-01-06_05:19:20 regensensor_aussen rainamount: 846,5
2021-01-06_05:19:20 regensensor_aussen reading01User: 846.5
2021-01-06_05:19:20 regensensor_aussen statReading01User: Hour: 0.3 Day: 0.3 Month: 0.3 Year: 0.3 (since: 2021-01-06 )
2021-01-06_05:19:20 regensensor_aussen reading01User: 846.5
2021-01-06_05:59:55 regensensor_aussen statReading01User: Hour: 0.0 Day: 0.3 Month: 0.3 Year: 0.3 (since: 2021-01-06 )
2021-01-06_05:59:55 regensensor_aussen statReading01UserLast: Hour: 0.3 Day: 0.0 Month: - Year: - (since: 2021-01-05_11:37:13 )
2021-01-06_05:59:55 regensensor_aussen reading01User: 846.5
2021-01-06_05:59:55 regensensor_aussen statReading01User: Hour: 0.0 Day: 0.3 Month: 0.3 Year: 0.3 (since: 2021-01-06 )
2021-01-06_05:59:55 regensensor_aussen reading01User: 846.5
2021-01-06_06:59:55 regensensor_aussen statReading01User: Hour: 0.0 Day: 0.3 Month: 0.3 Year: 0.3 (since: 2021-01-06 )
2021-01-06_06:59:55 regensensor_aussen statReading01UserLast: Hour: 0.0 Day: 0.0 Month: - Year: - (since: 2021-01-05_11:37:13 )
2021-01-06_06:59:55 regensensor_aussen reading01User: 846.5
2021-01-06_06:59:55 regensensor_aussen statReading01User: Hour: 0.0 Day: 0.3 Month: 0.3 Year: 0.3 (since: 2021-01-06 )
2021-01-06_06:59:55 regensensor_aussen reading01User: 846.5
2021-01-06_07:59:55 regensensor_aussen statReading01User: Hour: 0.0 Day: 0.3 Month: 0.3 Year: 0.3 (since: 2021-01-06 )
2021-01-06_07:59:55 regensensor_aussen statReading01UserLast: Hour: 0.0 Day: 0.0 Month: - Year: - (since: 2021-01-05_11:37:13 )
2021-01-06_07:59:55 regensensor_aussen reading01User: 846.5
2021-01-06_07:59:55 regensensor_aussen statReading01User: Hour: 0.0 Day: 0.3 Month: 0.3 Year: 0.3 (since: 2021-01-06 )
2021-01-06_07:59:55 regensensor_aussen reading01User: 846.5
2021-01-06_08:59:55 regensensor_aussen statReading01User: Hour: 0.0 Day: 0.3 Month: 0.3 Year: 0.3 (since: 2021-01-06 )
2021-01-06_08:59:55 regensensor_aussen statReading01UserLast: Hour: 0.0 Day: 0.0 Month: - Year: - (since: 2021-01-05_11:37:13 )
2021-01-06_08:59:55 regensensor_aussen reading01User: 846.5
2021-01-06_08:59:55 regensensor_aussen statReading01User: Hour: 0.0 Day: 0.3 Month: 0.3 Year: 0.3 (since: 2021-01-06 )
2021-01-06_08:59:55 regensensor_aussen reading01User: 846.5
2021-01-06_09:59:55 regensensor_aussen statReading01User: Hour: 0.0 Day: 0.3 Month: 0.3 Year: 0.3 (since: 2021-01-06 )
2021-01-06_09:59:55 regensensor_aussen statReading01UserLast: Hour: 0.0 Day: 0.0 Month: - Year: - (since: 2021-01-05_11:37:13 )
2021-01-06_09:59:55 regensensor_aussen reading01User: 846.5
2021-01-06_09:59:55 regensensor_aussen statReading01User: Hour: 0.0 Day: 0.3 Month: 0.3 Year: 0.3 (since: 2021-01-06 )
2021-01-06_09:59:55 regensensor_aussen reading01User: 846.5
2021-01-06_10:52:40 regensensor_aussen rainamount: 846,5
2021-01-06_10:52:40 regensensor_aussen reading01User: 846.5
2021-01-06_10:52:40 regensensor_aussen statReading01User: Hour: 0.0 Day: 0.3 Month: 0.3 Year: 0.3 (since: 2021-01-06 )
2021-01-06_10:52:40 regensensor_aussen reading01User: 846.5
2021-01-06_10:59:55 regensensor_aussen statReading01User: Hour: 0.0 Day: 0.3 Month: 0.3 Year: 0.3 (since: 2021-01-06 )
2021-01-06_10:59:55 regensensor_aussen statReading01UserLast: Hour: 0.0 Day: 0.0 Month: - Year: - (since: 2021-01-05_11:37:13 )
2021-01-06_10:59:55 regensensor_aussen reading01User: 846.5
2021-01-06_10:59:55 regensensor_aussen statReading01User: Hour: 0.0 Day: 0.3 Month: 0.3 Year: 0.3 (since: 2021-01-06 )
2021-01-06_10:59:55 regensensor_aussen reading01User: 846.5
2021-01-06_11:59:55 regensensor_aussen statReading01User: Hour: 0.0 Day: 0.3 Month: 0.3 Year: 0.3 (since: 2021-01-06 )
2021-01-06_11:59:55 regensensor_aussen statReading01UserLast: Hour: 0.0 Day: 0.0 Month: - Year: - (since: 2021-01-05_11:37:13 )
2021-01-06_11:59:55 regensensor_aussen reading01User: 846.5
2021-01-06_11:59:55 regensensor_aussen statReading01User: Hour: 0.0 Day: 0.3 Month: 0.3 Year: 0.3 (since: 2021-01-06 )
2021-01-06_11:59:55 regensensor_aussen reading01User: 846.5
2021-01-06_12:59:55 regensensor_aussen statReading01User: Hour: 0.0 Day: 0.3 Month: 0.3 Year: 0.3 (since: 2021-01-06 )
2021-01-06_12:59:55 regensensor_aussen statReading01UserLast: Hour: 0.0 Day: 0.0 Month: - Year: - (since: 2021-01-05_11:37:13 )
2021-01-06_12:59:55 regensensor_aussen reading01User: 846.5
2021-01-06_12:59:55 regensensor_aussen statReading01User: Hour: 0.0 Day: 0.3 Month: 0.3 Year: 0.3 (since: 2021-01-06 )
2021-01-06_12:59:55 regensensor_aussen reading01User: 846.5
2021-01-06_13:59:55 regensensor_aussen statReading01User: Hour: 0.0 Day: 0.3 Month: 0.3 Year: 0.3 (since: 2021-01-06 )
2021-01-06_13:59:55 regensensor_aussen statReading01UserLast: Hour: 0.0 Day: 0.0 Month: - Year: - (since: 2021-01-05_11:37:13 )
2021-01-06_13:59:55 regensensor_aussen reading01User: 846.5
2021-01-06_13:59:55 regensensor_aussen statReading01User: Hour: 0.0 Day: 0.3 Month: 0.3 Year: 0.3 (since: 2021-01-06 )
2021-01-06_13:59:55 regensensor_aussen reading01User: 846.5
2021-01-06_14:59:55 regensensor_aussen statReading01User: Hour: 0.0 Day: 0.3 Month: 0.3 Year: 0.3 (since: 2021-01-06 )
2021-01-06_14:59:55 regensensor_aussen statReading01UserLast: Hour: 0.0 Day: 0.0 Month: - Year: - (since: 2021-01-05_11:37:13 )
2021-01-06_14:59:55 regensensor_aussen reading01User: 846.5
2021-01-06_14:59:55 regensensor_aussen statReading01User: Hour: 0.0 Day: 0.3 Month: 0.3 Year: 0.3 (since: 2021-01-06 )
2021-01-06_14:59:55 regensensor_aussen reading01User: 846.5
2021-01-06_15:59:55 regensensor_aussen statReading01User: Hour: 0.0 Day: 0.3 Month: 0.3 Year: 0.3 (since: 2021-01-06 )
2021-01-06_15:59:55 regensensor_aussen statReading01UserLast: Hour: 0.0 Day: 0.0 Month: - Year: - (since: 2021-01-05_11:37:13 )
2021-01-06_15:59:55 regensensor_aussen reading01User: 846.5
2021-01-06_15:59:55 regensensor_aussen statReading01User: Hour: 0.0 Day: 0.3 Month: 0.3 Year: 0.3 (since: 2021-01-06 )
2021-01-06_15:59:55 regensensor_aussen reading01User: 846.5
2021-01-06_16:26:00 regensensor_aussen rainamount: 846,5
2021-01-06_16:26:00 regensensor_aussen reading01User: 846.5
2021-01-06_16:26:00 regensensor_aussen statReading01User: Hour: 0.0 Day: 0.3 Month: 0.3 Year: 0.3 (since: 2021-01-06 )
2021-01-06_16:26:00 regensensor_aussen reading01User: 846.5
2021-01-06_16:59:55 regensensor_aussen statReading01User: Hour: 0.0 Day: 0.3 Month: 0.3 Year: 0.3 (since: 2021-01-06 )
2021-01-06_16:59:55 regensensor_aussen statReading01UserLast: Hour: 0.0 Day: 0.0 Month: - Year: - (since: 2021-01-05_11:37:13 )
2021-01-06_16:59:55 regensensor_aussen reading01User: 846.5
2021-01-06_16:59:55 regensensor_aussen statReading01User: Hour: 0.0 Day: 0.3 Month: 0.3 Year: 0.3 (since: 2021-01-06 )
2021-01-06_16:59:55 regensensor_aussen reading01User: 846.5
2021-01-06_17:59:55 regensensor_aussen statReading01User: Hour: 0.0 Day: 0.3 Month: 0.3 Year: 0.3 (since: 2021-01-06 )
2021-01-06_17:59:55 regensensor_aussen statReading01UserLast: Hour: 0.0 Day: 0.0 Month: - Year: - (since: 2021-01-05_11:37:13 )
2021-01-06_17:59:55 regensensor_aussen reading01User: 846.5
2021-01-06_17:59:55 regensensor_aussen statReading01User: Hour: 0.0 Day: 0.3 Month: 0.3 Year: 0.3 (since: 2021-01-06 )
2021-01-06_17:59:55 regensensor_aussen reading01User: 846.5
2021-01-06_18:59:55 regensensor_aussen statReading01User: Hour: 0.0 Day: 0.3 Month: 0.3 Year: 0.3 (since: 2021-01-06 )
2021-01-06_18:59:55 regensensor_aussen statReading01UserLast: Hour: 0.0 Day: 0.0 Month: - Year: - (since: 2021-01-05_11:37:13 )
2021-01-06_18:59:55 regensensor_aussen reading01User: 846.5
2021-01-06_18:59:55 regensensor_aussen statReading01User: Hour: 0.0 Day: 0.3 Month: 0.3 Year: 0.3 (since: 2021-01-06 )
2021-01-06_18:59:55 regensensor_aussen reading01User: 846.5
2021-01-06_19:59:55 regensensor_aussen statReading01User: Hour: 0.0 Day: 0.3 Month: 0.3 Year: 0.3 (since: 2021-01-06 )
2021-01-06_19:59:55 regensensor_aussen statReading01UserLast: Hour: 0.0 Day: 0.0 Month: - Year: - (since: 2021-01-05_11:37:13 )
2021-01-06_19:59:55 regensensor_aussen reading01User: 846.5
2021-01-06_19:59:55 regensensor_aussen statReading01User: Hour: 0.0 Day: 0.3 Month: 0.3 Year: 0.3 (since: 2021-01-06 )
2021-01-06_19:59:55 regensensor_aussen reading01User: 846.5
2021-01-06_20:59:55 regensensor_aussen statReading01User: Hour: 0.0 Day: 0.3 Month: 0.3 Year: 0.3 (since: 2021-01-06 )
2021-01-06_20:59:55 regensensor_aussen statReading01UserLast: Hour: 0.0 Day: 0.0 Month: - Year: - (since: 2021-01-05_11:37:13 )
2021-01-06_20:59:55 regensensor_aussen reading01User: 846.5
2021-01-06_20:59:55 regensensor_aussen statReading01User: Hour: 0.0 Day: 0.3 Month: 0.3 Year: 0.3 (since: 2021-01-06 )
2021-01-06_20:59:55 regensensor_aussen reading01User: 846.5
2021-01-06_21:19:07 regensensor_aussen reading01User: 846.5
2021-01-06_21:19:07 regensensor_aussen statReading01User: Hour: 0.0 Day: 0.3 Month: 0.3 Year: 0.3 (since: 2021-01-06 )
2021-01-06_21:19:07 regensensor_aussen reading01User: 846.5
2021-01-06_21:59:55 regensensor_aussen statReading01User: Hour: 0.0 Day: 0.3 Month: 0.3 Year: 0.3 (since: 2021-01-06 )
2021-01-06_21:59:55 regensensor_aussen statReading01UserLast: Hour: 0.0 Day: 0.0 Month: - Year: - (since: 2021-01-05_11:37:13 )
2021-01-06_21:59:55 regensensor_aussen reading01User: 846.5
2021-01-06_21:59:55 regensensor_aussen statReading01User: Hour: 0.0 Day: 0.3 Month: 0.3 Year: 0.3 (since: 2021-01-06 )
2021-01-06_21:59:55 regensensor_aussen reading01User: 846.5
2021-01-06_22:59:55 regensensor_aussen statReading01User: Hour: 0.0 Day: 0.3 Month: 0.3 Year: 0.3 (since: 2021-01-06 )
2021-01-06_22:59:55 regensensor_aussen statReading01UserLast: Hour: 0.0 Day: 0.0 Month: - Year: - (since: 2021-01-05_11:37:13 )
2021-01-06_22:59:55 regensensor_aussen reading01User: 846.5
2021-01-06_22:59:55 regensensor_aussen statReading01User: Hour: 0.0 Day: 0.3 Month: 0.3 Year: 0.3 (since: 2021-01-06 )
2021-01-06_22:59:55 regensensor_aussen reading01User: 846.5
2021-01-06_23:59:55 regensensor_aussen statReading01User: Hour: 0.0 Day: 0.0 Month: 0.3 Year: 0.3 (since: 2021-01-06 )
2021-01-06_23:59:55 regensensor_aussen statReading01UserLast: Hour: 0.0 Day: 0.3 Month: - Year: -
2021-01-06_23:59:55 regensensor_aussen reading01User: 846.5
2021-01-06_23:59:55 regensensor_aussen statReading01User: Hour: 0.0 Day: 0.0 Month: 0.3 Year: 0.3 (since: 2021-01-06 )
2021-01-06_23:59:55 regensensor_aussen reading01User: 846.5
2021-01-07_00:59:55 regensensor_aussen statReading01User: Hour: 0.0 Day: 0.0 Month: 0.3 Year: 0.3 (since: 2021-01-06 )
2021-01-07_00:59:55 regensensor_aussen statReading01UserLast: Hour: 0.0 Day: 0.3 Month: - Year: -
2021-01-07_00:59:55 regensensor_aussen reading01User: 846.5
2021-01-07_00:59:55 regensensor_aussen statReading01User: Hour: 0.0 Day: 0.0 Month: 0.3 Year: 0.3 (since: 2021-01-06 )
2021-01-07_00:59:55 regensensor_aussen reading01User: 846.5
2021-01-07_01:59:55 regensensor_aussen statReading01User: Hour: 0.0 Day: 0.0 Month: 0.3 Year: 0.3 (since: 2021-01-06 )
2021-01-07_01:59:55 regensensor_aussen statReading01UserLast: Hour: 0.0 Day: 0.3 Month: - Year: -
2021-01-07_01:59:55 regensensor_aussen reading01User: 846.5
2021-01-07_01:59:55 regensensor_aussen statReading01User: Hour: 0.0 Day: 0.0 Month: 0.3 Year: 0.3 (since: 2021-01-06 )
2021-01-07_01:59:55 regensensor_aussen reading01User: 846.5
2021-01-07_02:52:23 regensensor_aussen reading01User: 846.5
2021-01-07_02:52:23 regensensor_aussen statReading01User: Hour: 0.0 Day: 0.0 Month: 0.3 Year: 0.3 (since: 2021-01-06 )
2021-01-07_02:52:23 regensensor_aussen reading01User: 846.5
2021-01-07_02:59:55 regensensor_aussen statReading01User: Hour: 0.0 Day: 0.0 Month: 0.3 Year: 0.3 (since: 2021-01-06 )
2021-01-07_02:59:55 regensensor_aussen statReading01UserLast: Hour: 0.0 Day: 0.3 Month: - Year: -
2021-01-07_02:59:55 regensensor_aussen reading01User: 846.5
2021-01-07_02:59:55 regensensor_aussen statReading01User: Hour: 0.0 Day: 0.0 Month: 0.3 Year: 0.3 (since: 2021-01-06 )
2021-01-07_02:59:55 regensensor_aussen reading01User: 846.5
2021-01-07_03:59:55 regensensor_aussen statReading01User: Hour: 0.0 Day: 0.0 Month: 0.3 Year: 0.3 (since: 2021-01-06 )
2021-01-07_03:59:55 regensensor_aussen statReading01UserLast: Hour: 0.0 Day: 0.3 Month: - Year: -
2021-01-07_03:59:55 regensensor_aussen reading01User: 846.5
2021-01-07_03:59:55 regensensor_aussen statReading01User: Hour: 0.0 Day: 0.0 Month: 0.3 Year: 0.3 (since: 2021-01-06 )
2021-01-07_03:59:55 regensensor_aussen reading01User: 846.5
2021-01-07_04:59:55 regensensor_aussen statReading01User: Hour: 0.0 Day: 0.0 Month: 0.3 Year: 0.3 (since: 2021-01-06 )
2021-01-07_04:59:55 regensensor_aussen statReading01UserLast: Hour: 0.0 Day: 0.3 Month: - Year: -
2021-01-07_04:59:55 regensensor_aussen reading01User: 846.5
2021-01-07_04:59:55 regensensor_aussen statReading01User: Hour: 0.0 Day: 0.0 Month: 0.3 Year: 0.3 (since: 2021-01-06 )
2021-01-07_04:59:55 regensensor_aussen reading01User: 846.5
2021-01-07_05:59:55 regensensor_aussen statReading01User: Hour: 0.0 Day: 0.0 Month: 0.3 Year: 0.3 (since: 2021-01-06 )
2021-01-07_05:59:55 regensensor_aussen statReading01UserLast: Hour: 0.0 Day: 0.3 Month: - Year: -
2021-01-07_05:59:55 regensensor_aussen reading01User: 846.5
2021-01-07_05:59:55 regensensor_aussen statReading01User: Hour: 0.0 Day: 0.0 Month: 0.3 Year: 0.3 (since: 2021-01-06 )
2021-01-07_05:59:55 regensensor_aussen reading01User: 846.5
2021-01-07_06:59:55 regensensor_aussen statReading01User: Hour: 0.0 Day: 0.0 Month: 0.3 Year: 0.3 (since: 2021-01-06 )
2021-01-07_06:59:55 regensensor_aussen statReading01UserLast: Hour: 0.0 Day: 0.3 Month: - Year: -
2021-01-07_06:59:55 regensensor_aussen reading01User: 846.5
2021-01-07_06:59:55 regensensor_aussen statReading01User: Hour: 0.0 Day: 0.0 Month: 0.3 Year: 0.3 (since: 2021-01-06 )
2021-01-07_06:59:55 regensensor_aussen reading01User: 846.5
2021-01-07_07:59:55 regensensor_aussen statReading01User: Hour: 0.0 Day: 0.0 Month: 0.3 Year: 0.3 (since: 2021-01-06 )
2021-01-07_07:59:55 regensensor_aussen statReading01UserLast: Hour: 0.0 Day: 0.3 Month: - Year: -
2021-01-07_07:59:55 regensensor_aussen reading01User: 846.5
2021-01-07_07:59:55 regensensor_aussen statReading01User: Hour: 0.0 Day: 0.0 Month: 0.3 Year: 0.3 (since: 2021-01-06 )
2021-01-07_07:59:55 regensensor_aussen reading01User: 846.5
2021-01-07_08:25:42 regensensor_aussen reading01User: 846.5
2021-01-07_08:25:42 regensensor_aussen statReading01User: Hour: 0.0 Day: 0.0 Month: 0.3 Year: 0.3 (since: 2021-01-06 )
2021-01-07_08:25:42 regensensor_aussen reading01User: 846.5
2021-01-07_08:59:55 regensensor_aussen statReading01User: Hour: 0.0 Day: 0.0 Month: 0.3 Year: 0.3 (since: 2021-01-06 )
2021-01-07_08:59:55 regensensor_aussen statReading01UserLast: Hour: 0.0 Day: 0.3 Month: - Year: -
2021-01-07_08:59:55 regensensor_aussen reading01User: 846.5
2021-01-07_08:59:55 regensensor_aussen statReading01User: Hour: 0.0 Day: 0.0 Month: 0.3 Year: 0.3 (since: 2021-01-06 )
2021-01-07_08:59:55 regensensor_aussen reading01User: 846.5
2021-01-07_09:59:55 regensensor_aussen statReading01User: Hour: 0.0 Day: 0.0 Month: 0.3 Year: 0.3 (since: 2021-01-06 )
2021-01-07_09:59:55 regensensor_aussen statReading01UserLast: Hour: 0.0 Day: 0.3 Month: - Year: -
2021-01-07_09:59:55 regensensor_aussen reading01User: 846.5
2021-01-07_09:59:55 regensensor_aussen statReading01User: Hour: 0.0 Day: 0.0 Month: 0.3 Year: 0.3 (since: 2021-01-06 )
2021-01-07_09:59:55 regensensor_aussen reading01User: 846.5
2021-01-07_10:59:55 regensensor_aussen statReading01User: Hour: 0.0 Day: 0.0 Month: 0.3 Year: 0.3 (since: 2021-01-06 )
2021-01-07_10:59:55 regensensor_aussen statReading01UserLast: Hour: 0.0 Day: 0.3 Month: - Year: -
2021-01-07_10:59:55 regensensor_aussen reading01User: 846.5
2021-01-07_10:59:55 regensensor_aussen statReading01User: Hour: 0.0 Day: 0.0 Month: 0.3 Year: 0.3 (since: 2021-01-06 )
2021-01-07_10:59:55 regensensor_aussen reading01User: 846.5
2021-01-07_11:59:55 regensensor_aussen statReading01User: Hour: 0.0 Day: 0.0 Month: 0.3 Year: 0.3 (since: 2021-01-06 )
2021-01-07_11:59:55 regensensor_aussen statReading01UserLast: Hour: 0.0 Day: 0.3 Month: - Year: -
2021-01-07_11:59:55 regensensor_aussen reading01User: 846.5
2021-01-07_11:59:55 regensensor_aussen statReading01User: Hour: 0.0 Day: 0.0 Month: 0.3 Year: 0.3 (since: 2021-01-06 )
2021-01-07_11:59:55 regensensor_aussen reading01User: 846.5
2021-01-07_12:59:55 regensensor_aussen statReading01User: Hour: 0.0 Day: 0.0 Month: 0.3 Year: 0.3 (since: 2021-01-06 )
2021-01-07_12:59:55 regensensor_aussen statReading01UserLast: Hour: 0.0 Day: 0.3 Month: - Year: -
2021-01-07_12:59:55 regensensor_aussen reading01User: 846.5
2021-01-07_12:59:55 regensensor_aussen statReading01User: Hour: 0.0 Day: 0.0 Month: 0.3 Year: 0.3 (since: 2021-01-06 )
2021-01-07_12:59:55 regensensor_aussen reading01User: 846.5
2021-01-07_13:59:03 regensensor_aussen reading01User: 846.5
2021-01-07_13:59:03 regensensor_aussen statReading01User: Hour: 0.0 Day: 0.0 Month: 0.3 Year: 0.3 (since: 2021-01-06 )
2021-01-07_13:59:03 regensensor_aussen reading01User: 846.5
2021-01-07_13:59:55 regensensor_aussen statReading01User: Hour: 0.0 Day: 0.0 Month: 0.3 Year: 0.3 (since: 2021-01-06 )
2021-01-07_13:59:55 regensensor_aussen statReading01UserLast: Hour: 0.0 Day: 0.3 Month: - Year: -
2021-01-07_13:59:55 regensensor_aussen reading01User: 846.5
2021-01-07_13:59:55 regensensor_aussen statReading01User: Hour: 0.0 Day: 0.0 Month: 0.3 Year: 0.3 (since: 2021-01-06 )
2021-01-07_13:59:55 regensensor_aussen reading01User: 846.5
2021-01-07_14:59:55 regensensor_aussen statReading01User: Hour: 0.0 Day: 0.0 Month: 0.3 Year: 0.3 (since: 2021-01-06 )
2021-01-07_14:59:55 regensensor_aussen statReading01UserLast: Hour: 0.0 Day: 0.3 Month: - Year: -
2021-01-07_14:59:55 regensensor_aussen reading01User: 846.5
2021-01-07_14:59:55 regensensor_aussen statReading01User: Hour: 0.0 Day: 0.0 Month: 0.3 Year: 0.3 (since: 2021-01-06 )
2021-01-07_14:59:55 regensensor_aussen reading01User: 846.5
2021-01-07_15:59:55 regensensor_aussen statReading01User: Hour: 0.0 Day: 0.0 Month: 0.3 Year: 0.3 (since: 2021-01-06 )
2021-01-07_15:59:55 regensensor_aussen statReading01UserLast: Hour: 0.0 Day: 0.3 Month: - Year: -
2021-01-07_15:59:55 regensensor_aussen reading01User: 846.5
2021-01-07_15:59:55 regensensor_aussen statReading01User: Hour: 0.0 Day: 0.0 Month: 0.3 Year: 0.3 (since: 2021-01-06 )
2021-01-07_15:59:55 regensensor_aussen reading01User: 846.5
2021-01-07_16:59:55 regensensor_aussen statReading01User: Hour: 0.0 Day: 0.0 Month: 0.3 Year: 0.3 (since: 2021-01-06 )
2021-01-07_16:59:55 regensensor_aussen statReading01UserLast: Hour: 0.0 Day: 0.3 Month: - Year: -
2021-01-07_16:59:55 regensensor_aussen reading01User: 846.5
2021-01-07_16:59:55 regensensor_aussen statReading01User: Hour: 0.0 Day: 0.0 Month: 0.3 Year: 0.3 (since: 2021-01-06 )
2021-01-07_16:59:55 regensensor_aussen reading01User: 846.5
2021-01-07_17:59:55 regensensor_aussen statReading01User: Hour: 0.0 Day: 0.0 Month: 0.3 Year: 0.3 (since: 2021-01-06 )
2021-01-07_17:59:55 regensensor_aussen statReading01UserLast: Hour: 0.0 Day: 0.3 Month: - Year: -
2021-01-07_17:59:55 regensensor_aussen reading01User: 846.5
2021-01-07_17:59:55 regensensor_aussen statReading01User: Hour: 0.0 Day: 0.0 Month: 0.3 Year: 0.3 (since: 2021-01-06 )
2021-01-07_17:59:55 regensensor_aussen reading01User: 846.5
2021-01-07_18:59:55 regensensor_aussen statReading01User: Hour: 0.0 Day: 0.0 Month: 0.3 Year: 0.3 (since: 2021-01-06 )
2021-01-07_18:59:55 regensensor_aussen statReading01UserLast: Hour: 0.0 Day: 0.3 Month: - Year: -
2021-01-07_18:59:55 regensensor_aussen reading01User: 846.5
2021-01-07_18:59:55 regensensor_aussen statReading01User: Hour: 0.0 Day: 0.0 Month: 0.3 Year: 0.3 (since: 2021-01-06 )
2021-01-07_18:59:55 regensensor_aussen reading01User: 846.5
2021-01-07_19:32:23 regensensor_aussen rainamount: 846,8
2021-01-07_19:32:23 regensensor_aussen reading01User: 846.8
2021-01-07_19:32:23 regensensor_aussen statReading01User: Hour: 0.3 Day: 0.3 Month: 0.6 Year: 0.6 (since: 2021-01-06 )
2021-01-07_19:32:23 regensensor_aussen reading01User: 846.8
2021-01-07_19:59:55 regensensor_aussen statReading01User: Hour: 0.0 Day: 0.3 Month: 0.6 Year: 0.6 (since: 2021-01-06 )
2021-01-07_19:59:55 regensensor_aussen statReading01UserLast: Hour: 0.3 Day: 0.3 Month: - Year: -
2021-01-07_19:59:55 regensensor_aussen reading01User: 846.8
2021-01-07_19:59:55 regensensor_aussen statReading01User: Hour: 0.0 Day: 0.3 Month: 0.6 Year: 0.6 (since: 2021-01-06 )
2021-01-07_19:59:55 regensensor_aussen reading01User: 846.8
2021-01-07_20:59:55 regensensor_aussen statReading01User: Hour: 0.0 Day: 0.3 Month: 0.6 Year: 0.6 (since: 2021-01-06 )
2021-01-07_20:59:55 regensensor_aussen statReading01UserLast: Hour: 0.0 Day: 0.3 Month: - Year: -
2021-01-07_20:59:55 regensensor_aussen reading01User: 846.8
2021-01-07_20:59:55 regensensor_aussen statReading01User: Hour: 0.0 Day: 0.3 Month: 0.6 Year: 0.6 (since: 2021-01-06 )
2021-01-07_20:59:55 regensensor_aussen reading01User: 846.8
2021-01-07_21:29:41 regensensor_aussen reread
2021-01-07_21:29:41 regensensor_aussen statReading01User: Hour: 0.0 Day: 0.3 Month: 0.6 Year: 0.6 (since: 2021-01-06 )
2021-01-07_21:29:41 regensensor_aussen reading01User: 846.8
2021-01-07_21:29:41 regensensor_aussen SummierteRegenmenge: Error evaluating regensensor_aussen userReading SummierteRegenmenge: Too many arguments for main::calculateRainDifference at (eval 231818) line 1, near ""4:::")" 
2021-01-07_21:29:42 regensensor_aussen rainamount: 846,8
2021-01-07_21:29:42 regensensor_aussen reading01User: 846.8
2021-01-07_21:29:42 regensensor_aussen SummierteRegenmenge: Error evaluating regensensor_aussen userReading SummierteRegenmenge: Too many arguments for main::calculateRainDifference at (eval 231822) line 1, near ""4:::")" 
2021-01-07_21:29:42 regensensor_aussen statReading01User: Hour: 0.0 Day: 0.3 Month: 0.6 Year: 0.6 (since: 2021-01-06 )
2021-01-07_21:29:42 regensensor_aussen reading01User: 846.8
2021-01-07_21:29:42 regensensor_aussen SummierteRegenmenge: Error evaluating regensensor_aussen userReading SummierteRegenmenge: Too many arguments for main::calculateRainDifference at (eval 231824) line 1, near ""4:::")" 
2021-01-07_21:30:24 regensensor_aussen reread
2021-01-07_21:30:24 regensensor_aussen statReading01User: Hour: 0.0 Day: 0.3 Month: 0.6 Year: 0.6 (since: 2021-01-06 )
2021-01-07_21:30:24 regensensor_aussen reading01User: 846.8
2021-01-07_21:30:24 regensensor_aussen SummierteRegenmenge: 0.0
2021-01-07_21:30:25 regensensor_aussen rainamount: 846,8
2021-01-07_21:30:25 regensensor_aussen reading01User: 846.8
2021-01-07_21:30:25 regensensor_aussen SummierteRegenmenge: 0.0
2021-01-07_21:30:25 regensensor_aussen statReading01User: Hour: 0.0 Day: 0.3 Month: 0.6 Year: 0.6 (since: 2021-01-06 )
2021-01-07_21:30:25 regensensor_aussen reading01User: 846.8
2021-01-07_21:30:25 regensensor_aussen SummierteRegenmenge: 0.0
2021-01-08_01:05:43 regensensor_aussen reading01User: 846.8
2021-01-08_01:05:43 regensensor_aussen SummierteRegenmenge: 0.0
2021-01-08_06:39:03 regensensor_aussen reading01User: 846.8
2021-01-08_06:39:03 regensensor_aussen SummierteRegenmenge: 0.0
2021-01-08_12:12:23 regensensor_aussen reading01User: 846.8
2021-01-08_12:12:23 regensensor_aussen SummierteRegenmenge: 0.0
2021-01-08_17:45:43 regensensor_aussen reading01User: 846.8
2021-01-08_17:45:43 regensensor_aussen SummierteRegenmenge: 0.0
2021-01-08_23:19:04 regensensor_aussen reading01User: 846.8
2021-01-08_23:19:04 regensensor_aussen SummierteRegenmenge: 0.0
2021-01-09_04:52:23 regensensor_aussen reading01User: 846.8
2021-01-09_04:52:23 regensensor_aussen SummierteRegenmenge: 0.0
2021-01-09_10:25:43 regensensor_aussen reading01User: 846.8
2021-01-09_10:25:43 regensensor_aussen SummierteRegenmenge: 0.0
2021-01-09_11:55:39 regensensor_aussen reread
2021-01-09_11:55:40 regensensor_aussen reread
2021-01-09_11:57:53 regensensor_aussen reread
2021-01-09_11:57:53 regensensor_aussen reread
2021-01-09_11:59:46 regensensor_aussen reread
2021-01-09_11:59:46 regensensor_aussen reread
2021-01-09_11:59:46 regensensor_aussen reading01User: 846.8
2021-01-09_11:59:46 regensensor_aussen SummierteRegenmenge1: 0.0
2021-01-09_11:59:46 regensensor_aussen SummierteRegenmenge2: 0.0
2021-01-09_11:59:47 regensensor_aussen reading01User: 846.8
2021-01-09_11:59:47 regensensor_aussen SummierteRegenmenge1: 0.0
2021-01-09_11:59:47 regensensor_aussen SummierteRegenmenge2: 0.0
2021-01-09_15:59:05 regensensor_aussen reading01User: 846.8
2021-01-09_15:59:05 regensensor_aussen SummierteRegenmenge1: 0.0
2021-01-09_15:59:05 regensensor_aussen SummierteRegenmenge2: 0.0
2021-01-09_21:32:23 regensensor_aussen reading01User: 846.8
2021-01-09_21:32:23 regensensor_aussen SummierteRegenmenge1: 0.0
2021-01-09_21:32:23 regensensor_aussen SummierteRegenmenge2: 0.0
2021-01-10_03:05:43 regensensor_aussen reading01User: 846.8
2021-01-10_03:05:43 regensensor_aussen SummierteRegenmenge1: 0.0
2021-01-10_03:05:43 regensensor_aussen SummierteRegenmenge2: 0.0
2021-01-10_08:39:03 regensensor_aussen reading01User: 846.8
2021-01-10_08:39:03 regensensor_aussen SummierteRegenmenge1: 0.0
2021-01-10_08:39:03 regensensor_aussen SummierteRegenmenge2: 0.0
2021-01-10_14:12:23 regensensor_aussen reading01User: 846.8
2021-01-10_14:12:23 regensensor_aussen SummierteRegenmenge1: 0.0
2021-01-10_14:12:23 regensensor_aussen SummierteRegenmenge2: 0.0
2021-01-10_19:45:43 regensensor_aussen reading01User: 846.8
2021-01-10_19:45:43 regensensor_aussen SummierteRegenmenge1: 0.0
2021-01-10_19:45:43 regensensor_aussen SummierteRegenmenge2: 0.0
2021-01-10_23:00:36 regensensor_aussen reading01User: 846.8
2021-01-10_23:00:36 regensensor_aussen SummierteRegenmenge1: 0.0
2021-01-10_23:00:36 regensensor_aussen SummierteRegenmenge2: 0.0
2021-01-11_15:03:50 regensensor_aussen reading01User: 846.8
2021-01-11_15:03:50 regensensor_aussen SummierteRegenmenge1: 0.0
2021-01-11_15:03:50 regensensor_aussen SummierteRegenmenge2: 0.0
2021-01-11_15:04:15 regensensor_aussen reading01User: 846.8
2021-01-11_15:04:15 regensensor_aussen SummierteRegenmenge1: 0.0
2021-01-11_15:04:15 regensensor_aussen SummierteRegenmenge2: 0.0
2021-01-11_15:13:26 regensensor_aussen reading01User: 846.8
2021-01-11_15:13:26 regensensor_aussen SummierteRegenmenge1: 0.0
2021-01-11_15:13:26 regensensor_aussen SummierteRegenmenge2: 0.0
2021-01-11_15:13:44 regensensor_aussen reading01User: 846.8
2021-01-11_15:13:44 regensensor_aussen SummierteRegenmenge1: 0.0
2021-01-11_15:13:44 regensensor_aussen SummierteRegenmenge2: 0.0
2021-01-11_15:18:11 regensensor_aussen reading01User: 846.8
2021-01-11_15:18:11 regensensor_aussen SummierteRegenmenge1: 0.0
2021-01-11_15:18:11 regensensor_aussen SummierteRegenmenge2: 0.0
2021-01-11_15:18:32 regensensor_aussen reading01User: 846.8
2021-01-11_15:18:32 regensensor_aussen SummierteRegenmenge1: 0.0
2021-01-11_15:18:32 regensensor_aussen SummierteRegenmenge2: 0.0
2021-01-11_15:30:51 regensensor_aussen reading01User: 846.8
2021-01-11_15:30:51 regensensor_aussen SummierteRegenmenge1: 0.0
2021-01-11_15:30:51 regensensor_aussen SummierteRegenmenge2: 0.0
2021-01-11_15:36:43 regensensor_aussen reading01User: 846.8
2021-01-11_15:36:43 regensensor_aussen SummierteRegenmenge1: 0.0
2021-01-11_15:36:43 regensensor_aussen SummierteRegenmenge2: 0.0
2021-01-11_15:39:54 regensensor_aussen reread
2021-01-11_15:39:54 regensensor_aussen reading01User: 846.8
2021-01-11_15:39:54 regensensor_aussen SummierteRegenmenge1: 0.0
2021-01-11_15:39:54 regensensor_aussen SummierteRegenmenge2: 0.0
2021-01-11_21:10:03 regensensor_aussen reading01User: 846.8
2021-01-11_21:10:03 regensensor_aussen SummierteRegenmenge1: 0.0
2021-01-11_21:10:03 regensensor_aussen SummierteRegenmenge2: 0.0
2021-01-12_02:43:21 regensensor_aussen reading01User: 846.8
2021-01-12_02:43:21 regensensor_aussen SummierteRegenmenge1: 0.0
2021-01-12_02:43:21 regensensor_aussen SummierteRegenmenge2: 0.0
2021-01-12_08:16:41 regensensor_aussen reading01User: 846.8
2021-01-12_08:16:41 regensensor_aussen SummierteRegenmenge1: 0.0
2021-01-12_08:16:41 regensensor_aussen SummierteRegenmenge2: 0.0
2021-01-12_09:54:31 regensensor_aussen reading01User: 846.8
2021-01-12_09:54:31 regensensor_aussen SummierteRegenmenge1: 0.0
2021-01-12_09:54:31 regensensor_aussen SummierteRegenmenge2: 0.0
2021-01-12_09:59:15 regensensor_aussen reading01User: 846.8
2021-01-12_09:59:15 regensensor_aussen SummierteRegenmenge1: 0.0
2021-01-12_09:59:15 regensensor_aussen SummierteRegenmenge2: 0.0
2021-01-12_10:09:44 regensensor_aussen reading01User: 846.8
2021-01-12_10:09:44 regensensor_aussen SummierteRegenmenge1: 0.0
2021-01-12_10:09:44 regensensor_aussen SummierteRegenmenge2: 0.0
2021-01-12_10:24:59 regensensor_aussen reading01User: 846.8
2021-01-12_10:24:59 regensensor_aussen SummierteRegenmenge1: 0.0
2021-01-12_10:24:59 regensensor_aussen SummierteRegenmenge2: 0.0
2021-01-12_15:58:19 regensensor_aussen rainamount: 848,6
2021-01-12_15:58:19 regensensor_aussen reading01User: 848.6
2021-01-12_15:58:19 regensensor_aussen SummierteRegenmenge1: 0.0
2021-01-12_15:58:19 regensensor_aussen SummierteRegenmenge2: 0.0
2021-01-12_21:31:38 regensensor_aussen rainamount: 851,7
2021-01-12_21:31:38 regensensor_aussen reading01User: 851.7
2021-01-12_21:31:38 regensensor_aussen SummierteRegenmenge1: 0.0
2021-01-12_21:31:38 regensensor_aussen SummierteRegenmenge2: 0.0
2021-01-13_03:04:58 regensensor_aussen reading01User: 851.7
2021-01-13_03:04:58 regensensor_aussen SummierteRegenmenge1: 0.0
2021-01-13_03:04:58 regensensor_aussen SummierteRegenmenge2: 0.0
2021-01-13_08:38:18 regensensor_aussen reading01User: 851.7
2021-01-13_08:38:18 regensensor_aussen SummierteRegenmenge1: 0.0
2021-01-13_08:38:18 regensensor_aussen SummierteRegenmenge2: 0.0
2021-01-13_14:11:38 regensensor_aussen reading01User: 851.7
2021-01-13_14:11:38 regensensor_aussen SummierteRegenmenge1: 0.0
2021-01-13_14:11:38 regensensor_aussen SummierteRegenmenge2: 0.0
2021-01-13_19:44:59 regensensor_aussen reading01User: 851.7
2021-01-13_19:44:59 regensensor_aussen SummierteRegenmenge1: 0.0
2021-01-13_19:44:59 regensensor_aussen SummierteRegenmenge2: 0.0
2021-01-14_01:18:20 regensensor_aussen reading01User: 851.7
2021-01-14_01:18:20 regensensor_aussen SummierteRegenmenge1: 0.0
2021-01-14_01:18:20 regensensor_aussen SummierteRegenmenge2: 0.0
2021-01-14_06:51:38 regensensor_aussen reading01User: 851.7
2021-01-14_06:51:38 regensensor_aussen SummierteRegenmenge1: 0.0
2021-01-14_06:51:38 regensensor_aussen SummierteRegenmenge2: 0.0
2021-01-14_12:24:59 regensensor_aussen rainamount: 852,4
2021-01-14_12:24:59 regensensor_aussen reading01User: 852.4
2021-01-14_12:24:59 regensensor_aussen SummierteRegenmenge1: 0.0
2021-01-14_12:24:59 regensensor_aussen SummierteRegenmenge2: 0.0
2021-01-14_17:58:18 regensensor_aussen rainamount: 852,9
2021-01-14_17:58:18 regensensor_aussen reading01User: 852.9
2021-01-14_17:58:18 regensensor_aussen SummierteRegenmenge1: 0.0
2021-01-14_17:58:18 regensensor_aussen SummierteRegenmenge2: 0.0
2021-01-14_23:31:39 regensensor_aussen reading01User: 852.9
2021-01-14_23:31:39 regensensor_aussen SummierteRegenmenge1: 0.0
2021-01-14_23:31:39 regensensor_aussen SummierteRegenmenge2: 0.0
2021-01-15_05:04:58 regensensor_aussen reading01User: 852.9
2021-01-15_05:04:58 regensensor_aussen SummierteRegenmenge1: 0.0
2021-01-15_05:04:58 regensensor_aussen SummierteRegenmenge2: 0.0
2021-01-15_10:38:18 regensensor_aussen reading01User: 852.9
2021-01-15_10:38:18 regensensor_aussen SummierteRegenmenge1: 0.0
2021-01-15_10:38:18 regensensor_aussen SummierteRegenmenge2: 0.0
2021-01-15_16:11:38 regensensor_aussen reading01User: 852.9
2021-01-15_16:11:38 regensensor_aussen SummierteRegenmenge1: 0.0
2021-01-15_16:11:38 regensensor_aussen SummierteRegenmenge2: 0.0
2021-01-15_19:37:58 regensensor_aussen reading01User: 852.9
2021-01-15_19:37:58 regensensor_aussen SummierteRegenmenge1: 0.0
2021-01-15_19:37:58 regensensor_aussen SummierteRegenmenge2: 0.0
2021-01-15_19:43:50 regensensor_aussen reading01User: 852.9
2021-01-15_19:43:50 regensensor_aussen SummierteRegenmenge1: 0.0
2021-01-15_19:43:50 regensensor_aussen SummierteRegenmenge2: 0.0
2021-01-16_01:17:10 regensensor_aussen reading01User: 852.9
2021-01-16_01:17:10 regensensor_aussen SummierteRegenmenge1: 0.0
2021-01-16_01:17:10 regensensor_aussen SummierteRegenmenge2: 0.0
2021-01-16_06:50:29 regensensor_aussen reading01User: 852.9
2021-01-16_06:50:29 regensensor_aussen SummierteRegenmenge1: 0.0
2021-01-16_06:50:29 regensensor_aussen SummierteRegenmenge2: 0.0
2021-01-16_08:59:00 regensensor_aussen reading01User: 852.9
2021-01-16_08:59:00 regensensor_aussen SummierteRegenmenge1: 0.0
2021-01-16_08:59:00 regensensor_aussen SummierteRegenmenge2: 0.0
2021-01-16_11:29:51 regensensor_aussen reread
2021-01-16_11:31:11 regensensor_aussen stop
2021-01-16_11:31:16 regensensor_aussen start
2021-01-16_14:44:29 regensensor_aussen reread
2021-01-16_14:44:29 regensensor_aussen reading01User: 
2021-01-16_14:44:29 regensensor_aussen Regenmenge: Error evaluating regensensor_aussen userReading Regenmenge: Undefined subroutine &main::getRainData called at (eval 2117) line 1. 
2021-01-16_15:00:57 regensensor_aussen reread
2021-01-16_15:00:58 regensensor_aussen reading01User: 852.9
2021-01-16_15:03:31 regensensor_aussen reread
2021-01-16_15:03:32 regensensor_aussen reading01User: 852.9
2021-01-16_15:05:41 regensensor_aussen stop
2021-01-16_15:05:52 regensensor_aussen start
2021-01-16_15:05:52 regensensor_aussen reading01User: 852.9
