2020-12-29_12:44:01 rs_sensorHTTP temperature: 3,8
2020-12-29_12:44:01 rs_sensorHTTP Durchschnittstemperatur: 0
2020-12-29_12:54:02 rs_sensorHTTP temperature: 3,8
2020-12-29_12:54:02 rs_sensorHTTP Durchschnittstemperatur: 0.0
2020-12-29_13:04:01 rs_sensorHTTP temperature: 3,8
2020-12-29_13:04:01 rs_sensorHTTP Durchschnittstemperatur: 0.0
2020-12-29_13:14:01 rs_sensorHTTP temperature: 3,8
2020-12-29_13:14:01 rs_sensorHTTP Durchschnittstemperatur: 0.0
2020-12-29_13:24:01 rs_sensorHTTP temperature: 4,1
2020-12-29_13:24:01 rs_sensorHTTP Durchschnittstemperatur: 0.0
2020-12-29_13:34:01 rs_sensorHTTP temperature: 4,2
2020-12-29_13:34:01 rs_sensorHTTP Durchschnittstemperatur: 0.0
2020-12-29_13:44:01 rs_sensorHTTP temperature: 4,2
2020-12-29_13:44:01 rs_sensorHTTP Durchschnittstemperatur: 0.0
2020-12-29_13:54:01 rs_sensorHTTP temperature: 4,3
2020-12-29_13:54:01 rs_sensorHTTP Durchschnittstemperatur: 0.0
2020-12-29_14:04:01 rs_sensorHTTP temperature: 4,5
2020-12-29_14:04:01 rs_sensorHTTP Durchschnittstemperatur: 0.0
2020-12-29_14:14:01 rs_sensorHTTP temperature: 4,3
2020-12-29_14:14:01 rs_sensorHTTP Durchschnittstemperatur: 0.0
2020-12-29_14:24:01 rs_sensorHTTP temperature: 4,2
2020-12-29_14:24:01 rs_sensorHTTP Durchschnittstemperatur: 0.0
2020-12-29_14:34:01 rs_sensorHTTP temperature: 4,0
2020-12-29_14:34:01 rs_sensorHTTP Durchschnittstemperatur: 0.0
2020-12-29_14:44:01 rs_sensorHTTP temperature: 4,0
2020-12-29_14:44:01 rs_sensorHTTP Durchschnittstemperatur: 0.0
2020-12-29_14:54:01 rs_sensorHTTP temperature: 3,9
2020-12-29_14:54:01 rs_sensorHTTP Durchschnittstemperatur: 0.0
2020-12-29_15:04:01 rs_sensorHTTP temperature: 4,5
2020-12-29_15:04:01 rs_sensorHTTP Durchschnittstemperatur: 0.0
2020-12-29_15:12:21 rs_sensorHTTP reread
2020-12-29_15:12:21 rs_sensorHTTP temperature: 4,3
2020-12-29_15:12:21 rs_sensorHTTP reading01User: 4.3
2020-12-29_15:12:21 rs_sensorHTTP Durchschnittstemperatur: 0.0
2020-12-29_15:12:30 rs_sensorHTTP reread
2020-12-29_15:12:30 rs_sensorHTTP temperature: 4,3
2020-12-29_15:12:30 rs_sensorHTTP reading01User: 4.3
2020-12-29_15:12:30 rs_sensorHTTP Durchschnittstemperatur: 0.3
2020-12-29_15:14:01 rs_sensorHTTP temperature: 4,3
2020-12-29_15:14:01 rs_sensorHTTP reading01User: 4.3
2020-12-29_15:14:01 rs_sensorHTTP Durchschnittstemperatur: 0.5
2020-12-29_15:15:48 rs_sensorHTTP reading01User: 4.2
2020-12-29_15:24:02 rs_sensorHTTP reading01User: 4.2
2020-12-29_15:34:01 rs_sensorHTTP reading01User: 4.2
2020-12-29_15:44:01 rs_sensorHTTP reading01User: 4.3
2020-12-29_15:54:01 rs_sensorHTTP reading01User: 4.2
2020-12-29_16:04:01 rs_sensorHTTP reading01User: 4.2
2020-12-29_16:14:01 rs_sensorHTTP reading01User: 4.2
2020-12-29_16:24:01 rs_sensorHTTP reading01User: 4.2
2020-12-29_16:34:01 rs_sensorHTTP reading01User: 4.1
2020-12-29_16:44:01 rs_sensorHTTP reading01User: 4.1
2020-12-29_16:54:01 rs_sensorHTTP reading01User: 3.9
2020-12-29_17:04:01 rs_sensorHTTP reading01User: 3.8
2020-12-29_17:14:01 rs_sensorHTTP reading01User: 3.8
2020-12-29_17:24:01 rs_sensorHTTP reading01User: 3.8
2020-12-29_17:34:01 rs_sensorHTTP reading01User: 3.8
2020-12-29_17:44:03 rs_sensorHTTP reading01User: 3.8
2020-12-29_17:54:01 rs_sensorHTTP reading01User: 3.8
2020-12-29_18:04:01 rs_sensorHTTP reading01User: 3.8
2020-12-29_18:14:01 rs_sensorHTTP reading01User: 3.8
2020-12-29_18:24:01 rs_sensorHTTP reading01User: 3.8
2020-12-29_18:34:01 rs_sensorHTTP reading01User: 3.9
2020-12-29_18:44:01 rs_sensorHTTP reading01User: 3.9
2020-12-29_18:54:01 rs_sensorHTTP reading01User: 3.8
2020-12-29_19:04:03 rs_sensorHTTP reading01User: 3.8
2020-12-29_19:14:01 rs_sensorHTTP reading01User: 3.7
2020-12-29_19:24:01 rs_sensorHTTP reading01User: 3.6
2020-12-29_19:34:01 rs_sensorHTTP reading01User: 3.4
2020-12-29_19:44:02 rs_sensorHTTP reading01User: 3.3
2020-12-29_19:54:01 rs_sensorHTTP reading01User: 3.2
2020-12-29_20:04:01 rs_sensorHTTP reading01User: 3.0
2020-12-29_20:14:03 rs_sensorHTTP reading01User: 3.0
2020-12-29_20:24:01 rs_sensorHTTP reading01User: 2.8
2020-12-29_20:34:01 rs_sensorHTTP reading01User: 2.8
2020-12-29_20:44:01 rs_sensorHTTP reading01User: 2.8
2020-12-29_20:54:01 rs_sensorHTTP reading01User: 2.7
2020-12-29_21:04:03 rs_sensorHTTP reading01User: 2.7
2020-12-29_21:14:01 rs_sensorHTTP reading01User: 2.7
2020-12-29_21:24:01 rs_sensorHTTP reading01User: 2.8
2020-12-29_21:34:01 rs_sensorHTTP reading01User: 2.8
2020-12-29_21:44:01 rs_sensorHTTP reading01User: 2.8
2020-12-29_21:54:01 rs_sensorHTTP reading01User: 2.7
2020-12-29_22:04:01 rs_sensorHTTP reading01User: 2.7
2020-12-29_22:14:01 rs_sensorHTTP reading01User: 2.9
2020-12-29_22:24:01 rs_sensorHTTP reading01User: 2.9
2020-12-29_22:34:01 rs_sensorHTTP reading01User: 2.9
2020-12-29_22:44:01 rs_sensorHTTP reading01User: 2.8
2020-12-29_22:54:03 rs_sensorHTTP reading01User: 2.8
2020-12-29_23:04:03 rs_sensorHTTP reading01User: 2.8
2020-12-29_23:14:01 rs_sensorHTTP reading01User: 2.9
2020-12-29_23:24:01 rs_sensorHTTP reading01User: 2.9
2020-12-29_23:34:01 rs_sensorHTTP reading01User: 2.9
2020-12-29_23:44:03 rs_sensorHTTP reading01User: 2.9
2020-12-29_23:54:01 rs_sensorHTTP reading01User: 2.7
2020-12-30_00:04:03 rs_sensorHTTP reading01User: 2.7
2020-12-30_00:14:03 rs_sensorHTTP reading01User: 2.7
2020-12-30_00:24:03 rs_sensorHTTP reading01User: 2.7
2020-12-30_00:34:02 rs_sensorHTTP reading01User: 2.6
2020-12-30_00:44:03 rs_sensorHTTP reading01User: 2.6
2020-12-30_00:54:01 rs_sensorHTTP reading01User: 2.6
2020-12-30_01:04:03 rs_sensorHTTP reading01User: 2.6
2020-12-30_01:14:03 rs_sensorHTTP reading01User: 2.6
2020-12-30_01:24:03 rs_sensorHTTP reading01User: 2.6
2020-12-30_01:34:03 rs_sensorHTTP reading01User: 2.6
2020-12-30_01:44:03 rs_sensorHTTP reading01User: 2.6
2020-12-30_01:54:01 rs_sensorHTTP reading01User: 1.8
2020-12-30_02:04:02 rs_sensorHTTP reading01User: 2.0
2020-12-30_02:14:03 rs_sensorHTTP reading01User: 2.0
2020-12-30_02:24:01 rs_sensorHTTP reading01User: 2.2
2020-12-30_02:34:01 rs_sensorHTTP reading01User: 2.3
2020-12-30_02:44:01 rs_sensorHTTP reading01User: 2.3
2020-12-30_02:54:01 rs_sensorHTTP reading01User: 2.4
2020-12-30_03:04:03 rs_sensorHTTP reading01User: 2.4
2020-12-30_03:14:01 rs_sensorHTTP reading01User: 2.4
2020-12-30_03:24:01 rs_sensorHTTP reading01User: 2.4
2020-12-30_03:34:01 rs_sensorHTTP reading01User: 2.4
2020-12-30_03:44:03 rs_sensorHTTP reading01User: 2.4
2020-12-30_03:54:01 rs_sensorHTTP reading01User: 2.4
2020-12-30_04:04:01 rs_sensorHTTP reading01User: 2.4
2020-12-30_04:14:02 rs_sensorHTTP reading01User: 2.5
2020-12-30_04:24:01 rs_sensorHTTP reading01User: 2.5
2020-12-30_04:34:01 rs_sensorHTTP reading01User: 2.4
2020-12-30_04:44:01 rs_sensorHTTP reading01User: 2.3
2020-12-30_04:54:01 rs_sensorHTTP reading01User: 2.2
2020-12-30_05:04:01 rs_sensorHTTP reading01User: 2.1
2020-12-30_05:14:01 rs_sensorHTTP reading01User: 2.0
2020-12-30_05:24:01 rs_sensorHTTP reading01User: 1.9
2020-12-30_05:34:01 rs_sensorHTTP reading01User: 2.0
2020-12-30_05:44:01 rs_sensorHTTP reading01User: 1.9
2020-12-30_05:54:01 rs_sensorHTTP reading01User: 1.8
2020-12-30_06:04:01 rs_sensorHTTP reading01User: 1.6
2020-12-30_06:14:01 rs_sensorHTTP reading01User: 1.5
2020-12-30_06:24:01 rs_sensorHTTP reading01User: 1.5
2020-12-30_06:34:01 rs_sensorHTTP reading01User: 1.7
2020-12-30_06:44:01 rs_sensorHTTP reading01User: 1.7
2020-12-30_06:54:01 rs_sensorHTTP reading01User: 1.7
2020-12-30_07:04:01 rs_sensorHTTP reading01User: 1.8
2020-12-30_07:14:01 rs_sensorHTTP reading01User: 1.8
2020-12-30_07:24:01 rs_sensorHTTP reading01User: 1.8
2020-12-30_07:34:01 rs_sensorHTTP reading01User: 1.8
2020-12-30_07:44:01 rs_sensorHTTP reading01User: 1.8
2020-12-30_07:54:01 rs_sensorHTTP reading01User: 1.8
2020-12-30_08:04:01 rs_sensorHTTP reading01User: 2.0
2020-12-30_08:14:02 rs_sensorHTTP reading01User: 2.1
2020-12-30_08:24:01 rs_sensorHTTP reading01User: 2.1
2020-12-30_08:34:01 rs_sensorHTTP reading01User: 2.1
2020-12-30_08:44:01 rs_sensorHTTP reading01User: 2.1
2020-12-30_08:54:02 rs_sensorHTTP reading01User: 2.2
2020-12-30_09:04:01 rs_sensorHTTP reading01User: 2.2
2020-12-30_09:14:01 rs_sensorHTTP reading01User: 2.2
2020-12-30_09:24:01 rs_sensorHTTP reading01User: 2.2
2020-12-30_09:34:01 rs_sensorHTTP reading01User: 2.3
2020-12-30_09:44:01 rs_sensorHTTP reading01User: 2.5
2020-12-30_09:54:01 rs_sensorHTTP reading01User: 2.6
2020-12-30_10:04:01 rs_sensorHTTP reading01User: 2.8
2020-12-30_10:14:01 rs_sensorHTTP reading01User: 3.0
2020-12-30_10:24:01 rs_sensorHTTP reading01User: 3.1
2020-12-30_10:34:01 rs_sensorHTTP reading01User: 3.2
2020-12-30_10:44:01 rs_sensorHTTP reading01User: 3.3
2020-12-30_10:52:54 rs_sensorHTTP reading01User: 3.4
2020-12-30_11:02:54 rs_sensorHTTP reading01User: 3.4
2020-12-30_11:12:54 rs_sensorHTTP reading01User: 3.4
2020-12-30_11:22:54 rs_sensorHTTP reading01User: 3.4
2020-12-30_11:32:54 rs_sensorHTTP reading01User: 3.4
2020-12-30_11:40:31 rs_sensorHTTP reading01User: 3.4
2020-12-30_11:49:26 rs_sensorHTTP reading01User: 3.4
2020-12-30_11:59:24 rs_sensorHTTP reading01User: 3.7
2020-12-30_12:09:24 rs_sensorHTTP reading01User: 3.8
2020-12-30_12:19:24 rs_sensorHTTP reading01User: 4.1
2020-12-30_12:29:24 rs_sensorHTTP reading01User: 4.2
2020-12-30_12:39:24 rs_sensorHTTP reading01User: 4.5
2020-12-30_12:49:26 rs_sensorHTTP reading01User: 4.5
2020-12-30_12:59:24 rs_sensorHTTP reading01User: 4.6
2020-12-30_13:09:24 rs_sensorHTTP reading01User: 4.6
2020-12-30_13:19:24 rs_sensorHTTP reading01User: 4.6
2020-12-30_13:29:24 rs_sensorHTTP reading01User: 4.7
2020-12-30_13:39:24 rs_sensorHTTP reading01User: 4.7
2020-12-30_13:49:26 rs_sensorHTTP reading01User: 4.7
2020-12-30_13:59:24 rs_sensorHTTP reading01User: 4.7
2020-12-30_14:09:24 rs_sensorHTTP reading01User: 4.8
2020-12-30_14:19:24 rs_sensorHTTP reading01User: 5.0
2020-12-30_14:29:24 rs_sensorHTTP reading01User: 5.0
2020-12-30_14:39:24 rs_sensorHTTP reading01User: 5.0
2020-12-30_14:49:26 rs_sensorHTTP reading01User: 5.0
2020-12-30_14:59:24 rs_sensorHTTP reading01User: 5.0
2020-12-30_15:09:24 rs_sensorHTTP reading01User: 5.0
2020-12-30_15:19:24 rs_sensorHTTP reading01User: 5.0
2020-12-30_15:29:24 rs_sensorHTTP reading01User: 4.8
2020-12-30_15:39:24 rs_sensorHTTP reading01User: 4.8
2020-12-30_15:49:26 rs_sensorHTTP reading01User: 4.8
2020-12-30_15:59:24 rs_sensorHTTP reading01User: 4.7
2020-12-30_16:09:24 rs_sensorHTTP reading01User: 4.5
2020-12-30_16:19:24 rs_sensorHTTP reading01User: 4.3
2020-12-30_16:29:24 rs_sensorHTTP reading01User: 4.2
2020-12-30_16:39:24 rs_sensorHTTP reading01User: 4.0
2020-12-30_16:49:26 rs_sensorHTTP reading01User: 4.0
2020-12-30_16:59:24 rs_sensorHTTP reading01User: 3.7
2020-12-30_17:09:24 rs_sensorHTTP reading01User: 3.6
2020-12-30_17:19:24 rs_sensorHTTP reading01User: 3.6
2020-12-30_17:29:24 rs_sensorHTTP reading01User: 3.4
2020-12-30_17:39:24 rs_sensorHTTP reading01User: 3.4
2020-12-30_17:49:26 rs_sensorHTTP reading01User: 3.4
2020-12-30_17:59:24 rs_sensorHTTP reading01User: 3.0
2020-12-30_18:09:24 rs_sensorHTTP reading01User: 3.1
2020-12-30_18:19:24 rs_sensorHTTP reading01User: 3.0
2020-12-30_18:29:24 rs_sensorHTTP reading01User: 3.0
2020-12-30_18:39:24 rs_sensorHTTP reading01User: 3.0
2020-12-30_18:49:26 rs_sensorHTTP reading01User: 3.0
2020-12-30_18:59:24 rs_sensorHTTP reading01User: 3.0
2020-12-30_19:09:24 rs_sensorHTTP reading01User: 3.0
2020-12-30_19:19:24 rs_sensorHTTP reading01User: 3.0
2020-12-30_19:29:25 rs_sensorHTTP reading01User: 3.0
2020-12-30_19:39:24 rs_sensorHTTP reading01User: 3.0
2020-12-30_19:49:26 rs_sensorHTTP reading01User: 3.0
2020-12-30_19:59:24 rs_sensorHTTP reading01User: 2.8
2020-12-30_20:09:24 rs_sensorHTTP reading01User: 2.8
2020-12-30_20:19:24 rs_sensorHTTP reading01User: 2.9
2020-12-30_20:29:25 rs_sensorHTTP reading01User: 2.9
2020-12-30_20:39:24 rs_sensorHTTP reading01User: 2.9
2020-12-30_20:49:26 rs_sensorHTTP reading01User: 2.9
2020-12-30_20:59:24 rs_sensorHTTP reading01User: 3.0
2020-12-30_21:09:26 rs_sensorHTTP reading01User: 3.0
2020-12-30_21:19:24 rs_sensorHTTP reading01User: 3.0
2020-12-30_21:29:26 rs_sensorHTTP reading01User: 3.0
2020-12-30_21:39:24 rs_sensorHTTP reading01User: 2.9
2020-12-30_21:49:26 rs_sensorHTTP reading01User: 2.9
2020-12-30_21:59:24 rs_sensorHTTP reading01User: 2.9
2020-12-30_22:09:24 rs_sensorHTTP reading01User: 2.8
2020-12-30_22:19:24 rs_sensorHTTP reading01User: 2.9
2020-12-30_22:29:24 rs_sensorHTTP reading01User: 2.8
2020-12-30_22:39:24 rs_sensorHTTP reading01User: 2.6
2020-12-30_22:49:26 rs_sensorHTTP reading01User: 2.6
2020-12-30_22:59:24 rs_sensorHTTP reading01User: 2.6
2020-12-30_23:09:24 rs_sensorHTTP reading01User: 2.6
2020-12-30_23:19:24 rs_sensorHTTP reading01User: 2.6
2020-12-30_23:29:26 rs_sensorHTTP reading01User: 2.6
2020-12-30_23:39:24 rs_sensorHTTP reading01User: 2.6
2020-12-30_23:49:26 rs_sensorHTTP reading01User: 2.6
2020-12-30_23:59:26 rs_sensorHTTP reading01User: 2.6
2020-12-31_00:09:24 rs_sensorHTTP reading01User: 2.5
2020-12-31_00:19:24 rs_sensorHTTP reading01User: 2.5
2020-12-31_00:29:24 rs_sensorHTTP reading01User: 2.5
2020-12-31_00:39:24 rs_sensorHTTP reading01User: 2.5
2020-12-31_00:49:26 rs_sensorHTTP reading01User: 2.5
2020-12-31_00:59:26 rs_sensorHTTP reading01User: 2.5
2020-12-31_01:09:24 rs_sensorHTTP reading01User: 1.8
2020-12-31_01:19:24 rs_sensorHTTP reading01User: 1.8
2020-12-31_01:29:24 rs_sensorHTTP reading01User: 1.9
2020-12-31_01:39:26 rs_sensorHTTP reading01User: 1.9
2020-12-31_01:49:26 rs_sensorHTTP reading01User: 1.9
2020-12-31_01:59:24 rs_sensorHTTP reading01User: 2.0
2020-12-31_02:09:24 rs_sensorHTTP reading01User: 2.0
2020-12-31_02:19:24 rs_sensorHTTP reading01User: 2.0
2020-12-31_02:29:25 rs_sensorHTTP reading01User: 2.0
2020-12-31_02:39:25 rs_sensorHTTP reading01User: 2.0
2020-12-31_02:49:26 rs_sensorHTTP reading01User: 2.0
2020-12-31_02:59:24 rs_sensorHTTP reading01User: 2.0
2020-12-31_03:09:24 rs_sensorHTTP reading01User: 1.9
2020-12-31_03:19:24 rs_sensorHTTP reading01User: 1.7
2020-12-31_03:29:24 rs_sensorHTTP reading01User: 1.7
2020-12-31_03:39:24 rs_sensorHTTP reading01User: 1.6
2020-12-31_03:49:25 rs_sensorHTTP reading01User: 1.5
2020-12-31_03:59:24 rs_sensorHTTP reading01User: 1.4
2020-12-31_04:09:24 rs_sensorHTTP reading01User: 1.3
2020-12-31_04:19:24 rs_sensorHTTP reading01User: 1.3
2020-12-31_04:29:24 rs_sensorHTTP reading01User: 1.2
2020-12-31_04:39:24 rs_sensorHTTP reading01User: 1.0
2020-12-31_04:49:24 rs_sensorHTTP reading01User: 1.1
2020-12-31_04:59:24 rs_sensorHTTP reading01User: 1.0
2020-12-31_05:09:24 rs_sensorHTTP reading01User: 0.9
2020-12-31_05:19:24 rs_sensorHTTP reading01User: 0.7
2020-12-31_05:29:24 rs_sensorHTTP reading01User: 0.7
2020-12-31_05:39:24 rs_sensorHTTP reading01User: 0.6
2020-12-31_05:49:26 rs_sensorHTTP reading01User: 0.6
2020-12-31_05:59:24 rs_sensorHTTP reading01User: 0.2
2020-12-31_06:09:24 rs_sensorHTTP reading01User: 0.1
2020-12-31_06:19:24 rs_sensorHTTP reading01User: 0.1
2020-12-31_06:29:24 rs_sensorHTTP reading01User: 0.0
2020-12-31_06:39:24 rs_sensorHTTP reading01User: -0.1
2020-12-31_06:49:25 rs_sensorHTTP reading01User: -0.1
2020-12-31_06:59:24 rs_sensorHTTP reading01User: -0.2
2020-12-31_07:09:24 rs_sensorHTTP reading01User: -0.1
2020-12-31_07:19:24 rs_sensorHTTP reading01User: -0.1
2020-12-31_07:29:24 rs_sensorHTTP reading01User: -0.1
2020-12-31_07:39:24 rs_sensorHTTP reading01User: -0.1
2020-12-31_07:49:24 rs_sensorHTTP reading01User: -0.1
2020-12-31_07:59:24 rs_sensorHTTP reading01User: -0.1
2020-12-31_08:09:24 rs_sensorHTTP reading01User: -0.2
2020-12-31_08:19:24 rs_sensorHTTP reading01User: -0.1
2020-12-31_08:29:24 rs_sensorHTTP reading01User: -0.1
2020-12-31_08:39:24 rs_sensorHTTP reading01User: 0.0
2020-12-31_08:49:26 rs_sensorHTTP reading01User: 0.0
2020-12-31_08:59:24 rs_sensorHTTP reading01User: 0.1
2020-12-31_09:09:24 rs_sensorHTTP reading01User: 0.1
2020-12-31_09:19:24 rs_sensorHTTP reading01User: 0.2
2020-12-31_09:20:18 rs_sensorHTTP reading01User: 0.2
2020-12-31_09:30:16 rs_sensorHTTP reading01User: 0.2
2020-12-31_09:40:16 rs_sensorHTTP reading01User: 0.4
2020-12-31_09:50:16 rs_sensorHTTP reading01User: 0.5
2020-12-31_10:00:18 rs_sensorHTTP reading01User: 0.5
2020-12-31_10:10:18 rs_sensorHTTP reading01User: 0.5
2020-12-31_10:20:16 rs_sensorHTTP reading01User: 0.8
2020-12-31_10:30:17 rs_sensorHTTP reading01User: 0.9
2020-12-31_10:40:16 rs_sensorHTTP reading01User: 1.0
2020-12-31_10:50:16 rs_sensorHTTP reading01User: 1.0
2020-12-31_10:59:02 rs_sensorHTTP reading01User: 1.0
2020-12-31_11:09:01 rs_sensorHTTP reading01User: 1.1
2020-12-31_11:19:01 rs_sensorHTTP reading01User: 1.3
2020-12-31_11:29:01 rs_sensorHTTP reading01User: 1.4
2020-12-31_11:39:01 rs_sensorHTTP reading01User: 1.5
2020-12-31_11:49:01 rs_sensorHTTP reading01User: 1.6
2020-12-31_11:50:35 rs_sensorHTTP reading01User: 1.6
2020-12-31_11:56:05 rs_sensorHTTP reading01User: 1.6
2020-12-31_12:03:05 rs_sensorHTTP reading01User: 1.8
2020-12-31_12:13:05 rs_sensorHTTP reading01User: 1.8
2020-12-31_12:23:04 rs_sensorHTTP reading01User: 2.0
2020-12-31_12:33:05 rs_sensorHTTP reading01User: 2.1
2020-12-31_12:43:04 rs_sensorHTTP reading01User: 2.3
2020-12-31_12:53:04 rs_sensorHTTP reading01User: 2.6
2020-12-31_13:03:05 rs_sensorHTTP reading01User: 2.6
2020-12-31_13:13:04 rs_sensorHTTP reading01User: 2.9
2020-12-31_13:23:04 rs_sensorHTTP reading01User: 2.9
2020-12-31_13:33:04 rs_sensorHTTP reading01User: 3.0
2020-12-31_13:43:03 rs_sensorHTTP reading01User: 3.3
2020-12-31_13:53:04 rs_sensorHTTP reading01User: 3.3
2020-12-31_14:03:04 rs_sensorHTTP reading01User: 3.3
2020-12-31_14:13:04 rs_sensorHTTP reading01User: 3.3
2020-12-31_14:23:04 rs_sensorHTTP reading01User: 3.3
2020-12-31_14:33:04 rs_sensorHTTP reading01User: 3.3
2020-12-31_14:43:04 rs_sensorHTTP reading01User: 3.4
2020-12-31_14:53:04 rs_sensorHTTP reading01User: 3.5
2020-12-31_15:03:04 rs_sensorHTTP reading01User: 3.6
2020-12-31_15:13:05 rs_sensorHTTP reading01User: 3.7
2020-12-31_15:23:05 rs_sensorHTTP reading01User: 3.7
2020-12-31_15:33:04 rs_sensorHTTP reading01User: 3.8
2020-12-31_15:43:04 rs_sensorHTTP reading01User: 3.8
2020-12-31_15:53:04 rs_sensorHTTP reading01User: 3.8
2020-12-31_16:03:05 rs_sensorHTTP reading01User: 3.8
2020-12-31_16:13:04 rs_sensorHTTP reading01User: 3.8
2020-12-31_16:23:04 rs_sensorHTTP reading01User: 3.6
2020-12-31_16:33:04 rs_sensorHTTP reading01User: 3.6
2020-12-31_16:43:04 rs_sensorHTTP reading01User: 3.4
2020-12-31_16:53:04 rs_sensorHTTP reading01User: 3.4
2020-12-31_17:03:05 rs_sensorHTTP reading01User: 3.4
2020-12-31_17:13:03 rs_sensorHTTP reading01User: 3.2
2020-12-31_17:23:04 rs_sensorHTTP reading01User: 3.1
2020-12-31_17:33:05 rs_sensorHTTP reading01User: 3.1
2020-12-31_17:43:04 rs_sensorHTTP reading01User: 3.1
2020-12-31_17:53:05 rs_sensorHTTP reading01User: 3.1
2020-12-31_18:03:04 rs_sensorHTTP reading01User: 3.1
2020-12-31_18:13:04 rs_sensorHTTP reading01User: 3.0
2020-12-31_18:23:04 rs_sensorHTTP reading01User: 2.8
2020-12-31_18:33:04 rs_sensorHTTP reading01User: 2.7
2020-12-31_18:43:04 rs_sensorHTTP reading01User: 2.6
2020-12-31_18:53:04 rs_sensorHTTP reading01User: 2.6
2020-12-31_19:03:05 rs_sensorHTTP reading01User: 2.6
2020-12-31_19:13:04 rs_sensorHTTP reading01User: 2.4
2020-12-31_19:23:05 rs_sensorHTTP reading01User: 2.2
2020-12-31_19:33:03 rs_sensorHTTP reading01User: 2.3
2020-12-31_19:43:05 rs_sensorHTTP reading01User: 2.2
2020-12-31_19:53:05 rs_sensorHTTP reading01User: 2.3
2020-12-31_20:03:05 rs_sensorHTTP reading01User: 2.3
2020-12-31_20:13:05 rs_sensorHTTP reading01User: 2.3
2020-12-31_20:23:04 rs_sensorHTTP reading01User: 2.2
2020-12-31_20:33:04 rs_sensorHTTP reading01User: 2.2
2020-12-31_20:43:04 rs_sensorHTTP reading01User: 2.2
2020-12-31_20:53:04 rs_sensorHTTP reading01User: 2.2
2020-12-31_21:03:05 rs_sensorHTTP reading01User: 2.2
2020-12-31_21:13:05 rs_sensorHTTP reading01User: 2.2
2020-12-31_21:23:05 rs_sensorHTTP reading01User: 2.2
2020-12-31_21:33:04 rs_sensorHTTP reading01User: 2.2
2020-12-31_21:43:05 rs_sensorHTTP reading01User: 2.2
2020-12-31_21:53:04 rs_sensorHTTP reading01User: 2.2
2020-12-31_22:03:05 rs_sensorHTTP reading01User: 2.2
2020-12-31_22:13:04 rs_sensorHTTP reading01User: 2.2
2020-12-31_22:23:05 rs_sensorHTTP reading01User: 2.2
2020-12-31_22:33:05 rs_sensorHTTP reading01User: 2.2
2020-12-31_22:43:04 rs_sensorHTTP reading01User: 2.2
2020-12-31_22:53:04 rs_sensorHTTP reading01User: 2.2
2020-12-31_23:03:05 rs_sensorHTTP reading01User: 2.2
2020-12-31_23:13:04 rs_sensorHTTP reading01User: 2.2
2020-12-31_23:23:05 rs_sensorHTTP reading01User: 2.2
2020-12-31_23:33:05 rs_sensorHTTP reading01User: 2.2
2020-12-31_23:43:04 rs_sensorHTTP reading01User: 2.3
2020-12-31_23:53:05 rs_sensorHTTP reading01User: 2.3
